[2025-04-04T09:08:24.661+0000] {taskinstance.py:1083} INFO - Dependencies all met for <TaskInstance: download_and_store_images.upload_images scheduled__2024-01-03T00:00:00+00:00 [queued]>
[2025-04-04T09:08:24.728+0000] {taskinstance.py:1083} INFO - Dependencies all met for <TaskInstance: download_and_store_images.upload_images scheduled__2024-01-03T00:00:00+00:00 [queued]>
[2025-04-04T09:08:24.729+0000] {taskinstance.py:1279} INFO - 
--------------------------------------------------------------------------------
[2025-04-04T09:08:24.730+0000] {taskinstance.py:1280} INFO - Starting attempt 1 of 2
[2025-04-04T09:08:24.736+0000] {taskinstance.py:1281} INFO - 
--------------------------------------------------------------------------------
[2025-04-04T09:08:24.873+0000] {taskinstance.py:1300} INFO - Executing <Task(PythonOperator): upload_images> on 2024-01-03 00:00:00+00:00
[2025-04-04T09:08:24.903+0000] {standard_task_runner.py:55} INFO - Started process 2998 to run task
[2025-04-04T09:08:24.942+0000] {standard_task_runner.py:82} INFO - Running: ['***', 'tasks', 'run', 'download_and_store_images', 'upload_images', 'scheduled__2024-01-03T00:00:00+00:00', '--job-id', '740', '--raw', '--subdir', 'DAGS_FOLDER/dag_data_collect.py', '--cfg-path', '/tmp/tmpf9nsypa_']
[2025-04-04T09:08:24.946+0000] {standard_task_runner.py:83} INFO - Job 740: Subtask upload_images
[2025-04-04T09:08:25.007+0000] {warnings.py:110} WARNING - /home/***/.local/lib/python3.7/site-packages/***/settings.py:249: DeprecationWarning: The sql_alchemy_conn option in [core] has been moved to the sql_alchemy_conn option in [database] - the old setting has been used, but please update your config.
  SQL_ALCHEMY_CONN = conf.get("database", "SQL_ALCHEMY_CONN")

[2025-04-04T09:08:25.108+0000] {warnings.py:110} WARNING - /home/***/.local/lib/python3.7/site-packages/***/utils/sqlalchemy.py:124: DeprecationWarning: The sql_alchemy_conn option in [core] has been moved to the sql_alchemy_conn option in [database] - the old setting has been used, but please update your config.
  return not conf.get("database", "sql_alchemy_conn").startswith("mssql")

[2025-04-04T09:08:25.360+0000] {task_command.py:388} INFO - Running <TaskInstance: download_and_store_images.upload_images scheduled__2024-01-03T00:00:00+00:00 [running]> on host 91a2461e5846
[2025-04-04T09:08:26.135+0000] {taskinstance.py:1509} INFO - Exporting the following env vars:
AIRFLOW_CTX_DAG_OWNER=***
AIRFLOW_CTX_DAG_ID=download_and_store_images
AIRFLOW_CTX_TASK_ID=upload_images
AIRFLOW_CTX_EXECUTION_DATE=2024-01-03T00:00:00+00:00
AIRFLOW_CTX_TRY_NUMBER=1
AIRFLOW_CTX_DAG_RUN_ID=scheduled__2024-01-03T00:00:00+00:00
[2025-04-04T09:08:26.201+0000] {base.py:73} INFO - Using connection ID 'minio_s3' for task execution.
[2025-04-04T09:08:26.221+0000] {connection_wrapper.py:334} INFO - AWS Connection (conn_id='minio_s3', conn_type='aws') credentials retrieved from login and password.
[2025-04-04T09:08:26.226+0000] {warnings.py:110} WARNING - /home/***/.local/lib/python3.7/site-packages/***/providers/amazon/aws/utils/connection_wrapper.py:8: DeprecationWarning: extra['host'] is deprecated and will be removed in a future release. Please set extra['endpoint_url'] instead
  #

[2025-04-04T09:08:30.871+0000] {base.py:73} INFO - Using connection ID 'minio_s3' for task execution.
[2025-04-04T09:08:30.876+0000] {connection_wrapper.py:334} INFO - AWS Connection (conn_id='minio_s3', conn_type='aws') credentials retrieved from login and password.
[2025-04-04T09:08:33.566+0000] {local_task_job.py:112} ERROR - Received SIGTERM. Terminating subprocesses
[2025-04-04T09:08:33.714+0000] {process_utils.py:133} INFO - Sending Signals.SIGTERM to group 2998. PIDs of all processes in the group: [2998]
[2025-04-04T09:08:33.720+0000] {process_utils.py:84} INFO - Sending the signal Signals.SIGTERM to group 2998
[2025-04-04T09:08:33.858+0000] {taskinstance.py:1479} ERROR - Received SIGTERM. Terminating subprocesses.
[2025-04-04T09:08:33.859+0000] {logging_mixin.py:137} WARNING - Exception ignored in: <function WeakKeyDictionary.__init__.<locals>.remove at 0x7f0f060cdd40>
[2025-04-04T09:08:33.862+0000] {logging_mixin.py:137} WARNING - Traceback (most recent call last):
[2025-04-04T09:08:33.863+0000] {logging_mixin.py:137} WARNING -   File "/usr/local/lib/python3.7/weakref.py", line 358, in remove
[2025-04-04T09:08:33.864+0000] {logging_mixin.py:137} WARNING -     def remove(k, selfref=ref(self)):
[2025-04-04T09:08:33.867+0000] {logging_mixin.py:137} WARNING -   File "/home/***/.local/lib/python3.7/site-packages/***/models/taskinstance.py", line 1481, in signal_handler
[2025-04-04T09:08:33.868+0000] {logging_mixin.py:137} WARNING -     raise AirflowException("Task received SIGTERM signal")
[2025-04-04T09:08:33.869+0000] {logging_mixin.py:137} WARNING - ***.exceptions.AirflowException: Task received SIGTERM signal
[2025-04-04T09:08:40.622+0000] {local_task_job.py:112} ERROR - Received SIGTERM. Terminating subprocesses
