[2025-04-04T15:55:54.145+0000] {taskinstance.py:1083} INFO - Dependencies all met for <TaskInstance: download_and_store_images.download_and_upload_images scheduled__2025-04-03T15:29:26.247652+00:00 [queued]>
[2025-04-04T15:55:54.425+0000] {taskinstance.py:1083} INFO - Dependencies all met for <TaskInstance: download_and_store_images.download_and_upload_images scheduled__2025-04-03T15:29:26.247652+00:00 [queued]>
[2025-04-04T15:55:54.434+0000] {taskinstance.py:1279} INFO - 
--------------------------------------------------------------------------------
[2025-04-04T15:55:54.437+0000] {taskinstance.py:1280} INFO - Starting attempt 2 of 2
[2025-04-04T15:55:54.441+0000] {taskinstance.py:1281} INFO - 
--------------------------------------------------------------------------------
[2025-04-04T15:55:55.627+0000] {taskinstance.py:1300} INFO - Executing <Task(PythonOperator): download_and_upload_images> on 2025-04-03 15:29:26.247652+00:00
[2025-04-04T15:55:56.081+0000] {standard_task_runner.py:55} INFO - Started process 1068 to run task
[2025-04-04T15:55:56.240+0000] {standard_task_runner.py:82} INFO - Running: ['***', 'tasks', 'run', 'download_and_store_images', 'download_and_upload_images', 'scheduled__2025-04-03T15:29:26.247652+00:00', '--job-id', '826', '--raw', '--subdir', 'DAGS_FOLDER/dag_data_collect.py', '--cfg-path', '/tmp/tmpg0n3ru4n']
[2025-04-04T15:55:56.262+0000] {standard_task_runner.py:83} INFO - Job 826: Subtask download_and_upload_images
[2025-04-04T15:55:56.521+0000] {warnings.py:110} WARNING - /home/***/.local/lib/python3.7/site-packages/***/settings.py:249: DeprecationWarning: The sql_alchemy_conn option in [core] has been moved to the sql_alchemy_conn option in [database] - the old setting has been used, but please update your config.
  SQL_ALCHEMY_CONN = conf.get("database", "SQL_ALCHEMY_CONN")

[2025-04-04T15:55:56.902+0000] {warnings.py:110} WARNING - /home/***/.local/lib/python3.7/site-packages/***/utils/sqlalchemy.py:124: DeprecationWarning: The sql_alchemy_conn option in [core] has been moved to the sql_alchemy_conn option in [database] - the old setting has been used, but please update your config.
  return not conf.get("database", "sql_alchemy_conn").startswith("mssql")

[2025-04-04T15:55:57.256+0000] {task_command.py:388} INFO - Running <TaskInstance: download_and_store_images.download_and_upload_images scheduled__2025-04-03T15:29:26.247652+00:00 [running]> on host fd5deae9c635
[2025-04-04T15:56:06.337+0000] {taskinstance.py:1509} INFO - Exporting the following env vars:
AIRFLOW_CTX_DAG_OWNER=***
AIRFLOW_CTX_DAG_ID=download_and_store_images
AIRFLOW_CTX_TASK_ID=download_and_upload_images
AIRFLOW_CTX_EXECUTION_DATE=2025-04-03T15:29:26.247652+00:00
AIRFLOW_CTX_TRY_NUMBER=2
AIRFLOW_CTX_DAG_RUN_ID=scheduled__2025-04-03T15:29:26.247652+00:00
[2025-04-04T15:56:09.000+0000] {base.py:73} INFO - Using connection ID 'minio_s3' for task execution.
[2025-04-04T15:56:09.024+0000] {connection_wrapper.py:334} INFO - AWS Connection (conn_id='minio_s3', conn_type='aws') credentials retrieved from login and password.
[2025-04-04T15:56:09.046+0000] {warnings.py:110} WARNING - /home/***/.local/lib/python3.7/site-packages/***/providers/amazon/aws/utils/connection_wrapper.py:8: DeprecationWarning: extra['host'] is deprecated and will be removed in a future release. Please set extra['endpoint_url'] instead
  #

[2025-04-04T15:56:24.500+0000] {base.py:73} INFO - Using connection ID 'minio_s3' for task execution.
[2025-04-04T15:56:24.508+0000] {connection_wrapper.py:334} INFO - AWS Connection (conn_id='minio_s3', conn_type='aws') credentials retrieved from login and password.
[2025-04-04T15:56:38.035+0000] {base.py:73} INFO - Using connection ID 'minio_s3' for task execution.
[2025-04-04T15:56:38.047+0000] {connection_wrapper.py:334} INFO - AWS Connection (conn_id='minio_s3', conn_type='aws') credentials retrieved from login and password.
[2025-04-04T15:56:42.447+0000] {base.py:73} INFO - Using connection ID 'minio_s3' for task execution.
[2025-04-04T15:56:42.452+0000] {connection_wrapper.py:334} INFO - AWS Connection (conn_id='minio_s3', conn_type='aws') credentials retrieved from login and password.
[2025-04-04T15:56:49.946+0000] {base.py:73} INFO - Using connection ID 'minio_s3' for task execution.
[2025-04-04T15:56:49.948+0000] {connection_wrapper.py:334} INFO - AWS Connection (conn_id='minio_s3', conn_type='aws') credentials retrieved from login and password.
[2025-04-04T15:56:54.755+0000] {base.py:73} INFO - Using connection ID 'minio_s3' for task execution.
[2025-04-04T15:56:54.757+0000] {connection_wrapper.py:334} INFO - AWS Connection (conn_id='minio_s3', conn_type='aws') credentials retrieved from login and password.
[2025-04-04T15:56:59.382+0000] {base.py:73} INFO - Using connection ID 'minio_s3' for task execution.
[2025-04-04T15:56:59.386+0000] {connection_wrapper.py:334} INFO - AWS Connection (conn_id='minio_s3', conn_type='aws') credentials retrieved from login and password.
[2025-04-04T15:57:02.985+0000] {base.py:73} INFO - Using connection ID 'minio_s3' for task execution.
[2025-04-04T15:57:02.996+0000] {connection_wrapper.py:334} INFO - AWS Connection (conn_id='minio_s3', conn_type='aws') credentials retrieved from login and password.
[2025-04-04T15:57:06.740+0000] {base.py:73} INFO - Using connection ID 'minio_s3' for task execution.
[2025-04-04T15:57:06.747+0000] {connection_wrapper.py:334} INFO - AWS Connection (conn_id='minio_s3', conn_type='aws') credentials retrieved from login and password.
[2025-04-04T15:57:13.666+0000] {base.py:73} INFO - Using connection ID 'minio_s3' for task execution.
[2025-04-04T15:57:13.709+0000] {connection_wrapper.py:334} INFO - AWS Connection (conn_id='minio_s3', conn_type='aws') credentials retrieved from login and password.
[2025-04-04T15:57:21.706+0000] {base.py:73} INFO - Using connection ID 'minio_s3' for task execution.
[2025-04-04T15:57:21.709+0000] {connection_wrapper.py:334} INFO - AWS Connection (conn_id='minio_s3', conn_type='aws') credentials retrieved from login and password.
[2025-04-04T15:57:33.195+0000] {base.py:73} INFO - Using connection ID 'minio_s3' for task execution.
[2025-04-04T15:57:33.201+0000] {connection_wrapper.py:334} INFO - AWS Connection (conn_id='minio_s3', conn_type='aws') credentials retrieved from login and password.
[2025-04-04T15:57:44.526+0000] {base.py:73} INFO - Using connection ID 'minio_s3' for task execution.
[2025-04-04T15:57:44.531+0000] {connection_wrapper.py:334} INFO - AWS Connection (conn_id='minio_s3', conn_type='aws') credentials retrieved from login and password.
[2025-04-04T15:57:52.343+0000] {base.py:73} INFO - Using connection ID 'minio_s3' for task execution.
[2025-04-04T15:57:52.345+0000] {connection_wrapper.py:334} INFO - AWS Connection (conn_id='minio_s3', conn_type='aws') credentials retrieved from login and password.
[2025-04-04T15:58:01.087+0000] {base.py:73} INFO - Using connection ID 'minio_s3' for task execution.
[2025-04-04T15:58:01.092+0000] {connection_wrapper.py:334} INFO - AWS Connection (conn_id='minio_s3', conn_type='aws') credentials retrieved from login and password.
[2025-04-04T15:58:10.958+0000] {base.py:73} INFO - Using connection ID 'minio_s3' for task execution.
[2025-04-04T15:58:10.961+0000] {connection_wrapper.py:334} INFO - AWS Connection (conn_id='minio_s3', conn_type='aws') credentials retrieved from login and password.
[2025-04-04T15:58:21.558+0000] {base.py:73} INFO - Using connection ID 'minio_s3' for task execution.
[2025-04-04T15:58:21.564+0000] {connection_wrapper.py:334} INFO - AWS Connection (conn_id='minio_s3', conn_type='aws') credentials retrieved from login and password.
[2025-04-04T15:58:35.860+0000] {base.py:73} INFO - Using connection ID 'minio_s3' for task execution.
[2025-04-04T15:58:35.980+0000] {connection_wrapper.py:334} INFO - AWS Connection (conn_id='minio_s3', conn_type='aws') credentials retrieved from login and password.
[2025-04-04T15:58:51.620+0000] {base.py:73} INFO - Using connection ID 'minio_s3' for task execution.
[2025-04-04T15:58:51.715+0000] {connection_wrapper.py:334} INFO - AWS Connection (conn_id='minio_s3', conn_type='aws') credentials retrieved from login and password.
[2025-04-04T15:59:03.658+0000] {base.py:73} INFO - Using connection ID 'minio_s3' for task execution.
[2025-04-04T15:59:03.742+0000] {connection_wrapper.py:334} INFO - AWS Connection (conn_id='minio_s3', conn_type='aws') credentials retrieved from login and password.
[2025-04-04T15:59:19.517+0000] {base.py:73} INFO - Using connection ID 'minio_s3' for task execution.
[2025-04-04T15:59:19.523+0000] {connection_wrapper.py:334} INFO - AWS Connection (conn_id='minio_s3', conn_type='aws') credentials retrieved from login and password.
[2025-04-04T15:59:35.731+0000] {base.py:73} INFO - Using connection ID 'minio_s3' for task execution.
[2025-04-04T15:59:35.783+0000] {connection_wrapper.py:334} INFO - AWS Connection (conn_id='minio_s3', conn_type='aws') credentials retrieved from login and password.
[2025-04-04T15:59:50.494+0000] {base.py:73} INFO - Using connection ID 'minio_s3' for task execution.
[2025-04-04T15:59:50.505+0000] {connection_wrapper.py:334} INFO - AWS Connection (conn_id='minio_s3', conn_type='aws') credentials retrieved from login and password.
[2025-04-04T16:00:02.227+0000] {base.py:73} INFO - Using connection ID 'minio_s3' for task execution.
[2025-04-04T16:00:02.233+0000] {connection_wrapper.py:334} INFO - AWS Connection (conn_id='minio_s3', conn_type='aws') credentials retrieved from login and password.
[2025-04-04T16:00:17.829+0000] {base.py:73} INFO - Using connection ID 'minio_s3' for task execution.
[2025-04-04T16:00:17.847+0000] {connection_wrapper.py:334} INFO - AWS Connection (conn_id='minio_s3', conn_type='aws') credentials retrieved from login and password.
[2025-04-04T16:00:35.641+0000] {base.py:73} INFO - Using connection ID 'minio_s3' for task execution.
[2025-04-04T16:00:35.661+0000] {connection_wrapper.py:334} INFO - AWS Connection (conn_id='minio_s3', conn_type='aws') credentials retrieved from login and password.
[2025-04-04T16:00:49.057+0000] {base.py:73} INFO - Using connection ID 'minio_s3' for task execution.
[2025-04-04T16:00:49.073+0000] {connection_wrapper.py:334} INFO - AWS Connection (conn_id='minio_s3', conn_type='aws') credentials retrieved from login and password.
[2025-04-04T16:01:57.237+0000] {base.py:73} INFO - Using connection ID 'minio_s3' for task execution.
[2025-04-04T16:01:57.300+0000] {connection_wrapper.py:334} INFO - AWS Connection (conn_id='minio_s3', conn_type='aws') credentials retrieved from login and password.
[2025-04-04T16:04:26.455+0000] {base.py:73} INFO - Using connection ID 'minio_s3' for task execution.
[2025-04-04T16:04:26.461+0000] {connection_wrapper.py:334} INFO - AWS Connection (conn_id='minio_s3', conn_type='aws') credentials retrieved from login and password.
[2025-04-04T16:06:05.358+0000] {base.py:73} INFO - Using connection ID 'minio_s3' for task execution.
[2025-04-04T16:06:05.478+0000] {connection_wrapper.py:334} INFO - AWS Connection (conn_id='minio_s3', conn_type='aws') credentials retrieved from login and password.
[2025-04-04T16:06:50.324+0000] {base.py:73} INFO - Using connection ID 'minio_s3' for task execution.
[2025-04-04T16:06:50.345+0000] {connection_wrapper.py:334} INFO - AWS Connection (conn_id='minio_s3', conn_type='aws') credentials retrieved from login and password.
[2025-04-04T16:06:57.762+0000] {base.py:73} INFO - Using connection ID 'minio_s3' for task execution.
[2025-04-04T16:06:57.769+0000] {connection_wrapper.py:334} INFO - AWS Connection (conn_id='minio_s3', conn_type='aws') credentials retrieved from login and password.
[2025-04-04T16:07:07.604+0000] {base.py:73} INFO - Using connection ID 'minio_s3' for task execution.
[2025-04-04T16:07:07.646+0000] {connection_wrapper.py:334} INFO - AWS Connection (conn_id='minio_s3', conn_type='aws') credentials retrieved from login and password.
[2025-04-04T16:07:17.538+0000] {base.py:73} INFO - Using connection ID 'minio_s3' for task execution.
[2025-04-04T16:07:17.548+0000] {connection_wrapper.py:334} INFO - AWS Connection (conn_id='minio_s3', conn_type='aws') credentials retrieved from login and password.
[2025-04-04T16:07:26.799+0000] {base.py:73} INFO - Using connection ID 'minio_s3' for task execution.
[2025-04-04T16:07:26.803+0000] {connection_wrapper.py:334} INFO - AWS Connection (conn_id='minio_s3', conn_type='aws') credentials retrieved from login and password.
[2025-04-04T16:07:31.729+0000] {base.py:73} INFO - Using connection ID 'minio_s3' for task execution.
[2025-04-04T16:07:31.736+0000] {connection_wrapper.py:334} INFO - AWS Connection (conn_id='minio_s3', conn_type='aws') credentials retrieved from login and password.
[2025-04-04T16:07:42.382+0000] {base.py:73} INFO - Using connection ID 'minio_s3' for task execution.
[2025-04-04T16:07:42.400+0000] {connection_wrapper.py:334} INFO - AWS Connection (conn_id='minio_s3', conn_type='aws') credentials retrieved from login and password.
[2025-04-04T16:07:50.361+0000] {base.py:73} INFO - Using connection ID 'minio_s3' for task execution.
[2025-04-04T16:07:50.407+0000] {connection_wrapper.py:334} INFO - AWS Connection (conn_id='minio_s3', conn_type='aws') credentials retrieved from login and password.
[2025-04-04T16:08:08.276+0000] {base.py:73} INFO - Using connection ID 'minio_s3' for task execution.
[2025-04-04T16:08:08.284+0000] {connection_wrapper.py:334} INFO - AWS Connection (conn_id='minio_s3', conn_type='aws') credentials retrieved from login and password.
[2025-04-04T16:08:19.798+0000] {base.py:73} INFO - Using connection ID 'minio_s3' for task execution.
[2025-04-04T16:08:19.801+0000] {connection_wrapper.py:334} INFO - AWS Connection (conn_id='minio_s3', conn_type='aws') credentials retrieved from login and password.
[2025-04-04T16:08:29.729+0000] {base.py:73} INFO - Using connection ID 'minio_s3' for task execution.
[2025-04-04T16:08:29.757+0000] {connection_wrapper.py:334} INFO - AWS Connection (conn_id='minio_s3', conn_type='aws') credentials retrieved from login and password.
[2025-04-04T16:08:43.148+0000] {base.py:73} INFO - Using connection ID 'minio_s3' for task execution.
[2025-04-04T16:08:43.168+0000] {connection_wrapper.py:334} INFO - AWS Connection (conn_id='minio_s3', conn_type='aws') credentials retrieved from login and password.
[2025-04-04T16:08:58.215+0000] {base.py:73} INFO - Using connection ID 'minio_s3' for task execution.
[2025-04-04T16:08:58.217+0000] {connection_wrapper.py:334} INFO - AWS Connection (conn_id='minio_s3', conn_type='aws') credentials retrieved from login and password.
[2025-04-04T16:09:11.400+0000] {base.py:73} INFO - Using connection ID 'minio_s3' for task execution.
[2025-04-04T16:09:11.419+0000] {connection_wrapper.py:334} INFO - AWS Connection (conn_id='minio_s3', conn_type='aws') credentials retrieved from login and password.
[2025-04-04T16:09:24.438+0000] {base.py:73} INFO - Using connection ID 'minio_s3' for task execution.
[2025-04-04T16:09:24.464+0000] {connection_wrapper.py:334} INFO - AWS Connection (conn_id='minio_s3', conn_type='aws') credentials retrieved from login and password.
[2025-04-04T16:09:49.039+0000] {base.py:73} INFO - Using connection ID 'minio_s3' for task execution.
[2025-04-04T16:09:49.073+0000] {connection_wrapper.py:334} INFO - AWS Connection (conn_id='minio_s3', conn_type='aws') credentials retrieved from login and password.
[2025-04-04T16:10:39.694+0000] {base.py:73} INFO - Using connection ID 'minio_s3' for task execution.
[2025-04-04T16:10:39.731+0000] {connection_wrapper.py:334} INFO - AWS Connection (conn_id='minio_s3', conn_type='aws') credentials retrieved from login and password.
[2025-04-04T16:11:18.576+0000] {base.py:73} INFO - Using connection ID 'minio_s3' for task execution.
[2025-04-04T16:11:18.714+0000] {connection_wrapper.py:334} INFO - AWS Connection (conn_id='minio_s3', conn_type='aws') credentials retrieved from login and password.
[2025-04-04T16:11:42.460+0000] {base.py:73} INFO - Using connection ID 'minio_s3' for task execution.
[2025-04-04T16:11:42.500+0000] {connection_wrapper.py:334} INFO - AWS Connection (conn_id='minio_s3', conn_type='aws') credentials retrieved from login and password.
[2025-04-04T16:11:56.044+0000] {base.py:73} INFO - Using connection ID 'minio_s3' for task execution.
[2025-04-04T16:11:56.101+0000] {connection_wrapper.py:334} INFO - AWS Connection (conn_id='minio_s3', conn_type='aws') credentials retrieved from login and password.
[2025-04-04T16:12:07.634+0000] {base.py:73} INFO - Using connection ID 'minio_s3' for task execution.
[2025-04-04T16:12:07.650+0000] {connection_wrapper.py:334} INFO - AWS Connection (conn_id='minio_s3', conn_type='aws') credentials retrieved from login and password.
[2025-04-04T16:12:50.315+0000] {base.py:73} INFO - Using connection ID 'minio_s3' for task execution.
[2025-04-04T16:12:50.336+0000] {connection_wrapper.py:334} INFO - AWS Connection (conn_id='minio_s3', conn_type='aws') credentials retrieved from login and password.
[2025-04-04T16:16:48.536+0000] {base.py:73} INFO - Using connection ID 'minio_s3' for task execution.
[2025-04-04T16:16:48.572+0000] {connection_wrapper.py:334} INFO - AWS Connection (conn_id='minio_s3', conn_type='aws') credentials retrieved from login and password.
[2025-04-04T16:19:03.911+0000] {base.py:73} INFO - Using connection ID 'minio_s3' for task execution.
[2025-04-04T16:19:03.947+0000] {connection_wrapper.py:334} INFO - AWS Connection (conn_id='minio_s3', conn_type='aws') credentials retrieved from login and password.
[2025-04-04T16:19:14.100+0000] {base.py:73} INFO - Using connection ID 'minio_s3' for task execution.
[2025-04-04T16:19:14.106+0000] {connection_wrapper.py:334} INFO - AWS Connection (conn_id='minio_s3', conn_type='aws') credentials retrieved from login and password.
[2025-04-04T16:19:23.987+0000] {base.py:73} INFO - Using connection ID 'minio_s3' for task execution.
[2025-04-04T16:19:24.009+0000] {connection_wrapper.py:334} INFO - AWS Connection (conn_id='minio_s3', conn_type='aws') credentials retrieved from login and password.
[2025-04-04T16:19:29.117+0000] {base.py:73} INFO - Using connection ID 'minio_s3' for task execution.
[2025-04-04T16:19:29.142+0000] {connection_wrapper.py:334} INFO - AWS Connection (conn_id='minio_s3', conn_type='aws') credentials retrieved from login and password.
[2025-04-04T16:19:35.341+0000] {base.py:73} INFO - Using connection ID 'minio_s3' for task execution.
[2025-04-04T16:19:35.363+0000] {connection_wrapper.py:334} INFO - AWS Connection (conn_id='minio_s3', conn_type='aws') credentials retrieved from login and password.
[2025-04-04T16:19:39.754+0000] {base.py:73} INFO - Using connection ID 'minio_s3' for task execution.
[2025-04-04T16:19:39.773+0000] {connection_wrapper.py:334} INFO - AWS Connection (conn_id='minio_s3', conn_type='aws') credentials retrieved from login and password.
[2025-04-04T16:19:43.058+0000] {base.py:73} INFO - Using connection ID 'minio_s3' for task execution.
[2025-04-04T16:19:43.069+0000] {connection_wrapper.py:334} INFO - AWS Connection (conn_id='minio_s3', conn_type='aws') credentials retrieved from login and password.
[2025-04-04T16:19:48.799+0000] {base.py:73} INFO - Using connection ID 'minio_s3' for task execution.
[2025-04-04T16:19:48.857+0000] {connection_wrapper.py:334} INFO - AWS Connection (conn_id='minio_s3', conn_type='aws') credentials retrieved from login and password.
[2025-04-04T16:19:53.488+0000] {base.py:73} INFO - Using connection ID 'minio_s3' for task execution.
[2025-04-04T16:19:53.495+0000] {connection_wrapper.py:334} INFO - AWS Connection (conn_id='minio_s3', conn_type='aws') credentials retrieved from login and password.
[2025-04-04T16:20:02.556+0000] {base.py:73} INFO - Using connection ID 'minio_s3' for task execution.
[2025-04-04T16:20:02.590+0000] {connection_wrapper.py:334} INFO - AWS Connection (conn_id='minio_s3', conn_type='aws') credentials retrieved from login and password.
[2025-04-04T16:20:14.549+0000] {base.py:73} INFO - Using connection ID 'minio_s3' for task execution.
[2025-04-04T16:20:14.564+0000] {connection_wrapper.py:334} INFO - AWS Connection (conn_id='minio_s3', conn_type='aws') credentials retrieved from login and password.
[2025-04-04T16:20:25.228+0000] {base.py:73} INFO - Using connection ID 'minio_s3' for task execution.
[2025-04-04T16:20:25.238+0000] {connection_wrapper.py:334} INFO - AWS Connection (conn_id='minio_s3', conn_type='aws') credentials retrieved from login and password.
[2025-04-04T16:20:35.344+0000] {base.py:73} INFO - Using connection ID 'minio_s3' for task execution.
[2025-04-04T16:20:35.358+0000] {connection_wrapper.py:334} INFO - AWS Connection (conn_id='minio_s3', conn_type='aws') credentials retrieved from login and password.
[2025-04-04T16:20:48.500+0000] {base.py:73} INFO - Using connection ID 'minio_s3' for task execution.
[2025-04-04T16:20:48.554+0000] {connection_wrapper.py:334} INFO - AWS Connection (conn_id='minio_s3', conn_type='aws') credentials retrieved from login and password.
[2025-04-04T16:21:09.213+0000] {base.py:73} INFO - Using connection ID 'minio_s3' for task execution.
[2025-04-04T16:21:09.289+0000] {connection_wrapper.py:334} INFO - AWS Connection (conn_id='minio_s3', conn_type='aws') credentials retrieved from login and password.
[2025-04-04T16:22:25.593+0000] {base.py:73} INFO - Using connection ID 'minio_s3' for task execution.
[2025-04-04T16:22:25.686+0000] {connection_wrapper.py:334} INFO - AWS Connection (conn_id='minio_s3', conn_type='aws') credentials retrieved from login and password.
[2025-04-04T16:23:48.081+0000] {base.py:73} INFO - Using connection ID 'minio_s3' for task execution.
[2025-04-04T16:23:48.182+0000] {connection_wrapper.py:334} INFO - AWS Connection (conn_id='minio_s3', conn_type='aws') credentials retrieved from login and password.
[2025-04-04T16:24:09.324+0000] {base.py:73} INFO - Using connection ID 'minio_s3' for task execution.
[2025-04-04T16:24:09.343+0000] {connection_wrapper.py:334} INFO - AWS Connection (conn_id='minio_s3', conn_type='aws') credentials retrieved from login and password.
[2025-04-04T16:24:17.868+0000] {base.py:73} INFO - Using connection ID 'minio_s3' for task execution.
[2025-04-04T16:24:17.925+0000] {connection_wrapper.py:334} INFO - AWS Connection (conn_id='minio_s3', conn_type='aws') credentials retrieved from login and password.
[2025-04-04T16:24:24.677+0000] {base.py:73} INFO - Using connection ID 'minio_s3' for task execution.
[2025-04-04T16:24:24.685+0000] {connection_wrapper.py:334} INFO - AWS Connection (conn_id='minio_s3', conn_type='aws') credentials retrieved from login and password.
[2025-04-04T16:24:33.352+0000] {base.py:73} INFO - Using connection ID 'minio_s3' for task execution.
[2025-04-04T16:24:33.372+0000] {connection_wrapper.py:334} INFO - AWS Connection (conn_id='minio_s3', conn_type='aws') credentials retrieved from login and password.
[2025-04-04T16:24:46.413+0000] {base.py:73} INFO - Using connection ID 'minio_s3' for task execution.
[2025-04-04T16:24:46.443+0000] {connection_wrapper.py:334} INFO - AWS Connection (conn_id='minio_s3', conn_type='aws') credentials retrieved from login and password.
[2025-04-04T16:24:50.322+0000] {base.py:73} INFO - Using connection ID 'minio_s3' for task execution.
[2025-04-04T16:24:50.335+0000] {connection_wrapper.py:334} INFO - AWS Connection (conn_id='minio_s3', conn_type='aws') credentials retrieved from login and password.
[2025-04-04T16:24:55.732+0000] {base.py:73} INFO - Using connection ID 'minio_s3' for task execution.
[2025-04-04T16:24:55.733+0000] {connection_wrapper.py:334} INFO - AWS Connection (conn_id='minio_s3', conn_type='aws') credentials retrieved from login and password.
[2025-04-04T16:25:00.237+0000] {base.py:73} INFO - Using connection ID 'minio_s3' for task execution.
[2025-04-04T16:25:00.242+0000] {connection_wrapper.py:334} INFO - AWS Connection (conn_id='minio_s3', conn_type='aws') credentials retrieved from login and password.
[2025-04-04T16:25:02.084+0000] {local_task_job.py:273} WARNING - State of this instance has been externally set to failed. Terminating instance.
[2025-04-04T16:25:02.227+0000] {process_utils.py:133} INFO - Sending Signals.SIGTERM to group 1068. PIDs of all processes in the group: [1068]
[2025-04-04T16:25:02.237+0000] {process_utils.py:84} INFO - Sending the signal Signals.SIGTERM to group 1068
[2025-04-04T16:25:02.243+0000] {taskinstance.py:1479} ERROR - Received SIGTERM. Terminating subprocesses.
[2025-04-04T16:25:02.260+0000] {entry_points.py:53} WARNING - Error when retrieving package metadata (skipping it): <importlib_metadata.PathDistribution object at 0x7fda82bd5a90>, Task received SIGTERM signal
[2025-04-04T16:25:04.822+0000] {base.py:73} INFO - Using connection ID 'minio_s3' for task execution.
[2025-04-04T16:25:04.833+0000] {connection_wrapper.py:334} INFO - AWS Connection (conn_id='minio_s3', conn_type='aws') credentials retrieved from login and password.
[2025-04-04T16:25:08.166+0000] {base.py:73} INFO - Using connection ID 'minio_s3' for task execution.
[2025-04-04T16:25:08.168+0000] {connection_wrapper.py:334} INFO - AWS Connection (conn_id='minio_s3', conn_type='aws') credentials retrieved from login and password.
[2025-04-04T16:25:15.282+0000] {base.py:73} INFO - Using connection ID 'minio_s3' for task execution.
[2025-04-04T16:25:15.293+0000] {connection_wrapper.py:334} INFO - AWS Connection (conn_id='minio_s3', conn_type='aws') credentials retrieved from login and password.
[2025-04-04T16:25:19.729+0000] {base.py:73} INFO - Using connection ID 'minio_s3' for task execution.
[2025-04-04T16:25:19.742+0000] {connection_wrapper.py:334} INFO - AWS Connection (conn_id='minio_s3', conn_type='aws') credentials retrieved from login and password.
[2025-04-04T16:25:25.319+0000] {base.py:73} INFO - Using connection ID 'minio_s3' for task execution.
[2025-04-04T16:25:25.326+0000] {connection_wrapper.py:334} INFO - AWS Connection (conn_id='minio_s3', conn_type='aws') credentials retrieved from login and password.
[2025-04-04T16:25:31.303+0000] {base.py:73} INFO - Using connection ID 'minio_s3' for task execution.
[2025-04-04T16:25:31.311+0000] {connection_wrapper.py:334} INFO - AWS Connection (conn_id='minio_s3', conn_type='aws') credentials retrieved from login and password.
[2025-04-04T16:25:34.209+0000] {base.py:73} INFO - Using connection ID 'minio_s3' for task execution.
[2025-04-04T16:25:34.211+0000] {connection_wrapper.py:334} INFO - AWS Connection (conn_id='minio_s3', conn_type='aws') credentials retrieved from login and password.
[2025-04-04T16:25:36.510+0000] {base.py:73} INFO - Using connection ID 'minio_s3' for task execution.
[2025-04-04T16:25:36.513+0000] {connection_wrapper.py:334} INFO - AWS Connection (conn_id='minio_s3', conn_type='aws') credentials retrieved from login and password.
[2025-04-04T16:25:39.661+0000] {base.py:73} INFO - Using connection ID 'minio_s3' for task execution.
[2025-04-04T16:25:39.667+0000] {connection_wrapper.py:334} INFO - AWS Connection (conn_id='minio_s3', conn_type='aws') credentials retrieved from login and password.
[2025-04-04T16:25:43.612+0000] {base.py:73} INFO - Using connection ID 'minio_s3' for task execution.
[2025-04-04T16:25:43.624+0000] {connection_wrapper.py:334} INFO - AWS Connection (conn_id='minio_s3', conn_type='aws') credentials retrieved from login and password.
[2025-04-04T16:25:46.624+0000] {base.py:73} INFO - Using connection ID 'minio_s3' for task execution.
[2025-04-04T16:25:46.630+0000] {connection_wrapper.py:334} INFO - AWS Connection (conn_id='minio_s3', conn_type='aws') credentials retrieved from login and password.
[2025-04-04T16:25:49.916+0000] {base.py:73} INFO - Using connection ID 'minio_s3' for task execution.
[2025-04-04T16:25:49.918+0000] {connection_wrapper.py:334} INFO - AWS Connection (conn_id='minio_s3', conn_type='aws') credentials retrieved from login and password.
[2025-04-04T16:25:52.253+0000] {base.py:73} INFO - Using connection ID 'minio_s3' for task execution.
[2025-04-04T16:25:52.263+0000] {connection_wrapper.py:334} INFO - AWS Connection (conn_id='minio_s3', conn_type='aws') credentials retrieved from login and password.
[2025-04-04T16:25:56.406+0000] {base.py:73} INFO - Using connection ID 'minio_s3' for task execution.
[2025-04-04T16:25:56.412+0000] {connection_wrapper.py:334} INFO - AWS Connection (conn_id='minio_s3', conn_type='aws') credentials retrieved from login and password.
[2025-04-04T16:25:59.704+0000] {base.py:73} INFO - Using connection ID 'minio_s3' for task execution.
[2025-04-04T16:25:59.714+0000] {connection_wrapper.py:334} INFO - AWS Connection (conn_id='minio_s3', conn_type='aws') credentials retrieved from login and password.
[2025-04-04T16:26:01.980+0000] {base.py:73} INFO - Using connection ID 'minio_s3' for task execution.
[2025-04-04T16:26:01.989+0000] {connection_wrapper.py:334} INFO - AWS Connection (conn_id='minio_s3', conn_type='aws') credentials retrieved from login and password.
[2025-04-04T16:26:02.258+0000] {process_utils.py:147} WARNING - process psutil.Process(pid=1068, name='airflow task ru', status='running', started='15:55:55') did not respond to SIGTERM. Trying SIGKILL
[2025-04-04T16:26:02.333+0000] {process_utils.py:84} INFO - Sending the signal Signals.SIGKILL to group 1068
[2025-04-04T16:26:02.862+0000] {process_utils.py:79} INFO - Process psutil.Process(pid=1068, name='airflow task ru', status='terminated', exitcode=<Negsignal.SIGKILL: -9>, started='15:55:55') (1068) terminated with exit code Negsignal.SIGKILL
[2025-04-04T16:26:02.870+0000] {standard_task_runner.py:170} ERROR - Job 826 was killed before it finished (likely due to running out of memory)
