[2025-05-12T07:12:56.523+0000] {processor.py:153} INFO - Started process (PID=59) to work on /opt/airflow/dags/pipeline_mlops_dag.py
[2025-05-12T07:12:56.541+0000] {processor.py:743} INFO - Processing file /opt/airflow/dags/pipeline_mlops_dag.py for tasks to queue
[2025-05-12T07:12:56.552+0000] {logging_mixin.py:137} INFO - [2025-05-12T07:12:56.550+0000] {dagbag.py:538} INFO - Filling up the DagBag from /opt/airflow/dags/pipeline_mlops_dag.py
[2025-05-12T07:12:56.982+0000] {processor.py:753} INFO - DAG(s) dict_keys(['pipeline_mlops']) retrieved from /opt/airflow/dags/pipeline_mlops_dag.py
[2025-05-12T07:12:57.246+0000] {logging_mixin.py:137} INFO - [2025-05-12T07:12:57.246+0000] {dag.py:2690} INFO - Sync 1 DAGs
[2025-05-12T07:12:57.403+0000] {logging_mixin.py:137} INFO - [2025-05-12T07:12:57.403+0000] {dag.py:3441} INFO - Setting next_dagrun for pipeline_mlops to None, run_after=None
[2025-05-12T07:12:57.458+0000] {processor.py:175} INFO - Processing /opt/airflow/dags/pipeline_mlops_dag.py took 0.967 seconds
[2025-05-12T07:13:27.664+0000] {processor.py:153} INFO - Started process (PID=60) to work on /opt/airflow/dags/pipeline_mlops_dag.py
[2025-05-12T07:13:27.665+0000] {processor.py:743} INFO - Processing file /opt/airflow/dags/pipeline_mlops_dag.py for tasks to queue
[2025-05-12T07:13:27.666+0000] {logging_mixin.py:137} INFO - [2025-05-12T07:13:27.666+0000] {dagbag.py:538} INFO - Filling up the DagBag from /opt/airflow/dags/pipeline_mlops_dag.py
[2025-05-12T07:13:27.700+0000] {processor.py:753} INFO - DAG(s) dict_keys(['pipeline_mlops']) retrieved from /opt/airflow/dags/pipeline_mlops_dag.py
[2025-05-12T07:13:27.748+0000] {logging_mixin.py:137} INFO - [2025-05-12T07:13:27.748+0000] {dag.py:2690} INFO - Sync 1 DAGs
[2025-05-12T07:13:27.779+0000] {logging_mixin.py:137} INFO - [2025-05-12T07:13:27.778+0000] {dag.py:3441} INFO - Setting next_dagrun for pipeline_mlops to None, run_after=None
[2025-05-12T07:13:27.794+0000] {processor.py:175} INFO - Processing /opt/airflow/dags/pipeline_mlops_dag.py took 0.133 seconds
[2025-05-12T07:13:57.894+0000] {processor.py:153} INFO - Started process (PID=61) to work on /opt/airflow/dags/pipeline_mlops_dag.py
[2025-05-12T07:13:57.897+0000] {processor.py:743} INFO - Processing file /opt/airflow/dags/pipeline_mlops_dag.py for tasks to queue
[2025-05-12T07:13:57.899+0000] {logging_mixin.py:137} INFO - [2025-05-12T07:13:57.899+0000] {dagbag.py:538} INFO - Filling up the DagBag from /opt/airflow/dags/pipeline_mlops_dag.py
[2025-05-12T07:13:57.931+0000] {processor.py:753} INFO - DAG(s) dict_keys(['pipeline_mlops']) retrieved from /opt/airflow/dags/pipeline_mlops_dag.py
[2025-05-12T07:13:57.963+0000] {logging_mixin.py:137} INFO - [2025-05-12T07:13:57.963+0000] {dag.py:2690} INFO - Sync 1 DAGs
[2025-05-12T07:13:57.985+0000] {logging_mixin.py:137} INFO - [2025-05-12T07:13:57.984+0000] {dag.py:3441} INFO - Setting next_dagrun for pipeline_mlops to None, run_after=None
[2025-05-12T07:13:58.002+0000] {processor.py:175} INFO - Processing /opt/airflow/dags/pipeline_mlops_dag.py took 0.115 seconds
[2025-05-12T07:14:28.135+0000] {processor.py:153} INFO - Started process (PID=62) to work on /opt/airflow/dags/pipeline_mlops_dag.py
[2025-05-12T07:14:28.136+0000] {processor.py:743} INFO - Processing file /opt/airflow/dags/pipeline_mlops_dag.py for tasks to queue
[2025-05-12T07:14:28.137+0000] {logging_mixin.py:137} INFO - [2025-05-12T07:14:28.137+0000] {dagbag.py:538} INFO - Filling up the DagBag from /opt/airflow/dags/pipeline_mlops_dag.py
[2025-05-12T07:14:28.162+0000] {processor.py:753} INFO - DAG(s) dict_keys(['pipeline_mlops']) retrieved from /opt/airflow/dags/pipeline_mlops_dag.py
[2025-05-12T07:14:28.185+0000] {logging_mixin.py:137} INFO - [2025-05-12T07:14:28.185+0000] {dag.py:2690} INFO - Sync 1 DAGs
[2025-05-12T07:14:28.214+0000] {logging_mixin.py:137} INFO - [2025-05-12T07:14:28.214+0000] {dag.py:3441} INFO - Setting next_dagrun for pipeline_mlops to None, run_after=None
[2025-05-12T07:14:28.236+0000] {processor.py:175} INFO - Processing /opt/airflow/dags/pipeline_mlops_dag.py took 0.104 seconds
[2025-05-12T07:14:58.339+0000] {processor.py:153} INFO - Started process (PID=63) to work on /opt/airflow/dags/pipeline_mlops_dag.py
[2025-05-12T07:14:58.341+0000] {processor.py:743} INFO - Processing file /opt/airflow/dags/pipeline_mlops_dag.py for tasks to queue
[2025-05-12T07:14:58.342+0000] {logging_mixin.py:137} INFO - [2025-05-12T07:14:58.342+0000] {dagbag.py:538} INFO - Filling up the DagBag from /opt/airflow/dags/pipeline_mlops_dag.py
[2025-05-12T07:14:58.364+0000] {processor.py:753} INFO - DAG(s) dict_keys(['pipeline_mlops']) retrieved from /opt/airflow/dags/pipeline_mlops_dag.py
[2025-05-12T07:14:58.391+0000] {logging_mixin.py:137} INFO - [2025-05-12T07:14:58.391+0000] {dag.py:2690} INFO - Sync 1 DAGs
[2025-05-12T07:14:58.417+0000] {logging_mixin.py:137} INFO - [2025-05-12T07:14:58.417+0000] {dag.py:3441} INFO - Setting next_dagrun for pipeline_mlops to None, run_after=None
[2025-05-12T07:14:58.623+0000] {processor.py:175} INFO - Processing /opt/airflow/dags/pipeline_mlops_dag.py took 0.286 seconds
[2025-05-12T07:15:28.853+0000] {processor.py:153} INFO - Started process (PID=64) to work on /opt/airflow/dags/pipeline_mlops_dag.py
[2025-05-12T07:15:28.854+0000] {processor.py:743} INFO - Processing file /opt/airflow/dags/pipeline_mlops_dag.py for tasks to queue
[2025-05-12T07:15:28.855+0000] {logging_mixin.py:137} INFO - [2025-05-12T07:15:28.855+0000] {dagbag.py:538} INFO - Filling up the DagBag from /opt/airflow/dags/pipeline_mlops_dag.py
[2025-05-12T07:15:28.982+0000] {processor.py:753} INFO - DAG(s) dict_keys(['pipeline_mlops']) retrieved from /opt/airflow/dags/pipeline_mlops_dag.py
[2025-05-12T07:15:29.008+0000] {logging_mixin.py:137} INFO - [2025-05-12T07:15:29.008+0000] {dag.py:2690} INFO - Sync 1 DAGs
[2025-05-12T07:15:29.028+0000] {logging_mixin.py:137} INFO - [2025-05-12T07:15:29.028+0000] {dag.py:3441} INFO - Setting next_dagrun for pipeline_mlops to None, run_after=None
[2025-05-12T07:15:29.045+0000] {processor.py:175} INFO - Processing /opt/airflow/dags/pipeline_mlops_dag.py took 0.194 seconds
[2025-05-12T07:15:59.388+0000] {processor.py:153} INFO - Started process (PID=65) to work on /opt/airflow/dags/pipeline_mlops_dag.py
[2025-05-12T07:15:59.389+0000] {processor.py:743} INFO - Processing file /opt/airflow/dags/pipeline_mlops_dag.py for tasks to queue
[2025-05-12T07:15:59.390+0000] {logging_mixin.py:137} INFO - [2025-05-12T07:15:59.390+0000] {dagbag.py:538} INFO - Filling up the DagBag from /opt/airflow/dags/pipeline_mlops_dag.py
[2025-05-12T07:15:59.418+0000] {processor.py:753} INFO - DAG(s) dict_keys(['pipeline_mlops']) retrieved from /opt/airflow/dags/pipeline_mlops_dag.py
[2025-05-12T07:15:59.445+0000] {logging_mixin.py:137} INFO - [2025-05-12T07:15:59.445+0000] {dag.py:2690} INFO - Sync 1 DAGs
[2025-05-12T07:15:59.471+0000] {logging_mixin.py:137} INFO - [2025-05-12T07:15:59.471+0000] {dag.py:3441} INFO - Setting next_dagrun for pipeline_mlops to None, run_after=None
[2025-05-12T07:15:59.499+0000] {processor.py:175} INFO - Processing /opt/airflow/dags/pipeline_mlops_dag.py took 0.116 seconds
[2025-05-12T07:16:29.571+0000] {processor.py:153} INFO - Started process (PID=66) to work on /opt/airflow/dags/pipeline_mlops_dag.py
[2025-05-12T07:16:29.574+0000] {processor.py:743} INFO - Processing file /opt/airflow/dags/pipeline_mlops_dag.py for tasks to queue
[2025-05-12T07:16:29.576+0000] {logging_mixin.py:137} INFO - [2025-05-12T07:16:29.576+0000] {dagbag.py:538} INFO - Filling up the DagBag from /opt/airflow/dags/pipeline_mlops_dag.py
[2025-05-12T07:16:29.608+0000] {processor.py:753} INFO - DAG(s) dict_keys(['pipeline_mlops']) retrieved from /opt/airflow/dags/pipeline_mlops_dag.py
[2025-05-12T07:16:29.630+0000] {logging_mixin.py:137} INFO - [2025-05-12T07:16:29.630+0000] {dag.py:2690} INFO - Sync 1 DAGs
[2025-05-12T07:16:29.650+0000] {logging_mixin.py:137} INFO - [2025-05-12T07:16:29.650+0000] {dag.py:3441} INFO - Setting next_dagrun for pipeline_mlops to None, run_after=None
[2025-05-12T07:16:29.667+0000] {processor.py:175} INFO - Processing /opt/airflow/dags/pipeline_mlops_dag.py took 0.101 seconds
[2025-05-12T07:16:59.875+0000] {processor.py:153} INFO - Started process (PID=67) to work on /opt/airflow/dags/pipeline_mlops_dag.py
[2025-05-12T07:16:59.876+0000] {processor.py:743} INFO - Processing file /opt/airflow/dags/pipeline_mlops_dag.py for tasks to queue
[2025-05-12T07:16:59.877+0000] {logging_mixin.py:137} INFO - [2025-05-12T07:16:59.877+0000] {dagbag.py:538} INFO - Filling up the DagBag from /opt/airflow/dags/pipeline_mlops_dag.py
[2025-05-12T07:16:59.896+0000] {processor.py:753} INFO - DAG(s) dict_keys(['pipeline_mlops']) retrieved from /opt/airflow/dags/pipeline_mlops_dag.py
[2025-05-12T07:16:59.918+0000] {logging_mixin.py:137} INFO - [2025-05-12T07:16:59.918+0000] {dag.py:2690} INFO - Sync 1 DAGs
[2025-05-12T07:16:59.940+0000] {logging_mixin.py:137} INFO - [2025-05-12T07:16:59.940+0000] {dag.py:3441} INFO - Setting next_dagrun for pipeline_mlops to None, run_after=None
[2025-05-12T07:16:59.959+0000] {processor.py:175} INFO - Processing /opt/airflow/dags/pipeline_mlops_dag.py took 0.086 seconds
[2025-05-12T07:17:30.131+0000] {processor.py:153} INFO - Started process (PID=68) to work on /opt/airflow/dags/pipeline_mlops_dag.py
[2025-05-12T07:17:30.132+0000] {processor.py:743} INFO - Processing file /opt/airflow/dags/pipeline_mlops_dag.py for tasks to queue
[2025-05-12T07:17:30.133+0000] {logging_mixin.py:137} INFO - [2025-05-12T07:17:30.133+0000] {dagbag.py:538} INFO - Filling up the DagBag from /opt/airflow/dags/pipeline_mlops_dag.py
[2025-05-12T07:17:30.158+0000] {processor.py:753} INFO - DAG(s) dict_keys(['pipeline_mlops']) retrieved from /opt/airflow/dags/pipeline_mlops_dag.py
[2025-05-12T07:17:30.181+0000] {logging_mixin.py:137} INFO - [2025-05-12T07:17:30.180+0000] {dag.py:2690} INFO - Sync 1 DAGs
[2025-05-12T07:17:30.207+0000] {logging_mixin.py:137} INFO - [2025-05-12T07:17:30.207+0000] {dag.py:3441} INFO - Setting next_dagrun for pipeline_mlops to None, run_after=None
[2025-05-12T07:17:30.344+0000] {processor.py:175} INFO - Processing /opt/airflow/dags/pipeline_mlops_dag.py took 0.215 seconds
[2025-05-12T07:18:00.618+0000] {processor.py:153} INFO - Started process (PID=69) to work on /opt/airflow/dags/pipeline_mlops_dag.py
[2025-05-12T07:18:00.620+0000] {processor.py:743} INFO - Processing file /opt/airflow/dags/pipeline_mlops_dag.py for tasks to queue
[2025-05-12T07:18:00.622+0000] {logging_mixin.py:137} INFO - [2025-05-12T07:18:00.622+0000] {dagbag.py:538} INFO - Filling up the DagBag from /opt/airflow/dags/pipeline_mlops_dag.py
[2025-05-12T07:18:00.655+0000] {processor.py:753} INFO - DAG(s) dict_keys(['pipeline_mlops']) retrieved from /opt/airflow/dags/pipeline_mlops_dag.py
[2025-05-12T07:18:00.680+0000] {logging_mixin.py:137} INFO - [2025-05-12T07:18:00.680+0000] {dag.py:2690} INFO - Sync 1 DAGs
[2025-05-12T07:18:00.704+0000] {logging_mixin.py:137} INFO - [2025-05-12T07:18:00.704+0000] {dag.py:3441} INFO - Setting next_dagrun for pipeline_mlops to None, run_after=None
[2025-05-12T07:18:00.726+0000] {processor.py:175} INFO - Processing /opt/airflow/dags/pipeline_mlops_dag.py took 0.117 seconds
[2025-05-12T07:18:30.783+0000] {processor.py:153} INFO - Started process (PID=70) to work on /opt/airflow/dags/pipeline_mlops_dag.py
[2025-05-12T07:18:30.784+0000] {processor.py:743} INFO - Processing file /opt/airflow/dags/pipeline_mlops_dag.py for tasks to queue
[2025-05-12T07:18:30.785+0000] {logging_mixin.py:137} INFO - [2025-05-12T07:18:30.785+0000] {dagbag.py:538} INFO - Filling up the DagBag from /opt/airflow/dags/pipeline_mlops_dag.py
[2025-05-12T07:18:30.819+0000] {processor.py:753} INFO - DAG(s) dict_keys(['pipeline_mlops']) retrieved from /opt/airflow/dags/pipeline_mlops_dag.py
[2025-05-12T07:18:30.847+0000] {logging_mixin.py:137} INFO - [2025-05-12T07:18:30.847+0000] {dag.py:2690} INFO - Sync 1 DAGs
[2025-05-12T07:18:30.870+0000] {logging_mixin.py:137} INFO - [2025-05-12T07:18:30.870+0000] {dag.py:3441} INFO - Setting next_dagrun for pipeline_mlops to None, run_after=None
[2025-05-12T07:18:30.887+0000] {processor.py:175} INFO - Processing /opt/airflow/dags/pipeline_mlops_dag.py took 0.107 seconds
[2025-05-12T07:19:01.197+0000] {processor.py:153} INFO - Started process (PID=71) to work on /opt/airflow/dags/pipeline_mlops_dag.py
[2025-05-12T07:19:01.206+0000] {processor.py:743} INFO - Processing file /opt/airflow/dags/pipeline_mlops_dag.py for tasks to queue
[2025-05-12T07:19:01.209+0000] {logging_mixin.py:137} INFO - [2025-05-12T07:19:01.208+0000] {dagbag.py:538} INFO - Filling up the DagBag from /opt/airflow/dags/pipeline_mlops_dag.py
[2025-05-12T07:19:01.251+0000] {processor.py:753} INFO - DAG(s) dict_keys(['pipeline_mlops']) retrieved from /opt/airflow/dags/pipeline_mlops_dag.py
[2025-05-12T07:19:01.274+0000] {logging_mixin.py:137} INFO - [2025-05-12T07:19:01.274+0000] {dag.py:2690} INFO - Sync 1 DAGs
[2025-05-12T07:19:01.298+0000] {logging_mixin.py:137} INFO - [2025-05-12T07:19:01.298+0000] {dag.py:3441} INFO - Setting next_dagrun for pipeline_mlops to None, run_after=None
[2025-05-12T07:19:01.315+0000] {processor.py:175} INFO - Processing /opt/airflow/dags/pipeline_mlops_dag.py took 0.156 seconds
[2025-05-12T07:19:31.507+0000] {processor.py:153} INFO - Started process (PID=72) to work on /opt/airflow/dags/pipeline_mlops_dag.py
[2025-05-12T07:19:31.508+0000] {processor.py:743} INFO - Processing file /opt/airflow/dags/pipeline_mlops_dag.py for tasks to queue
[2025-05-12T07:19:31.509+0000] {logging_mixin.py:137} INFO - [2025-05-12T07:19:31.509+0000] {dagbag.py:538} INFO - Filling up the DagBag from /opt/airflow/dags/pipeline_mlops_dag.py
[2025-05-12T07:19:31.531+0000] {processor.py:753} INFO - DAG(s) dict_keys(['pipeline_mlops']) retrieved from /opt/airflow/dags/pipeline_mlops_dag.py
[2025-05-12T07:19:31.552+0000] {logging_mixin.py:137} INFO - [2025-05-12T07:19:31.552+0000] {dag.py:2690} INFO - Sync 1 DAGs
[2025-05-12T07:19:31.576+0000] {logging_mixin.py:137} INFO - [2025-05-12T07:19:31.576+0000] {dag.py:3441} INFO - Setting next_dagrun for pipeline_mlops to None, run_after=None
[2025-05-12T07:19:31.592+0000] {processor.py:175} INFO - Processing /opt/airflow/dags/pipeline_mlops_dag.py took 0.087 seconds
[2025-05-12T07:20:01.712+0000] {processor.py:153} INFO - Started process (PID=73) to work on /opt/airflow/dags/pipeline_mlops_dag.py
[2025-05-12T07:20:01.712+0000] {processor.py:743} INFO - Processing file /opt/airflow/dags/pipeline_mlops_dag.py for tasks to queue
[2025-05-12T07:20:01.713+0000] {logging_mixin.py:137} INFO - [2025-05-12T07:20:01.713+0000] {dagbag.py:538} INFO - Filling up the DagBag from /opt/airflow/dags/pipeline_mlops_dag.py
[2025-05-12T07:20:01.734+0000] {processor.py:753} INFO - DAG(s) dict_keys(['pipeline_mlops']) retrieved from /opt/airflow/dags/pipeline_mlops_dag.py
[2025-05-12T07:20:01.756+0000] {logging_mixin.py:137} INFO - [2025-05-12T07:20:01.756+0000] {dag.py:2690} INFO - Sync 1 DAGs
[2025-05-12T07:20:01.779+0000] {logging_mixin.py:137} INFO - [2025-05-12T07:20:01.779+0000] {dag.py:3441} INFO - Setting next_dagrun for pipeline_mlops to None, run_after=None
[2025-05-12T07:20:01.794+0000] {processor.py:175} INFO - Processing /opt/airflow/dags/pipeline_mlops_dag.py took 0.085 seconds
[2025-05-12T07:20:31.990+0000] {processor.py:153} INFO - Started process (PID=74) to work on /opt/airflow/dags/pipeline_mlops_dag.py
[2025-05-12T07:20:31.991+0000] {processor.py:743} INFO - Processing file /opt/airflow/dags/pipeline_mlops_dag.py for tasks to queue
[2025-05-12T07:20:31.992+0000] {logging_mixin.py:137} INFO - [2025-05-12T07:20:31.992+0000] {dagbag.py:538} INFO - Filling up the DagBag from /opt/airflow/dags/pipeline_mlops_dag.py
[2025-05-12T07:20:32.014+0000] {processor.py:753} INFO - DAG(s) dict_keys(['pipeline_mlops']) retrieved from /opt/airflow/dags/pipeline_mlops_dag.py
[2025-05-12T07:20:32.039+0000] {logging_mixin.py:137} INFO - [2025-05-12T07:20:32.039+0000] {dag.py:2690} INFO - Sync 1 DAGs
[2025-05-12T07:20:32.102+0000] {logging_mixin.py:137} INFO - [2025-05-12T07:20:32.102+0000] {dag.py:3441} INFO - Setting next_dagrun for pipeline_mlops to None, run_after=None
[2025-05-12T07:20:32.175+0000] {processor.py:175} INFO - Processing /opt/airflow/dags/pipeline_mlops_dag.py took 0.187 seconds
[2025-05-12T07:21:02.367+0000] {processor.py:153} INFO - Started process (PID=75) to work on /opt/airflow/dags/pipeline_mlops_dag.py
[2025-05-12T07:21:02.368+0000] {processor.py:743} INFO - Processing file /opt/airflow/dags/pipeline_mlops_dag.py for tasks to queue
[2025-05-12T07:21:02.369+0000] {logging_mixin.py:137} INFO - [2025-05-12T07:21:02.369+0000] {dagbag.py:538} INFO - Filling up the DagBag from /opt/airflow/dags/pipeline_mlops_dag.py
[2025-05-12T07:21:02.387+0000] {processor.py:753} INFO - DAG(s) dict_keys(['pipeline_mlops']) retrieved from /opt/airflow/dags/pipeline_mlops_dag.py
[2025-05-12T07:21:02.410+0000] {logging_mixin.py:137} INFO - [2025-05-12T07:21:02.410+0000] {dag.py:2690} INFO - Sync 1 DAGs
[2025-05-12T07:21:02.430+0000] {logging_mixin.py:137} INFO - [2025-05-12T07:21:02.430+0000] {dag.py:3441} INFO - Setting next_dagrun for pipeline_mlops to None, run_after=None
[2025-05-12T07:21:02.446+0000] {processor.py:175} INFO - Processing /opt/airflow/dags/pipeline_mlops_dag.py took 0.081 seconds
[2025-05-12T07:21:32.556+0000] {processor.py:153} INFO - Started process (PID=76) to work on /opt/airflow/dags/pipeline_mlops_dag.py
[2025-05-12T07:21:32.556+0000] {processor.py:743} INFO - Processing file /opt/airflow/dags/pipeline_mlops_dag.py for tasks to queue
[2025-05-12T07:21:32.557+0000] {logging_mixin.py:137} INFO - [2025-05-12T07:21:32.557+0000] {dagbag.py:538} INFO - Filling up the DagBag from /opt/airflow/dags/pipeline_mlops_dag.py
[2025-05-12T07:21:32.581+0000] {processor.py:753} INFO - DAG(s) dict_keys(['pipeline_mlops']) retrieved from /opt/airflow/dags/pipeline_mlops_dag.py
[2025-05-12T07:21:32.604+0000] {logging_mixin.py:137} INFO - [2025-05-12T07:21:32.604+0000] {dag.py:2690} INFO - Sync 1 DAGs
[2025-05-12T07:21:32.635+0000] {logging_mixin.py:137} INFO - [2025-05-12T07:21:32.635+0000] {dag.py:3441} INFO - Setting next_dagrun for pipeline_mlops to None, run_after=None
[2025-05-12T07:21:32.655+0000] {processor.py:175} INFO - Processing /opt/airflow/dags/pipeline_mlops_dag.py took 0.102 seconds
[2025-05-12T07:22:02.858+0000] {processor.py:153} INFO - Started process (PID=77) to work on /opt/airflow/dags/pipeline_mlops_dag.py
[2025-05-12T07:22:02.859+0000] {processor.py:743} INFO - Processing file /opt/airflow/dags/pipeline_mlops_dag.py for tasks to queue
[2025-05-12T07:22:02.860+0000] {logging_mixin.py:137} INFO - [2025-05-12T07:22:02.860+0000] {dagbag.py:538} INFO - Filling up the DagBag from /opt/airflow/dags/pipeline_mlops_dag.py
[2025-05-12T07:22:02.882+0000] {processor.py:753} INFO - DAG(s) dict_keys(['pipeline_mlops']) retrieved from /opt/airflow/dags/pipeline_mlops_dag.py
[2025-05-12T07:22:02.903+0000] {logging_mixin.py:137} INFO - [2025-05-12T07:22:02.902+0000] {dag.py:2690} INFO - Sync 1 DAGs
[2025-05-12T07:22:02.923+0000] {logging_mixin.py:137} INFO - [2025-05-12T07:22:02.923+0000] {dag.py:3441} INFO - Setting next_dagrun for pipeline_mlops to None, run_after=None
[2025-05-12T07:22:02.940+0000] {processor.py:175} INFO - Processing /opt/airflow/dags/pipeline_mlops_dag.py took 0.084 seconds
[2025-05-12T07:22:33.044+0000] {processor.py:153} INFO - Started process (PID=78) to work on /opt/airflow/dags/pipeline_mlops_dag.py
[2025-05-12T07:22:33.045+0000] {processor.py:743} INFO - Processing file /opt/airflow/dags/pipeline_mlops_dag.py for tasks to queue
[2025-05-12T07:22:33.046+0000] {logging_mixin.py:137} INFO - [2025-05-12T07:22:33.046+0000] {dagbag.py:538} INFO - Filling up the DagBag from /opt/airflow/dags/pipeline_mlops_dag.py
[2025-05-12T07:22:33.072+0000] {processor.py:753} INFO - DAG(s) dict_keys(['pipeline_mlops']) retrieved from /opt/airflow/dags/pipeline_mlops_dag.py
[2025-05-12T07:22:33.095+0000] {logging_mixin.py:137} INFO - [2025-05-12T07:22:33.095+0000] {dag.py:2690} INFO - Sync 1 DAGs
[2025-05-12T07:22:33.115+0000] {logging_mixin.py:137} INFO - [2025-05-12T07:22:33.115+0000] {dag.py:3441} INFO - Setting next_dagrun for pipeline_mlops to None, run_after=None
[2025-05-12T07:22:33.132+0000] {processor.py:175} INFO - Processing /opt/airflow/dags/pipeline_mlops_dag.py took 0.090 seconds
[2025-05-12T07:23:03.305+0000] {processor.py:153} INFO - Started process (PID=79) to work on /opt/airflow/dags/pipeline_mlops_dag.py
[2025-05-12T07:23:03.306+0000] {processor.py:743} INFO - Processing file /opt/airflow/dags/pipeline_mlops_dag.py for tasks to queue
[2025-05-12T07:23:03.307+0000] {logging_mixin.py:137} INFO - [2025-05-12T07:23:03.307+0000] {dagbag.py:538} INFO - Filling up the DagBag from /opt/airflow/dags/pipeline_mlops_dag.py
[2025-05-12T07:23:03.328+0000] {processor.py:753} INFO - DAG(s) dict_keys(['pipeline_mlops']) retrieved from /opt/airflow/dags/pipeline_mlops_dag.py
[2025-05-12T07:23:03.358+0000] {logging_mixin.py:137} INFO - [2025-05-12T07:23:03.358+0000] {dag.py:2690} INFO - Sync 1 DAGs
[2025-05-12T07:23:03.379+0000] {logging_mixin.py:137} INFO - [2025-05-12T07:23:03.379+0000] {dag.py:3441} INFO - Setting next_dagrun for pipeline_mlops to None, run_after=None
[2025-05-12T07:23:03.396+0000] {processor.py:175} INFO - Processing /opt/airflow/dags/pipeline_mlops_dag.py took 0.093 seconds
[2025-05-12T07:23:33.492+0000] {processor.py:153} INFO - Started process (PID=80) to work on /opt/airflow/dags/pipeline_mlops_dag.py
[2025-05-12T07:23:33.493+0000] {processor.py:743} INFO - Processing file /opt/airflow/dags/pipeline_mlops_dag.py for tasks to queue
[2025-05-12T07:23:33.494+0000] {logging_mixin.py:137} INFO - [2025-05-12T07:23:33.494+0000] {dagbag.py:538} INFO - Filling up the DagBag from /opt/airflow/dags/pipeline_mlops_dag.py
[2025-05-12T07:23:33.514+0000] {processor.py:753} INFO - DAG(s) dict_keys(['pipeline_mlops']) retrieved from /opt/airflow/dags/pipeline_mlops_dag.py
[2025-05-12T07:23:33.535+0000] {logging_mixin.py:137} INFO - [2025-05-12T07:23:33.535+0000] {dag.py:2690} INFO - Sync 1 DAGs
[2025-05-12T07:23:33.556+0000] {logging_mixin.py:137} INFO - [2025-05-12T07:23:33.555+0000] {dag.py:3441} INFO - Setting next_dagrun for pipeline_mlops to None, run_after=None
[2025-05-12T07:23:33.574+0000] {processor.py:175} INFO - Processing /opt/airflow/dags/pipeline_mlops_dag.py took 0.085 seconds
[2025-05-12T07:24:03.747+0000] {processor.py:153} INFO - Started process (PID=81) to work on /opt/airflow/dags/pipeline_mlops_dag.py
[2025-05-12T07:24:03.748+0000] {processor.py:743} INFO - Processing file /opt/airflow/dags/pipeline_mlops_dag.py for tasks to queue
[2025-05-12T07:24:03.749+0000] {logging_mixin.py:137} INFO - [2025-05-12T07:24:03.749+0000] {dagbag.py:538} INFO - Filling up the DagBag from /opt/airflow/dags/pipeline_mlops_dag.py
[2025-05-12T07:24:03.770+0000] {processor.py:753} INFO - DAG(s) dict_keys(['pipeline_mlops']) retrieved from /opt/airflow/dags/pipeline_mlops_dag.py
[2025-05-12T07:24:03.793+0000] {logging_mixin.py:137} INFO - [2025-05-12T07:24:03.793+0000] {dag.py:2690} INFO - Sync 1 DAGs
[2025-05-12T07:24:03.815+0000] {logging_mixin.py:137} INFO - [2025-05-12T07:24:03.815+0000] {dag.py:3441} INFO - Setting next_dagrun for pipeline_mlops to None, run_after=None
[2025-05-12T07:24:03.835+0000] {processor.py:175} INFO - Processing /opt/airflow/dags/pipeline_mlops_dag.py took 0.090 seconds
[2025-05-12T07:24:33.949+0000] {processor.py:153} INFO - Started process (PID=82) to work on /opt/airflow/dags/pipeline_mlops_dag.py
[2025-05-12T07:24:33.950+0000] {processor.py:743} INFO - Processing file /opt/airflow/dags/pipeline_mlops_dag.py for tasks to queue
[2025-05-12T07:24:33.951+0000] {logging_mixin.py:137} INFO - [2025-05-12T07:24:33.951+0000] {dagbag.py:538} INFO - Filling up the DagBag from /opt/airflow/dags/pipeline_mlops_dag.py
[2025-05-12T07:24:33.973+0000] {processor.py:753} INFO - DAG(s) dict_keys(['pipeline_mlops']) retrieved from /opt/airflow/dags/pipeline_mlops_dag.py
[2025-05-12T07:24:33.995+0000] {logging_mixin.py:137} INFO - [2025-05-12T07:24:33.995+0000] {dag.py:2690} INFO - Sync 1 DAGs
[2025-05-12T07:24:34.014+0000] {logging_mixin.py:137} INFO - [2025-05-12T07:24:34.014+0000] {dag.py:3441} INFO - Setting next_dagrun for pipeline_mlops to None, run_after=None
[2025-05-12T07:24:34.031+0000] {processor.py:175} INFO - Processing /opt/airflow/dags/pipeline_mlops_dag.py took 0.085 seconds
[2025-05-12T07:25:04.207+0000] {processor.py:153} INFO - Started process (PID=83) to work on /opt/airflow/dags/pipeline_mlops_dag.py
[2025-05-12T07:25:04.208+0000] {processor.py:743} INFO - Processing file /opt/airflow/dags/pipeline_mlops_dag.py for tasks to queue
[2025-05-12T07:25:04.209+0000] {logging_mixin.py:137} INFO - [2025-05-12T07:25:04.209+0000] {dagbag.py:538} INFO - Filling up the DagBag from /opt/airflow/dags/pipeline_mlops_dag.py
[2025-05-12T07:25:04.229+0000] {processor.py:753} INFO - DAG(s) dict_keys(['pipeline_mlops']) retrieved from /opt/airflow/dags/pipeline_mlops_dag.py
[2025-05-12T07:25:04.251+0000] {logging_mixin.py:137} INFO - [2025-05-12T07:25:04.251+0000] {dag.py:2690} INFO - Sync 1 DAGs
[2025-05-12T07:25:04.270+0000] {logging_mixin.py:137} INFO - [2025-05-12T07:25:04.270+0000] {dag.py:3441} INFO - Setting next_dagrun for pipeline_mlops to None, run_after=None
[2025-05-12T07:25:04.288+0000] {processor.py:175} INFO - Processing /opt/airflow/dags/pipeline_mlops_dag.py took 0.083 seconds
[2025-05-12T07:25:34.405+0000] {processor.py:153} INFO - Started process (PID=84) to work on /opt/airflow/dags/pipeline_mlops_dag.py
[2025-05-12T07:25:34.405+0000] {processor.py:743} INFO - Processing file /opt/airflow/dags/pipeline_mlops_dag.py for tasks to queue
[2025-05-12T07:25:34.406+0000] {logging_mixin.py:137} INFO - [2025-05-12T07:25:34.406+0000] {dagbag.py:538} INFO - Filling up the DagBag from /opt/airflow/dags/pipeline_mlops_dag.py
[2025-05-12T07:25:34.424+0000] {processor.py:753} INFO - DAG(s) dict_keys(['pipeline_mlops']) retrieved from /opt/airflow/dags/pipeline_mlops_dag.py
[2025-05-12T07:25:34.446+0000] {logging_mixin.py:137} INFO - [2025-05-12T07:25:34.445+0000] {dag.py:2690} INFO - Sync 1 DAGs
[2025-05-12T07:25:34.474+0000] {logging_mixin.py:137} INFO - [2025-05-12T07:25:34.474+0000] {dag.py:3441} INFO - Setting next_dagrun for pipeline_mlops to None, run_after=None
[2025-05-12T07:25:34.765+0000] {processor.py:175} INFO - Processing /opt/airflow/dags/pipeline_mlops_dag.py took 0.363 seconds
[2025-05-12T07:26:05.007+0000] {processor.py:153} INFO - Started process (PID=85) to work on /opt/airflow/dags/pipeline_mlops_dag.py
[2025-05-12T07:26:05.008+0000] {processor.py:743} INFO - Processing file /opt/airflow/dags/pipeline_mlops_dag.py for tasks to queue
[2025-05-12T07:26:05.009+0000] {logging_mixin.py:137} INFO - [2025-05-12T07:26:05.009+0000] {dagbag.py:538} INFO - Filling up the DagBag from /opt/airflow/dags/pipeline_mlops_dag.py
[2025-05-12T07:26:05.049+0000] {processor.py:753} INFO - DAG(s) dict_keys(['pipeline_mlops']) retrieved from /opt/airflow/dags/pipeline_mlops_dag.py
[2025-05-12T07:26:05.073+0000] {logging_mixin.py:137} INFO - [2025-05-12T07:26:05.073+0000] {dag.py:2690} INFO - Sync 1 DAGs
[2025-05-12T07:26:05.094+0000] {logging_mixin.py:137} INFO - [2025-05-12T07:26:05.094+0000] {dag.py:3441} INFO - Setting next_dagrun for pipeline_mlops to None, run_after=None
[2025-05-12T07:26:05.110+0000] {processor.py:175} INFO - Processing /opt/airflow/dags/pipeline_mlops_dag.py took 0.110 seconds
[2025-05-12T07:26:35.177+0000] {processor.py:153} INFO - Started process (PID=86) to work on /opt/airflow/dags/pipeline_mlops_dag.py
[2025-05-12T07:26:35.178+0000] {processor.py:743} INFO - Processing file /opt/airflow/dags/pipeline_mlops_dag.py for tasks to queue
[2025-05-12T07:26:35.179+0000] {logging_mixin.py:137} INFO - [2025-05-12T07:26:35.179+0000] {dagbag.py:538} INFO - Filling up the DagBag from /opt/airflow/dags/pipeline_mlops_dag.py
[2025-05-12T07:26:35.197+0000] {processor.py:753} INFO - DAG(s) dict_keys(['pipeline_mlops']) retrieved from /opt/airflow/dags/pipeline_mlops_dag.py
[2025-05-12T07:26:35.218+0000] {logging_mixin.py:137} INFO - [2025-05-12T07:26:35.218+0000] {dag.py:2690} INFO - Sync 1 DAGs
[2025-05-12T07:26:35.239+0000] {logging_mixin.py:137} INFO - [2025-05-12T07:26:35.238+0000] {dag.py:3441} INFO - Setting next_dagrun for pipeline_mlops to None, run_after=None
[2025-05-12T07:26:35.256+0000] {processor.py:175} INFO - Processing /opt/airflow/dags/pipeline_mlops_dag.py took 0.081 seconds
[2025-05-12T07:27:05.377+0000] {processor.py:153} INFO - Started process (PID=87) to work on /opt/airflow/dags/pipeline_mlops_dag.py
[2025-05-12T07:27:05.378+0000] {processor.py:743} INFO - Processing file /opt/airflow/dags/pipeline_mlops_dag.py for tasks to queue
[2025-05-12T07:27:05.378+0000] {logging_mixin.py:137} INFO - [2025-05-12T07:27:05.378+0000] {dagbag.py:538} INFO - Filling up the DagBag from /opt/airflow/dags/pipeline_mlops_dag.py
[2025-05-12T07:27:05.398+0000] {processor.py:753} INFO - DAG(s) dict_keys(['pipeline_mlops']) retrieved from /opt/airflow/dags/pipeline_mlops_dag.py
[2025-05-12T07:27:05.419+0000] {logging_mixin.py:137} INFO - [2025-05-12T07:27:05.419+0000] {dag.py:2690} INFO - Sync 1 DAGs
[2025-05-12T07:27:05.438+0000] {logging_mixin.py:137} INFO - [2025-05-12T07:27:05.438+0000] {dag.py:3441} INFO - Setting next_dagrun for pipeline_mlops to None, run_after=None
[2025-05-12T07:27:05.453+0000] {processor.py:175} INFO - Processing /opt/airflow/dags/pipeline_mlops_dag.py took 0.078 seconds
[2025-05-12T07:27:35.640+0000] {processor.py:153} INFO - Started process (PID=88) to work on /opt/airflow/dags/pipeline_mlops_dag.py
[2025-05-12T07:27:35.641+0000] {processor.py:743} INFO - Processing file /opt/airflow/dags/pipeline_mlops_dag.py for tasks to queue
[2025-05-12T07:27:35.642+0000] {logging_mixin.py:137} INFO - [2025-05-12T07:27:35.641+0000] {dagbag.py:538} INFO - Filling up the DagBag from /opt/airflow/dags/pipeline_mlops_dag.py
[2025-05-12T07:27:35.660+0000] {processor.py:753} INFO - DAG(s) dict_keys(['pipeline_mlops']) retrieved from /opt/airflow/dags/pipeline_mlops_dag.py
[2025-05-12T07:27:35.682+0000] {logging_mixin.py:137} INFO - [2025-05-12T07:27:35.682+0000] {dag.py:2690} INFO - Sync 1 DAGs
[2025-05-12T07:27:35.701+0000] {logging_mixin.py:137} INFO - [2025-05-12T07:27:35.701+0000] {dag.py:3441} INFO - Setting next_dagrun for pipeline_mlops to None, run_after=None
[2025-05-12T07:27:35.723+0000] {processor.py:175} INFO - Processing /opt/airflow/dags/pipeline_mlops_dag.py took 0.085 seconds
[2025-05-12T07:28:05.859+0000] {processor.py:153} INFO - Started process (PID=89) to work on /opt/airflow/dags/pipeline_mlops_dag.py
[2025-05-12T07:28:05.860+0000] {processor.py:743} INFO - Processing file /opt/airflow/dags/pipeline_mlops_dag.py for tasks to queue
[2025-05-12T07:28:05.861+0000] {logging_mixin.py:137} INFO - [2025-05-12T07:28:05.861+0000] {dagbag.py:538} INFO - Filling up the DagBag from /opt/airflow/dags/pipeline_mlops_dag.py
[2025-05-12T07:28:05.878+0000] {processor.py:753} INFO - DAG(s) dict_keys(['pipeline_mlops']) retrieved from /opt/airflow/dags/pipeline_mlops_dag.py
[2025-05-12T07:28:05.898+0000] {logging_mixin.py:137} INFO - [2025-05-12T07:28:05.898+0000] {dag.py:2690} INFO - Sync 1 DAGs
[2025-05-12T07:28:05.919+0000] {logging_mixin.py:137} INFO - [2025-05-12T07:28:05.918+0000] {dag.py:3441} INFO - Setting next_dagrun for pipeline_mlops to None, run_after=None
[2025-05-12T07:28:05.935+0000] {processor.py:175} INFO - Processing /opt/airflow/dags/pipeline_mlops_dag.py took 0.080 seconds
[2025-05-12T07:28:36.111+0000] {processor.py:153} INFO - Started process (PID=90) to work on /opt/airflow/dags/pipeline_mlops_dag.py
[2025-05-12T07:28:36.112+0000] {processor.py:743} INFO - Processing file /opt/airflow/dags/pipeline_mlops_dag.py for tasks to queue
[2025-05-12T07:28:36.113+0000] {logging_mixin.py:137} INFO - [2025-05-12T07:28:36.113+0000] {dagbag.py:538} INFO - Filling up the DagBag from /opt/airflow/dags/pipeline_mlops_dag.py
[2025-05-12T07:28:36.132+0000] {processor.py:753} INFO - DAG(s) dict_keys(['pipeline_mlops']) retrieved from /opt/airflow/dags/pipeline_mlops_dag.py
[2025-05-12T07:28:36.152+0000] {logging_mixin.py:137} INFO - [2025-05-12T07:28:36.152+0000] {dag.py:2690} INFO - Sync 1 DAGs
[2025-05-12T07:28:36.203+0000] {logging_mixin.py:137} INFO - [2025-05-12T07:28:36.203+0000] {dag.py:3441} INFO - Setting next_dagrun for pipeline_mlops to None, run_after=None
[2025-05-12T07:28:36.407+0000] {processor.py:175} INFO - Processing /opt/airflow/dags/pipeline_mlops_dag.py took 0.298 seconds
[2025-05-12T07:29:06.580+0000] {processor.py:153} INFO - Started process (PID=91) to work on /opt/airflow/dags/pipeline_mlops_dag.py
[2025-05-12T07:29:06.582+0000] {processor.py:743} INFO - Processing file /opt/airflow/dags/pipeline_mlops_dag.py for tasks to queue
[2025-05-12T07:29:06.583+0000] {logging_mixin.py:137} INFO - [2025-05-12T07:29:06.583+0000] {dagbag.py:538} INFO - Filling up the DagBag from /opt/airflow/dags/pipeline_mlops_dag.py
[2025-05-12T07:29:06.606+0000] {processor.py:753} INFO - DAG(s) dict_keys(['pipeline_mlops']) retrieved from /opt/airflow/dags/pipeline_mlops_dag.py
[2025-05-12T07:29:06.663+0000] {logging_mixin.py:137} INFO - [2025-05-12T07:29:06.663+0000] {dag.py:2690} INFO - Sync 1 DAGs
[2025-05-12T07:29:06.689+0000] {logging_mixin.py:137} INFO - [2025-05-12T07:29:06.689+0000] {dag.py:3441} INFO - Setting next_dagrun for pipeline_mlops to None, run_after=None
[2025-05-12T07:29:06.707+0000] {processor.py:175} INFO - Processing /opt/airflow/dags/pipeline_mlops_dag.py took 0.137 seconds
[2025-05-12T07:29:36.900+0000] {processor.py:153} INFO - Started process (PID=92) to work on /opt/airflow/dags/pipeline_mlops_dag.py
[2025-05-12T07:29:36.906+0000] {processor.py:743} INFO - Processing file /opt/airflow/dags/pipeline_mlops_dag.py for tasks to queue
[2025-05-12T07:29:36.907+0000] {logging_mixin.py:137} INFO - [2025-05-12T07:29:36.907+0000] {dagbag.py:538} INFO - Filling up the DagBag from /opt/airflow/dags/pipeline_mlops_dag.py
[2025-05-12T07:29:36.962+0000] {processor.py:753} INFO - DAG(s) dict_keys(['pipeline_mlops']) retrieved from /opt/airflow/dags/pipeline_mlops_dag.py
[2025-05-12T07:29:37.034+0000] {logging_mixin.py:137} INFO - [2025-05-12T07:29:37.033+0000] {dag.py:2690} INFO - Sync 1 DAGs
[2025-05-12T07:29:37.079+0000] {logging_mixin.py:137} INFO - [2025-05-12T07:29:37.079+0000] {dag.py:3441} INFO - Setting next_dagrun for pipeline_mlops to None, run_after=None
[2025-05-12T07:29:37.105+0000] {processor.py:175} INFO - Processing /opt/airflow/dags/pipeline_mlops_dag.py took 0.214 seconds
[2025-05-12T07:30:07.274+0000] {processor.py:153} INFO - Started process (PID=93) to work on /opt/airflow/dags/pipeline_mlops_dag.py
[2025-05-12T07:30:07.275+0000] {processor.py:743} INFO - Processing file /opt/airflow/dags/pipeline_mlops_dag.py for tasks to queue
[2025-05-12T07:30:07.276+0000] {logging_mixin.py:137} INFO - [2025-05-12T07:30:07.276+0000] {dagbag.py:538} INFO - Filling up the DagBag from /opt/airflow/dags/pipeline_mlops_dag.py
[2025-05-12T07:30:07.299+0000] {processor.py:753} INFO - DAG(s) dict_keys(['pipeline_mlops']) retrieved from /opt/airflow/dags/pipeline_mlops_dag.py
[2025-05-12T07:30:07.337+0000] {logging_mixin.py:137} INFO - [2025-05-12T07:30:07.337+0000] {dag.py:2690} INFO - Sync 1 DAGs
[2025-05-12T07:30:07.367+0000] {logging_mixin.py:137} INFO - [2025-05-12T07:30:07.367+0000] {dag.py:3441} INFO - Setting next_dagrun for pipeline_mlops to None, run_after=None
[2025-05-12T07:30:07.384+0000] {processor.py:175} INFO - Processing /opt/airflow/dags/pipeline_mlops_dag.py took 0.113 seconds
[2025-05-12T07:30:37.442+0000] {processor.py:153} INFO - Started process (PID=94) to work on /opt/airflow/dags/pipeline_mlops_dag.py
[2025-05-12T07:30:37.443+0000] {processor.py:743} INFO - Processing file /opt/airflow/dags/pipeline_mlops_dag.py for tasks to queue
[2025-05-12T07:30:37.444+0000] {logging_mixin.py:137} INFO - [2025-05-12T07:30:37.444+0000] {dagbag.py:538} INFO - Filling up the DagBag from /opt/airflow/dags/pipeline_mlops_dag.py
[2025-05-12T07:30:37.464+0000] {processor.py:753} INFO - DAG(s) dict_keys(['pipeline_mlops']) retrieved from /opt/airflow/dags/pipeline_mlops_dag.py
[2025-05-12T07:30:37.487+0000] {logging_mixin.py:137} INFO - [2025-05-12T07:30:37.487+0000] {dag.py:2690} INFO - Sync 1 DAGs
[2025-05-12T07:30:37.509+0000] {logging_mixin.py:137} INFO - [2025-05-12T07:30:37.509+0000] {dag.py:3441} INFO - Setting next_dagrun for pipeline_mlops to None, run_after=None
[2025-05-12T07:30:37.639+0000] {processor.py:175} INFO - Processing /opt/airflow/dags/pipeline_mlops_dag.py took 0.199 seconds
[2025-05-12T07:31:07.723+0000] {processor.py:153} INFO - Started process (PID=95) to work on /opt/airflow/dags/pipeline_mlops_dag.py
[2025-05-12T07:31:07.724+0000] {processor.py:743} INFO - Processing file /opt/airflow/dags/pipeline_mlops_dag.py for tasks to queue
[2025-05-12T07:31:07.724+0000] {logging_mixin.py:137} INFO - [2025-05-12T07:31:07.724+0000] {dagbag.py:538} INFO - Filling up the DagBag from /opt/airflow/dags/pipeline_mlops_dag.py
[2025-05-12T07:31:07.744+0000] {processor.py:753} INFO - DAG(s) dict_keys(['pipeline_mlops']) retrieved from /opt/airflow/dags/pipeline_mlops_dag.py
[2025-05-12T07:31:07.770+0000] {logging_mixin.py:137} INFO - [2025-05-12T07:31:07.770+0000] {dag.py:2690} INFO - Sync 1 DAGs
[2025-05-12T07:31:07.790+0000] {logging_mixin.py:137} INFO - [2025-05-12T07:31:07.790+0000] {dag.py:3441} INFO - Setting next_dagrun for pipeline_mlops to None, run_after=None
[2025-05-12T07:31:07.808+0000] {processor.py:175} INFO - Processing /opt/airflow/dags/pipeline_mlops_dag.py took 0.087 seconds
[2025-05-12T07:31:37.997+0000] {processor.py:153} INFO - Started process (PID=96) to work on /opt/airflow/dags/pipeline_mlops_dag.py
[2025-05-12T07:31:37.998+0000] {processor.py:743} INFO - Processing file /opt/airflow/dags/pipeline_mlops_dag.py for tasks to queue
[2025-05-12T07:31:37.998+0000] {logging_mixin.py:137} INFO - [2025-05-12T07:31:37.998+0000] {dagbag.py:538} INFO - Filling up the DagBag from /opt/airflow/dags/pipeline_mlops_dag.py
[2025-05-12T07:31:38.018+0000] {processor.py:753} INFO - DAG(s) dict_keys(['pipeline_mlops']) retrieved from /opt/airflow/dags/pipeline_mlops_dag.py
[2025-05-12T07:31:38.040+0000] {logging_mixin.py:137} INFO - [2025-05-12T07:31:38.040+0000] {dag.py:2690} INFO - Sync 1 DAGs
[2025-05-12T07:31:38.106+0000] {logging_mixin.py:137} INFO - [2025-05-12T07:31:38.106+0000] {dag.py:3441} INFO - Setting next_dagrun for pipeline_mlops to None, run_after=None
[2025-05-12T07:31:38.243+0000] {processor.py:175} INFO - Processing /opt/airflow/dags/pipeline_mlops_dag.py took 0.249 seconds
[2025-05-12T07:32:08.459+0000] {processor.py:153} INFO - Started process (PID=97) to work on /opt/airflow/dags/pipeline_mlops_dag.py
[2025-05-12T07:32:08.460+0000] {processor.py:743} INFO - Processing file /opt/airflow/dags/pipeline_mlops_dag.py for tasks to queue
[2025-05-12T07:32:08.461+0000] {logging_mixin.py:137} INFO - [2025-05-12T07:32:08.461+0000] {dagbag.py:538} INFO - Filling up the DagBag from /opt/airflow/dags/pipeline_mlops_dag.py
[2025-05-12T07:32:08.483+0000] {processor.py:753} INFO - DAG(s) dict_keys(['pipeline_mlops']) retrieved from /opt/airflow/dags/pipeline_mlops_dag.py
[2025-05-12T07:32:08.510+0000] {logging_mixin.py:137} INFO - [2025-05-12T07:32:08.509+0000] {dag.py:2690} INFO - Sync 1 DAGs
[2025-05-12T07:32:08.533+0000] {logging_mixin.py:137} INFO - [2025-05-12T07:32:08.532+0000] {dag.py:3441} INFO - Setting next_dagrun for pipeline_mlops to None, run_after=None
[2025-05-12T07:32:08.548+0000] {processor.py:175} INFO - Processing /opt/airflow/dags/pipeline_mlops_dag.py took 0.093 seconds
[2025-05-12T07:32:38.627+0000] {processor.py:153} INFO - Started process (PID=98) to work on /opt/airflow/dags/pipeline_mlops_dag.py
[2025-05-12T07:32:38.628+0000] {processor.py:743} INFO - Processing file /opt/airflow/dags/pipeline_mlops_dag.py for tasks to queue
[2025-05-12T07:32:38.629+0000] {logging_mixin.py:137} INFO - [2025-05-12T07:32:38.629+0000] {dagbag.py:538} INFO - Filling up the DagBag from /opt/airflow/dags/pipeline_mlops_dag.py
[2025-05-12T07:32:38.648+0000] {processor.py:753} INFO - DAG(s) dict_keys(['pipeline_mlops']) retrieved from /opt/airflow/dags/pipeline_mlops_dag.py
[2025-05-12T07:32:38.670+0000] {logging_mixin.py:137} INFO - [2025-05-12T07:32:38.670+0000] {dag.py:2690} INFO - Sync 1 DAGs
[2025-05-12T07:32:38.691+0000] {logging_mixin.py:137} INFO - [2025-05-12T07:32:38.691+0000] {dag.py:3441} INFO - Setting next_dagrun for pipeline_mlops to None, run_after=None
[2025-05-12T07:32:38.706+0000] {processor.py:175} INFO - Processing /opt/airflow/dags/pipeline_mlops_dag.py took 0.081 seconds
[2025-05-12T07:33:08.820+0000] {processor.py:153} INFO - Started process (PID=99) to work on /opt/airflow/dags/pipeline_mlops_dag.py
[2025-05-12T07:33:08.822+0000] {processor.py:743} INFO - Processing file /opt/airflow/dags/pipeline_mlops_dag.py for tasks to queue
[2025-05-12T07:33:08.823+0000] {logging_mixin.py:137} INFO - [2025-05-12T07:33:08.822+0000] {dagbag.py:538} INFO - Filling up the DagBag from /opt/airflow/dags/pipeline_mlops_dag.py
[2025-05-12T07:33:08.842+0000] {processor.py:753} INFO - DAG(s) dict_keys(['pipeline_mlops']) retrieved from /opt/airflow/dags/pipeline_mlops_dag.py
[2025-05-12T07:33:08.866+0000] {logging_mixin.py:137} INFO - [2025-05-12T07:33:08.866+0000] {dag.py:2690} INFO - Sync 1 DAGs
[2025-05-12T07:33:08.887+0000] {logging_mixin.py:137} INFO - [2025-05-12T07:33:08.886+0000] {dag.py:3441} INFO - Setting next_dagrun for pipeline_mlops to None, run_after=None
[2025-05-12T07:33:08.901+0000] {processor.py:175} INFO - Processing /opt/airflow/dags/pipeline_mlops_dag.py took 0.083 seconds
[2025-05-12T07:33:39.096+0000] {processor.py:153} INFO - Started process (PID=100) to work on /opt/airflow/dags/pipeline_mlops_dag.py
[2025-05-12T07:33:39.096+0000] {processor.py:743} INFO - Processing file /opt/airflow/dags/pipeline_mlops_dag.py for tasks to queue
[2025-05-12T07:33:39.097+0000] {logging_mixin.py:137} INFO - [2025-05-12T07:33:39.097+0000] {dagbag.py:538} INFO - Filling up the DagBag from /opt/airflow/dags/pipeline_mlops_dag.py
[2025-05-12T07:33:39.127+0000] {processor.py:753} INFO - DAG(s) dict_keys(['pipeline_mlops']) retrieved from /opt/airflow/dags/pipeline_mlops_dag.py
[2025-05-12T07:33:39.148+0000] {logging_mixin.py:137} INFO - [2025-05-12T07:33:39.148+0000] {dag.py:2690} INFO - Sync 1 DAGs
[2025-05-12T07:33:39.173+0000] {logging_mixin.py:137} INFO - [2025-05-12T07:33:39.173+0000] {dag.py:3441} INFO - Setting next_dagrun for pipeline_mlops to None, run_after=None
[2025-05-12T07:33:39.283+0000] {processor.py:175} INFO - Processing /opt/airflow/dags/pipeline_mlops_dag.py took 0.190 seconds
[2025-05-12T07:34:09.499+0000] {processor.py:153} INFO - Started process (PID=101) to work on /opt/airflow/dags/pipeline_mlops_dag.py
[2025-05-12T07:34:09.500+0000] {processor.py:743} INFO - Processing file /opt/airflow/dags/pipeline_mlops_dag.py for tasks to queue
[2025-05-12T07:34:09.501+0000] {logging_mixin.py:137} INFO - [2025-05-12T07:34:09.501+0000] {dagbag.py:538} INFO - Filling up the DagBag from /opt/airflow/dags/pipeline_mlops_dag.py
[2025-05-12T07:34:09.521+0000] {processor.py:753} INFO - DAG(s) dict_keys(['pipeline_mlops']) retrieved from /opt/airflow/dags/pipeline_mlops_dag.py
[2025-05-12T07:34:09.543+0000] {logging_mixin.py:137} INFO - [2025-05-12T07:34:09.543+0000] {dag.py:2690} INFO - Sync 1 DAGs
[2025-05-12T07:34:09.563+0000] {logging_mixin.py:137} INFO - [2025-05-12T07:34:09.563+0000] {dag.py:3441} INFO - Setting next_dagrun for pipeline_mlops to None, run_after=None
[2025-05-12T07:34:09.580+0000] {processor.py:175} INFO - Processing /opt/airflow/dags/pipeline_mlops_dag.py took 0.084 seconds
[2025-05-12T07:34:39.703+0000] {processor.py:153} INFO - Started process (PID=102) to work on /opt/airflow/dags/pipeline_mlops_dag.py
[2025-05-12T07:34:39.706+0000] {processor.py:743} INFO - Processing file /opt/airflow/dags/pipeline_mlops_dag.py for tasks to queue
[2025-05-12T07:34:39.707+0000] {logging_mixin.py:137} INFO - [2025-05-12T07:34:39.706+0000] {dagbag.py:538} INFO - Filling up the DagBag from /opt/airflow/dags/pipeline_mlops_dag.py
[2025-05-12T07:34:39.727+0000] {processor.py:753} INFO - DAG(s) dict_keys(['pipeline_mlops']) retrieved from /opt/airflow/dags/pipeline_mlops_dag.py
[2025-05-12T07:34:39.749+0000] {logging_mixin.py:137} INFO - [2025-05-12T07:34:39.749+0000] {dag.py:2690} INFO - Sync 1 DAGs
[2025-05-12T07:34:39.770+0000] {logging_mixin.py:137} INFO - [2025-05-12T07:34:39.770+0000] {dag.py:3441} INFO - Setting next_dagrun for pipeline_mlops to None, run_after=None
[2025-05-12T07:34:39.790+0000] {processor.py:175} INFO - Processing /opt/airflow/dags/pipeline_mlops_dag.py took 0.090 seconds
