[2025-04-04T10:19:50.832+0000] {taskinstance.py:1083} INFO - Dependencies all met for <TaskInstance: download_and_store_images.download_and_upload_images scheduled__2024-02-04T00:00:00+00:00 [queued]>
[2025-04-04T10:19:50.971+0000] {taskinstance.py:1083} INFO - Dependencies all met for <TaskInstance: download_and_store_images.download_and_upload_images scheduled__2024-02-04T00:00:00+00:00 [queued]>
[2025-04-04T10:19:50.987+0000] {taskinstance.py:1279} INFO - 
--------------------------------------------------------------------------------
[2025-04-04T10:19:50.988+0000] {taskinstance.py:1280} INFO - Starting attempt 1 of 2
[2025-04-04T10:19:50.988+0000] {taskinstance.py:1281} INFO - 
--------------------------------------------------------------------------------
[2025-04-04T10:19:51.333+0000] {taskinstance.py:1300} INFO - Executing <Task(PythonOperator): download_and_upload_images> on 2024-02-04 00:00:00+00:00
[2025-04-04T10:19:51.363+0000] {standard_task_runner.py:55} INFO - Started process 104 to run task
[2025-04-04T10:19:51.403+0000] {standard_task_runner.py:82} INFO - Running: ['***', 'tasks', 'run', 'download_and_store_images', 'download_and_upload_images', 'scheduled__2024-02-04T00:00:00+00:00', '--job-id', '785', '--raw', '--subdir', 'DAGS_FOLDER/dag_data_collect.py', '--cfg-path', '/tmp/tmpqh7cgiwd']
[2025-04-04T10:19:51.407+0000] {standard_task_runner.py:83} INFO - Job 785: Subtask download_and_upload_images
[2025-04-04T10:19:51.553+0000] {warnings.py:110} WARNING - /home/***/.local/lib/python3.7/site-packages/***/settings.py:249: DeprecationWarning: The sql_alchemy_conn option in [core] has been moved to the sql_alchemy_conn option in [database] - the old setting has been used, but please update your config.
  SQL_ALCHEMY_CONN = conf.get("database", "SQL_ALCHEMY_CONN")

[2025-04-04T10:19:52.112+0000] {warnings.py:110} WARNING - /home/***/.local/lib/python3.7/site-packages/***/utils/sqlalchemy.py:124: DeprecationWarning: The sql_alchemy_conn option in [core] has been moved to the sql_alchemy_conn option in [database] - the old setting has been used, but please update your config.
  return not conf.get("database", "sql_alchemy_conn").startswith("mssql")

[2025-04-04T10:19:53.538+0000] {task_command.py:388} INFO - Running <TaskInstance: download_and_store_images.download_and_upload_images scheduled__2024-02-04T00:00:00+00:00 [running]> on host 0df80d73d4ff
[2025-04-04T10:19:56.757+0000] {taskinstance.py:1509} INFO - Exporting the following env vars:
AIRFLOW_CTX_DAG_OWNER=***
AIRFLOW_CTX_DAG_ID=download_and_store_images
AIRFLOW_CTX_TASK_ID=download_and_upload_images
AIRFLOW_CTX_EXECUTION_DATE=2024-02-04T00:00:00+00:00
AIRFLOW_CTX_TRY_NUMBER=1
AIRFLOW_CTX_DAG_RUN_ID=scheduled__2024-02-04T00:00:00+00:00
[2025-04-04T10:19:58.903+0000] {base.py:73} INFO - Using connection ID 'minio_s3' for task execution.
[2025-04-04T10:19:58.912+0000] {connection_wrapper.py:334} INFO - AWS Connection (conn_id='minio_s3', conn_type='aws') credentials retrieved from login and password.
[2025-04-04T10:19:58.934+0000] {warnings.py:110} WARNING - /home/***/.local/lib/python3.7/site-packages/***/providers/amazon/aws/utils/connection_wrapper.py:8: DeprecationWarning: extra['host'] is deprecated and will be removed in a future release. Please set extra['endpoint_url'] instead
  #

[2025-04-04T10:20:17.809+0000] {base.py:73} INFO - Using connection ID 'minio_s3' for task execution.
[2025-04-04T10:20:17.830+0000] {connection_wrapper.py:334} INFO - AWS Connection (conn_id='minio_s3', conn_type='aws') credentials retrieved from login and password.
[2025-04-04T10:21:02.504+0000] {base.py:73} INFO - Using connection ID 'minio_s3' for task execution.
[2025-04-04T10:21:02.596+0000] {connection_wrapper.py:334} INFO - AWS Connection (conn_id='minio_s3', conn_type='aws') credentials retrieved from login and password.
[2025-04-04T10:21:13.949+0000] {base.py:73} INFO - Using connection ID 'minio_s3' for task execution.
[2025-04-04T10:21:14.017+0000] {connection_wrapper.py:334} INFO - AWS Connection (conn_id='minio_s3', conn_type='aws') credentials retrieved from login and password.
[2025-04-04T10:21:17.776+0000] {base.py:73} INFO - Using connection ID 'minio_s3' for task execution.
[2025-04-04T10:21:17.785+0000] {connection_wrapper.py:334} INFO - AWS Connection (conn_id='minio_s3', conn_type='aws') credentials retrieved from login and password.
[2025-04-04T10:21:24.827+0000] {base.py:73} INFO - Using connection ID 'minio_s3' for task execution.
[2025-04-04T10:21:24.834+0000] {connection_wrapper.py:334} INFO - AWS Connection (conn_id='minio_s3', conn_type='aws') credentials retrieved from login and password.
[2025-04-04T10:21:33.395+0000] {base.py:73} INFO - Using connection ID 'minio_s3' for task execution.
[2025-04-04T10:21:33.397+0000] {connection_wrapper.py:334} INFO - AWS Connection (conn_id='minio_s3', conn_type='aws') credentials retrieved from login and password.
[2025-04-04T10:21:37.327+0000] {base.py:73} INFO - Using connection ID 'minio_s3' for task execution.
[2025-04-04T10:21:37.363+0000] {connection_wrapper.py:334} INFO - AWS Connection (conn_id='minio_s3', conn_type='aws') credentials retrieved from login and password.
[2025-04-04T10:21:41.119+0000] {base.py:73} INFO - Using connection ID 'minio_s3' for task execution.
[2025-04-04T10:21:41.129+0000] {connection_wrapper.py:334} INFO - AWS Connection (conn_id='minio_s3', conn_type='aws') credentials retrieved from login and password.
[2025-04-04T10:21:44.083+0000] {base.py:73} INFO - Using connection ID 'minio_s3' for task execution.
[2025-04-04T10:21:44.108+0000] {connection_wrapper.py:334} INFO - AWS Connection (conn_id='minio_s3', conn_type='aws') credentials retrieved from login and password.
[2025-04-04T10:21:50.591+0000] {base.py:73} INFO - Using connection ID 'minio_s3' for task execution.
[2025-04-04T10:21:50.597+0000] {connection_wrapper.py:334} INFO - AWS Connection (conn_id='minio_s3', conn_type='aws') credentials retrieved from login and password.
[2025-04-04T10:21:58.942+0000] {base.py:73} INFO - Using connection ID 'minio_s3' for task execution.
[2025-04-04T10:21:58.951+0000] {connection_wrapper.py:334} INFO - AWS Connection (conn_id='minio_s3', conn_type='aws') credentials retrieved from login and password.
[2025-04-04T10:22:05.048+0000] {base.py:73} INFO - Using connection ID 'minio_s3' for task execution.
[2025-04-04T10:22:05.074+0000] {connection_wrapper.py:334} INFO - AWS Connection (conn_id='minio_s3', conn_type='aws') credentials retrieved from login and password.
[2025-04-04T10:22:12.531+0000] {base.py:73} INFO - Using connection ID 'minio_s3' for task execution.
[2025-04-04T10:22:12.533+0000] {connection_wrapper.py:334} INFO - AWS Connection (conn_id='minio_s3', conn_type='aws') credentials retrieved from login and password.
[2025-04-04T10:22:20.053+0000] {base.py:73} INFO - Using connection ID 'minio_s3' for task execution.
[2025-04-04T10:22:20.064+0000] {connection_wrapper.py:334} INFO - AWS Connection (conn_id='minio_s3', conn_type='aws') credentials retrieved from login and password.
[2025-04-04T10:22:23.963+0000] {base.py:73} INFO - Using connection ID 'minio_s3' for task execution.
[2025-04-04T10:22:23.977+0000] {connection_wrapper.py:334} INFO - AWS Connection (conn_id='minio_s3', conn_type='aws') credentials retrieved from login and password.
[2025-04-04T10:22:29.695+0000] {base.py:73} INFO - Using connection ID 'minio_s3' for task execution.
[2025-04-04T10:22:29.711+0000] {connection_wrapper.py:334} INFO - AWS Connection (conn_id='minio_s3', conn_type='aws') credentials retrieved from login and password.
[2025-04-04T10:22:33.088+0000] {base.py:73} INFO - Using connection ID 'minio_s3' for task execution.
[2025-04-04T10:22:33.100+0000] {connection_wrapper.py:334} INFO - AWS Connection (conn_id='minio_s3', conn_type='aws') credentials retrieved from login and password.
[2025-04-04T10:22:37.903+0000] {base.py:73} INFO - Using connection ID 'minio_s3' for task execution.
[2025-04-04T10:22:37.912+0000] {connection_wrapper.py:334} INFO - AWS Connection (conn_id='minio_s3', conn_type='aws') credentials retrieved from login and password.
[2025-04-04T10:22:41.579+0000] {base.py:73} INFO - Using connection ID 'minio_s3' for task execution.
[2025-04-04T10:22:41.608+0000] {connection_wrapper.py:334} INFO - AWS Connection (conn_id='minio_s3', conn_type='aws') credentials retrieved from login and password.
[2025-04-04T10:22:49.492+0000] {base.py:73} INFO - Using connection ID 'minio_s3' for task execution.
[2025-04-04T10:22:49.516+0000] {connection_wrapper.py:334} INFO - AWS Connection (conn_id='minio_s3', conn_type='aws') credentials retrieved from login and password.
[2025-04-04T10:22:53.687+0000] {base.py:73} INFO - Using connection ID 'minio_s3' for task execution.
[2025-04-04T10:22:53.696+0000] {connection_wrapper.py:334} INFO - AWS Connection (conn_id='minio_s3', conn_type='aws') credentials retrieved from login and password.
[2025-04-04T10:22:56.663+0000] {base.py:73} INFO - Using connection ID 'minio_s3' for task execution.
[2025-04-04T10:22:56.665+0000] {connection_wrapper.py:334} INFO - AWS Connection (conn_id='minio_s3', conn_type='aws') credentials retrieved from login and password.
[2025-04-04T10:23:02.207+0000] {base.py:73} INFO - Using connection ID 'minio_s3' for task execution.
[2025-04-04T10:23:02.214+0000] {connection_wrapper.py:334} INFO - AWS Connection (conn_id='minio_s3', conn_type='aws') credentials retrieved from login and password.
[2025-04-04T10:23:10.599+0000] {base.py:73} INFO - Using connection ID 'minio_s3' for task execution.
[2025-04-04T10:23:10.609+0000] {connection_wrapper.py:334} INFO - AWS Connection (conn_id='minio_s3', conn_type='aws') credentials retrieved from login and password.
[2025-04-04T10:23:16.991+0000] {base.py:73} INFO - Using connection ID 'minio_s3' for task execution.
[2025-04-04T10:23:17.013+0000] {connection_wrapper.py:334} INFO - AWS Connection (conn_id='minio_s3', conn_type='aws') credentials retrieved from login and password.
[2025-04-04T10:23:24.097+0000] {base.py:73} INFO - Using connection ID 'minio_s3' for task execution.
[2025-04-04T10:23:24.100+0000] {connection_wrapper.py:334} INFO - AWS Connection (conn_id='minio_s3', conn_type='aws') credentials retrieved from login and password.
[2025-04-04T10:23:29.643+0000] {base.py:73} INFO - Using connection ID 'minio_s3' for task execution.
[2025-04-04T10:23:29.649+0000] {connection_wrapper.py:334} INFO - AWS Connection (conn_id='minio_s3', conn_type='aws') credentials retrieved from login and password.
[2025-04-04T10:23:41.223+0000] {base.py:73} INFO - Using connection ID 'minio_s3' for task execution.
[2025-04-04T10:23:41.246+0000] {connection_wrapper.py:334} INFO - AWS Connection (conn_id='minio_s3', conn_type='aws') credentials retrieved from login and password.
[2025-04-04T10:23:49.972+0000] {base.py:73} INFO - Using connection ID 'minio_s3' for task execution.
[2025-04-04T10:23:49.979+0000] {connection_wrapper.py:334} INFO - AWS Connection (conn_id='minio_s3', conn_type='aws') credentials retrieved from login and password.
[2025-04-04T10:23:56.758+0000] {base.py:73} INFO - Using connection ID 'minio_s3' for task execution.
[2025-04-04T10:23:56.767+0000] {connection_wrapper.py:334} INFO - AWS Connection (conn_id='minio_s3', conn_type='aws') credentials retrieved from login and password.
[2025-04-04T10:24:01.480+0000] {base.py:73} INFO - Using connection ID 'minio_s3' for task execution.
[2025-04-04T10:24:01.494+0000] {connection_wrapper.py:334} INFO - AWS Connection (conn_id='minio_s3', conn_type='aws') credentials retrieved from login and password.
[2025-04-04T10:24:09.675+0000] {base.py:73} INFO - Using connection ID 'minio_s3' for task execution.
[2025-04-04T10:24:09.683+0000] {connection_wrapper.py:334} INFO - AWS Connection (conn_id='minio_s3', conn_type='aws') credentials retrieved from login and password.
[2025-04-04T10:24:18.431+0000] {base.py:73} INFO - Using connection ID 'minio_s3' for task execution.
[2025-04-04T10:24:18.450+0000] {connection_wrapper.py:334} INFO - AWS Connection (conn_id='minio_s3', conn_type='aws') credentials retrieved from login and password.
[2025-04-04T10:24:31.857+0000] {base.py:73} INFO - Using connection ID 'minio_s3' for task execution.
[2025-04-04T10:24:31.878+0000] {connection_wrapper.py:334} INFO - AWS Connection (conn_id='minio_s3', conn_type='aws') credentials retrieved from login and password.
[2025-04-04T10:24:44.686+0000] {base.py:73} INFO - Using connection ID 'minio_s3' for task execution.
[2025-04-04T10:24:44.713+0000] {connection_wrapper.py:334} INFO - AWS Connection (conn_id='minio_s3', conn_type='aws') credentials retrieved from login and password.
[2025-04-04T10:25:02.461+0000] {base.py:73} INFO - Using connection ID 'minio_s3' for task execution.
[2025-04-04T10:25:02.497+0000] {connection_wrapper.py:334} INFO - AWS Connection (conn_id='minio_s3', conn_type='aws') credentials retrieved from login and password.
[2025-04-04T10:26:58.532+0000] {base.py:73} INFO - Using connection ID 'minio_s3' for task execution.
[2025-04-04T10:26:58.546+0000] {connection_wrapper.py:334} INFO - AWS Connection (conn_id='minio_s3', conn_type='aws') credentials retrieved from login and password.
[2025-04-04T10:27:10.741+0000] {base.py:73} INFO - Using connection ID 'minio_s3' for task execution.
[2025-04-04T10:27:10.744+0000] {connection_wrapper.py:334} INFO - AWS Connection (conn_id='minio_s3', conn_type='aws') credentials retrieved from login and password.
[2025-04-04T10:27:22.731+0000] {base.py:73} INFO - Using connection ID 'minio_s3' for task execution.
[2025-04-04T10:27:22.738+0000] {connection_wrapper.py:334} INFO - AWS Connection (conn_id='minio_s3', conn_type='aws') credentials retrieved from login and password.
[2025-04-04T10:27:33.507+0000] {base.py:73} INFO - Using connection ID 'minio_s3' for task execution.
[2025-04-04T10:27:33.510+0000] {connection_wrapper.py:334} INFO - AWS Connection (conn_id='minio_s3', conn_type='aws') credentials retrieved from login and password.
[2025-04-04T10:27:44.796+0000] {base.py:73} INFO - Using connection ID 'minio_s3' for task execution.
[2025-04-04T10:27:44.838+0000] {connection_wrapper.py:334} INFO - AWS Connection (conn_id='minio_s3', conn_type='aws') credentials retrieved from login and password.
[2025-04-04T10:27:59.895+0000] {base.py:73} INFO - Using connection ID 'minio_s3' for task execution.
[2025-04-04T10:27:59.900+0000] {connection_wrapper.py:334} INFO - AWS Connection (conn_id='minio_s3', conn_type='aws') credentials retrieved from login and password.
[2025-04-04T10:28:16.253+0000] {base.py:73} INFO - Using connection ID 'minio_s3' for task execution.
[2025-04-04T10:28:16.325+0000] {connection_wrapper.py:334} INFO - AWS Connection (conn_id='minio_s3', conn_type='aws') credentials retrieved from login and password.
[2025-04-04T10:28:29.010+0000] {base.py:73} INFO - Using connection ID 'minio_s3' for task execution.
[2025-04-04T10:28:29.055+0000] {connection_wrapper.py:334} INFO - AWS Connection (conn_id='minio_s3', conn_type='aws') credentials retrieved from login and password.
[2025-04-04T10:28:43.392+0000] {base.py:73} INFO - Using connection ID 'minio_s3' for task execution.
[2025-04-04T10:28:43.427+0000] {connection_wrapper.py:334} INFO - AWS Connection (conn_id='minio_s3', conn_type='aws') credentials retrieved from login and password.
[2025-04-04T10:31:00.762+0000] {base.py:73} INFO - Using connection ID 'minio_s3' for task execution.
[2025-04-04T10:31:00.854+0000] {connection_wrapper.py:334} INFO - AWS Connection (conn_id='minio_s3', conn_type='aws') credentials retrieved from login and password.
[2025-04-04T10:31:43.767+0000] {base.py:73} INFO - Using connection ID 'minio_s3' for task execution.
[2025-04-04T10:31:43.786+0000] {connection_wrapper.py:334} INFO - AWS Connection (conn_id='minio_s3', conn_type='aws') credentials retrieved from login and password.
[2025-04-04T10:32:10.243+0000] {base.py:73} INFO - Using connection ID 'minio_s3' for task execution.
[2025-04-04T10:32:10.273+0000] {connection_wrapper.py:334} INFO - AWS Connection (conn_id='minio_s3', conn_type='aws') credentials retrieved from login and password.
[2025-04-04T10:34:38.355+0000] {base.py:73} INFO - Using connection ID 'minio_s3' for task execution.
[2025-04-04T10:34:38.499+0000] {connection_wrapper.py:334} INFO - AWS Connection (conn_id='minio_s3', conn_type='aws') credentials retrieved from login and password.
[2025-04-04T10:34:51.452+0000] {base.py:73} INFO - Using connection ID 'minio_s3' for task execution.
[2025-04-04T10:34:51.463+0000] {connection_wrapper.py:334} INFO - AWS Connection (conn_id='minio_s3', conn_type='aws') credentials retrieved from login and password.
[2025-04-04T10:34:55.945+0000] {base.py:73} INFO - Using connection ID 'minio_s3' for task execution.
[2025-04-04T10:34:55.951+0000] {connection_wrapper.py:334} INFO - AWS Connection (conn_id='minio_s3', conn_type='aws') credentials retrieved from login and password.
[2025-04-04T10:35:07.349+0000] {base.py:73} INFO - Using connection ID 'minio_s3' for task execution.
[2025-04-04T10:35:07.358+0000] {connection_wrapper.py:334} INFO - AWS Connection (conn_id='minio_s3', conn_type='aws') credentials retrieved from login and password.
[2025-04-04T10:35:12.109+0000] {base.py:73} INFO - Using connection ID 'minio_s3' for task execution.
[2025-04-04T10:35:12.112+0000] {connection_wrapper.py:334} INFO - AWS Connection (conn_id='minio_s3', conn_type='aws') credentials retrieved from login and password.
[2025-04-04T10:35:20.258+0000] {base.py:73} INFO - Using connection ID 'minio_s3' for task execution.
[2025-04-04T10:35:20.262+0000] {connection_wrapper.py:334} INFO - AWS Connection (conn_id='minio_s3', conn_type='aws') credentials retrieved from login and password.
[2025-04-04T10:35:28.030+0000] {base.py:73} INFO - Using connection ID 'minio_s3' for task execution.
[2025-04-04T10:35:28.053+0000] {connection_wrapper.py:334} INFO - AWS Connection (conn_id='minio_s3', conn_type='aws') credentials retrieved from login and password.
[2025-04-04T10:35:33.142+0000] {base.py:73} INFO - Using connection ID 'minio_s3' for task execution.
[2025-04-04T10:35:33.159+0000] {connection_wrapper.py:334} INFO - AWS Connection (conn_id='minio_s3', conn_type='aws') credentials retrieved from login and password.
[2025-04-04T10:35:42.095+0000] {base.py:73} INFO - Using connection ID 'minio_s3' for task execution.
[2025-04-04T10:35:42.119+0000] {connection_wrapper.py:334} INFO - AWS Connection (conn_id='minio_s3', conn_type='aws') credentials retrieved from login and password.
[2025-04-04T10:35:47.824+0000] {base.py:73} INFO - Using connection ID 'minio_s3' for task execution.
[2025-04-04T10:35:47.828+0000] {connection_wrapper.py:334} INFO - AWS Connection (conn_id='minio_s3', conn_type='aws') credentials retrieved from login and password.
[2025-04-04T10:35:55.389+0000] {base.py:73} INFO - Using connection ID 'minio_s3' for task execution.
[2025-04-04T10:35:55.392+0000] {connection_wrapper.py:334} INFO - AWS Connection (conn_id='minio_s3', conn_type='aws') credentials retrieved from login and password.
[2025-04-04T10:35:59.113+0000] {base.py:73} INFO - Using connection ID 'minio_s3' for task execution.
[2025-04-04T10:35:59.130+0000] {connection_wrapper.py:334} INFO - AWS Connection (conn_id='minio_s3', conn_type='aws') credentials retrieved from login and password.
[2025-04-04T10:36:03.559+0000] {local_task_job.py:112} ERROR - Received SIGTERM. Terminating subprocesses
[2025-04-04T10:36:04.722+0000] {process_utils.py:133} INFO - Sending Signals.SIGTERM to group 104. PIDs of all processes in the group: [104]
[2025-04-04T10:36:04.824+0000] {process_utils.py:84} INFO - Sending the signal Signals.SIGTERM to group 104
[2025-04-04T10:36:04.900+0000] {taskinstance.py:1479} ERROR - Received SIGTERM. Terminating subprocesses.
[2025-04-04T10:36:04.924+0000] {entry_points.py:53} WARNING - Error when retrieving package metadata (skipping it): <importlib_metadata.PathDistribution object at 0x7ff04f7eea90>, Task received SIGTERM signal
