[2025-04-04T09:03:49.799+0000] {taskinstance.py:1083} INFO - Dependencies all met for <TaskInstance: download_and_store_images.upload_images scheduled__2023-08-14T00:00:00+00:00 [queued]>
[2025-04-04T09:03:49.924+0000] {taskinstance.py:1083} INFO - Dependencies all met for <TaskInstance: download_and_store_images.upload_images scheduled__2023-08-14T00:00:00+00:00 [queued]>
[2025-04-04T09:03:49.925+0000] {taskinstance.py:1279} INFO - 
--------------------------------------------------------------------------------
[2025-04-04T09:03:49.925+0000] {taskinstance.py:1280} INFO - Starting attempt 1 of 2
[2025-04-04T09:03:49.926+0000] {taskinstance.py:1281} INFO - 
--------------------------------------------------------------------------------
[2025-04-04T09:03:50.111+0000] {taskinstance.py:1300} INFO - Executing <Task(PythonOperator): upload_images> on 2023-08-14 00:00:00+00:00
[2025-04-04T09:03:50.171+0000] {standard_task_runner.py:55} INFO - Started process 1848 to run task
[2025-04-04T09:03:50.191+0000] {standard_task_runner.py:82} INFO - Running: ['***', 'tasks', 'run', 'download_and_store_images', 'upload_images', 'scheduled__2023-08-14T00:00:00+00:00', '--job-id', '458', '--raw', '--subdir', 'DAGS_FOLDER/dag_data_collect.py', '--cfg-path', '/tmp/tmpuhvz2er_']
[2025-04-04T09:03:50.195+0000] {standard_task_runner.py:83} INFO - Job 458: Subtask upload_images
[2025-04-04T09:03:50.259+0000] {warnings.py:110} WARNING - /home/***/.local/lib/python3.7/site-packages/***/settings.py:249: DeprecationWarning: The sql_alchemy_conn option in [core] has been moved to the sql_alchemy_conn option in [database] - the old setting has been used, but please update your config.
  SQL_ALCHEMY_CONN = conf.get("database", "SQL_ALCHEMY_CONN")

[2025-04-04T09:03:50.442+0000] {warnings.py:110} WARNING - /home/***/.local/lib/python3.7/site-packages/***/utils/sqlalchemy.py:124: DeprecationWarning: The sql_alchemy_conn option in [core] has been moved to the sql_alchemy_conn option in [database] - the old setting has been used, but please update your config.
  return not conf.get("database", "sql_alchemy_conn").startswith("mssql")

[2025-04-04T09:03:50.595+0000] {task_command.py:388} INFO - Running <TaskInstance: download_and_store_images.upload_images scheduled__2023-08-14T00:00:00+00:00 [running]> on host 91a2461e5846
[2025-04-04T09:03:51.023+0000] {taskinstance.py:1509} INFO - Exporting the following env vars:
AIRFLOW_CTX_DAG_OWNER=***
AIRFLOW_CTX_DAG_ID=download_and_store_images
AIRFLOW_CTX_TASK_ID=upload_images
AIRFLOW_CTX_EXECUTION_DATE=2023-08-14T00:00:00+00:00
AIRFLOW_CTX_TRY_NUMBER=1
AIRFLOW_CTX_DAG_RUN_ID=scheduled__2023-08-14T00:00:00+00:00
[2025-04-04T09:03:51.054+0000] {base.py:73} INFO - Using connection ID 'minio_s3' for task execution.
[2025-04-04T09:03:51.056+0000] {connection_wrapper.py:334} INFO - AWS Connection (conn_id='minio_s3', conn_type='aws') credentials retrieved from login and password.
[2025-04-04T09:03:51.057+0000] {warnings.py:110} WARNING - /home/***/.local/lib/python3.7/site-packages/***/providers/amazon/aws/utils/connection_wrapper.py:8: DeprecationWarning: extra['host'] is deprecated and will be removed in a future release. Please set extra['endpoint_url'] instead
  #

[2025-04-04T09:03:53.731+0000] {base.py:73} INFO - Using connection ID 'minio_s3' for task execution.
[2025-04-04T09:03:53.733+0000] {connection_wrapper.py:334} INFO - AWS Connection (conn_id='minio_s3', conn_type='aws') credentials retrieved from login and password.
[2025-04-04T09:03:54.950+0000] {python.py:177} INFO - Done. Returned value was: [None, None]
[2025-04-04T09:03:55.017+0000] {taskinstance.py:1323} INFO - Marking task as SUCCESS. dag_id=download_and_store_images, task_id=upload_images, execution_date=20230814T000000, start_date=20250404T090349, end_date=20250404T090355
[2025-04-04T09:03:55.107+0000] {local_task_job.py:208} INFO - Task exited with return code 0
[2025-04-04T09:03:55.191+0000] {taskinstance.py:2578} INFO - 0 downstream tasks scheduled from follow-on schedule check
