[2025-04-04T09:03:59.678+0000] {taskinstance.py:1083} INFO - Dependencies all met for <TaskInstance: download_and_store_images.download_images scheduled__2023-08-19T00:00:00+00:00 [queued]>
[2025-04-04T09:03:59.719+0000] {taskinstance.py:1083} INFO - Dependencies all met for <TaskInstance: download_and_store_images.download_images scheduled__2023-08-19T00:00:00+00:00 [queued]>
[2025-04-04T09:03:59.720+0000] {taskinstance.py:1279} INFO - 
--------------------------------------------------------------------------------
[2025-04-04T09:03:59.721+0000] {taskinstance.py:1280} INFO - Starting attempt 1 of 2
[2025-04-04T09:03:59.722+0000] {taskinstance.py:1281} INFO - 
--------------------------------------------------------------------------------
[2025-04-04T09:03:59.793+0000] {taskinstance.py:1300} INFO - Executing <Task(PythonOperator): download_images> on 2023-08-19 00:00:00+00:00
[2025-04-04T09:03:59.813+0000] {standard_task_runner.py:55} INFO - Started process 1894 to run task
[2025-04-04T09:03:59.828+0000] {standard_task_runner.py:82} INFO - Running: ['***', 'tasks', 'run', 'download_and_store_images', 'download_images', 'scheduled__2023-08-19T00:00:00+00:00', '--job-id', '463', '--raw', '--subdir', 'DAGS_FOLDER/dag_data_collect.py', '--cfg-path', '/tmp/tmp7rh466py']
[2025-04-04T09:03:59.829+0000] {standard_task_runner.py:83} INFO - Job 463: Subtask download_images
[2025-04-04T09:03:59.865+0000] {warnings.py:110} WARNING - /home/***/.local/lib/python3.7/site-packages/***/settings.py:249: DeprecationWarning: The sql_alchemy_conn option in [core] has been moved to the sql_alchemy_conn option in [database] - the old setting has been used, but please update your config.
  SQL_ALCHEMY_CONN = conf.get("database", "SQL_ALCHEMY_CONN")

[2025-04-04T09:03:59.940+0000] {warnings.py:110} WARNING - /home/***/.local/lib/python3.7/site-packages/***/utils/sqlalchemy.py:124: DeprecationWarning: The sql_alchemy_conn option in [core] has been moved to the sql_alchemy_conn option in [database] - the old setting has been used, but please update your config.
  return not conf.get("database", "sql_alchemy_conn").startswith("mssql")

[2025-04-04T09:04:00.091+0000] {task_command.py:388} INFO - Running <TaskInstance: download_and_store_images.download_images scheduled__2023-08-19T00:00:00+00:00 [running]> on host 91a2461e5846
[2025-04-04T09:04:00.352+0000] {taskinstance.py:1509} INFO - Exporting the following env vars:
AIRFLOW_CTX_DAG_OWNER=***
AIRFLOW_CTX_DAG_ID=download_and_store_images
AIRFLOW_CTX_TASK_ID=download_images
AIRFLOW_CTX_EXECUTION_DATE=2023-08-19T00:00:00+00:00
AIRFLOW_CTX_TRY_NUMBER=1
AIRFLOW_CTX_DAG_RUN_ID=scheduled__2023-08-19T00:00:00+00:00
[2025-04-04T09:04:00.682+0000] {python.py:177} INFO - Done. Returned value was: [None, None]
[2025-04-04T09:04:00.745+0000] {taskinstance.py:1323} INFO - Marking task as SUCCESS. dag_id=download_and_store_images, task_id=download_images, execution_date=20230819T000000, start_date=20250404T090359, end_date=20250404T090400
[2025-04-04T09:04:00.831+0000] {local_task_job.py:208} INFO - Task exited with return code 0
[2025-04-04T09:04:01.115+0000] {taskinstance.py:2578} INFO - 0 downstream tasks scheduled from follow-on schedule check
