[2025-04-04T09:00:24.320+0000] {taskinstance.py:1083} INFO - Dependencies all met for <TaskInstance: download_and_store_images.download_images scheduled__2023-04-25T00:00:00+00:00 [queued]>
[2025-04-04T09:00:24.347+0000] {taskinstance.py:1083} INFO - Dependencies all met for <TaskInstance: download_and_store_images.download_images scheduled__2023-04-25T00:00:00+00:00 [queued]>
[2025-04-04T09:00:24.348+0000] {taskinstance.py:1279} INFO - 
--------------------------------------------------------------------------------
[2025-04-04T09:00:24.349+0000] {taskinstance.py:1280} INFO - Starting attempt 1 of 2
[2025-04-04T09:00:24.350+0000] {taskinstance.py:1281} INFO - 
--------------------------------------------------------------------------------
[2025-04-04T09:00:24.397+0000] {taskinstance.py:1300} INFO - Executing <Task(PythonOperator): download_images> on 2023-04-25 00:00:00+00:00
[2025-04-04T09:00:24.424+0000] {standard_task_runner.py:55} INFO - Started process 964 to run task
[2025-04-04T09:00:24.434+0000] {standard_task_runner.py:82} INFO - Running: ['***', 'tasks', 'run', 'download_and_store_images', 'download_images', 'scheduled__2023-04-25T00:00:00+00:00', '--job-id', '230', '--raw', '--subdir', 'DAGS_FOLDER/dagv2_data_collect.py', '--cfg-path', '/tmp/tmpxyt52t81']
[2025-04-04T09:00:24.435+0000] {standard_task_runner.py:83} INFO - Job 230: Subtask download_images
[2025-04-04T09:00:24.497+0000] {warnings.py:110} WARNING - /home/***/.local/lib/python3.7/site-packages/***/settings.py:249: DeprecationWarning: The sql_alchemy_conn option in [core] has been moved to the sql_alchemy_conn option in [database] - the old setting has been used, but please update your config.
  SQL_ALCHEMY_CONN = conf.get("database", "SQL_ALCHEMY_CONN")

[2025-04-04T09:00:24.687+0000] {warnings.py:110} WARNING - /home/***/.local/lib/python3.7/site-packages/***/utils/sqlalchemy.py:124: DeprecationWarning: The sql_alchemy_conn option in [core] has been moved to the sql_alchemy_conn option in [database] - the old setting has been used, but please update your config.
  return not conf.get("database", "sql_alchemy_conn").startswith("mssql")

[2025-04-04T09:00:24.841+0000] {task_command.py:388} INFO - Running <TaskInstance: download_and_store_images.download_images scheduled__2023-04-25T00:00:00+00:00 [running]> on host 91a2461e5846
[2025-04-04T09:00:25.079+0000] {taskinstance.py:1509} INFO - Exporting the following env vars:
AIRFLOW_CTX_DAG_OWNER=***
AIRFLOW_CTX_DAG_ID=download_and_store_images
AIRFLOW_CTX_TASK_ID=download_images
AIRFLOW_CTX_EXECUTION_DATE=2023-04-25T00:00:00+00:00
AIRFLOW_CTX_TRY_NUMBER=1
AIRFLOW_CTX_DAG_RUN_ID=scheduled__2023-04-25T00:00:00+00:00
[2025-04-04T09:00:25.299+0000] {python.py:177} INFO - Done. Returned value was: [None, None]
[2025-04-04T09:00:25.376+0000] {taskinstance.py:1323} INFO - Marking task as SUCCESS. dag_id=download_and_store_images, task_id=download_images, execution_date=20230425T000000, start_date=20250404T090024, end_date=20250404T090025
[2025-04-04T09:00:25.452+0000] {local_task_job.py:208} INFO - Task exited with return code 0
[2025-04-04T09:00:25.541+0000] {taskinstance.py:2578} INFO - 1 downstream tasks scheduled from follow-on schedule check
