[2025-04-04T08:59:06.917+0000] {taskinstance.py:1083} INFO - Dependencies all met for <TaskInstance: download_and_store_images.download_images scheduled__2023-03-10T00:00:00+00:00 [queued]>
[2025-04-04T08:59:06.955+0000] {taskinstance.py:1083} INFO - Dependencies all met for <TaskInstance: download_and_store_images.download_images scheduled__2023-03-10T00:00:00+00:00 [queued]>
[2025-04-04T08:59:06.956+0000] {taskinstance.py:1279} INFO - 
--------------------------------------------------------------------------------
[2025-04-04T08:59:06.957+0000] {taskinstance.py:1280} INFO - Starting attempt 1 of 2
[2025-04-04T08:59:06.958+0000] {taskinstance.py:1281} INFO - 
--------------------------------------------------------------------------------
[2025-04-04T08:59:07.020+0000] {taskinstance.py:1300} INFO - Executing <Task(PythonOperator): download_images> on 2023-03-10 00:00:00+00:00
[2025-04-04T08:59:07.041+0000] {standard_task_runner.py:55} INFO - Started process 587 to run task
[2025-04-04T08:59:07.051+0000] {standard_task_runner.py:82} INFO - Running: ['***', 'tasks', 'run', 'download_and_store_images', 'download_images', 'scheduled__2023-03-10T00:00:00+00:00', '--job-id', '136', '--raw', '--subdir', 'DAGS_FOLDER/dagv2_data_collect.py', '--cfg-path', '/tmp/tmpvih15f5x']
[2025-04-04T08:59:07.053+0000] {standard_task_runner.py:83} INFO - Job 136: Subtask download_images
[2025-04-04T08:59:07.095+0000] {warnings.py:110} WARNING - /home/***/.local/lib/python3.7/site-packages/***/settings.py:249: DeprecationWarning: The sql_alchemy_conn option in [core] has been moved to the sql_alchemy_conn option in [database] - the old setting has been used, but please update your config.
  SQL_ALCHEMY_CONN = conf.get("database", "SQL_ALCHEMY_CONN")

[2025-04-04T08:59:07.198+0000] {warnings.py:110} WARNING - /home/***/.local/lib/python3.7/site-packages/***/utils/sqlalchemy.py:124: DeprecationWarning: The sql_alchemy_conn option in [core] has been moved to the sql_alchemy_conn option in [database] - the old setting has been used, but please update your config.
  return not conf.get("database", "sql_alchemy_conn").startswith("mssql")

[2025-04-04T08:59:07.308+0000] {task_command.py:388} INFO - Running <TaskInstance: download_and_store_images.download_images scheduled__2023-03-10T00:00:00+00:00 [running]> on host 91a2461e5846
[2025-04-04T08:59:07.530+0000] {taskinstance.py:1509} INFO - Exporting the following env vars:
AIRFLOW_CTX_DAG_OWNER=***
AIRFLOW_CTX_DAG_ID=download_and_store_images
AIRFLOW_CTX_TASK_ID=download_images
AIRFLOW_CTX_EXECUTION_DATE=2023-03-10T00:00:00+00:00
AIRFLOW_CTX_TRY_NUMBER=1
AIRFLOW_CTX_DAG_RUN_ID=scheduled__2023-03-10T00:00:00+00:00
[2025-04-04T08:59:07.836+0000] {python.py:177} INFO - Done. Returned value was: [None, None]
[2025-04-04T08:59:07.993+0000] {taskinstance.py:1323} INFO - Marking task as SUCCESS. dag_id=download_and_store_images, task_id=download_images, execution_date=20230310T000000, start_date=20250404T085906, end_date=20250404T085907
[2025-04-04T08:59:08.282+0000] {local_task_job.py:208} INFO - Task exited with return code 0
[2025-04-04T08:59:08.432+0000] {taskinstance.py:2578} INFO - 1 downstream tasks scheduled from follow-on schedule check
