[2025-04-04T16:24:32.004+0000] {taskinstance.py:1083} INFO - Dependencies all met for <TaskInstance: download_and_store_images.download_and_upload_images scheduled__2025-04-03T16:24:04.975828+00:00 [queued]>
[2025-04-04T16:24:32.321+0000] {taskinstance.py:1083} INFO - Dependencies all met for <TaskInstance: download_and_store_images.download_and_upload_images scheduled__2025-04-03T16:24:04.975828+00:00 [queued]>
[2025-04-04T16:24:32.322+0000] {taskinstance.py:1279} INFO - 
--------------------------------------------------------------------------------
[2025-04-04T16:24:32.323+0000] {taskinstance.py:1280} INFO - Starting attempt 1 of 2
[2025-04-04T16:24:32.324+0000] {taskinstance.py:1281} INFO - 
--------------------------------------------------------------------------------
[2025-04-04T16:24:32.437+0000] {taskinstance.py:1300} INFO - Executing <Task(PythonOperator): download_and_upload_images> on 2025-04-03 16:24:04.975828+00:00
[2025-04-04T16:24:32.464+0000] {standard_task_runner.py:55} INFO - Started process 1370 to run task
[2025-04-04T16:24:32.505+0000] {standard_task_runner.py:82} INFO - Running: ['***', 'tasks', 'run', 'download_and_store_images', 'download_and_upload_images', 'scheduled__2025-04-03T16:24:04.975828+00:00', '--job-id', '830', '--raw', '--subdir', 'DAGS_FOLDER/dag_data_collect.py', '--cfg-path', '/tmp/tmpzbkyh37k']
[2025-04-04T16:24:32.507+0000] {standard_task_runner.py:83} INFO - Job 830: Subtask download_and_upload_images
[2025-04-04T16:24:32.784+0000] {warnings.py:110} WARNING - /home/***/.local/lib/python3.7/site-packages/***/settings.py:249: DeprecationWarning: The sql_alchemy_conn option in [core] has been moved to the sql_alchemy_conn option in [database] - the old setting has been used, but please update your config.
  SQL_ALCHEMY_CONN = conf.get("database", "SQL_ALCHEMY_CONN")

[2025-04-04T16:24:33.799+0000] {warnings.py:110} WARNING - /home/***/.local/lib/python3.7/site-packages/***/utils/sqlalchemy.py:124: DeprecationWarning: The sql_alchemy_conn option in [core] has been moved to the sql_alchemy_conn option in [database] - the old setting has been used, but please update your config.
  return not conf.get("database", "sql_alchemy_conn").startswith("mssql")

[2025-04-04T16:24:34.428+0000] {task_command.py:388} INFO - Running <TaskInstance: download_and_store_images.download_and_upload_images scheduled__2025-04-03T16:24:04.975828+00:00 [running]> on host fd5deae9c635
[2025-04-04T16:24:37.679+0000] {taskinstance.py:1509} INFO - Exporting the following env vars:
AIRFLOW_CTX_DAG_OWNER=***
AIRFLOW_CTX_DAG_ID=download_and_store_images
AIRFLOW_CTX_TASK_ID=download_and_upload_images
AIRFLOW_CTX_EXECUTION_DATE=2025-04-03T16:24:04.975828+00:00
AIRFLOW_CTX_TRY_NUMBER=1
AIRFLOW_CTX_DAG_RUN_ID=scheduled__2025-04-03T16:24:04.975828+00:00
[2025-04-04T16:24:42.982+0000] {base.py:73} INFO - Using connection ID 'minio_s3' for task execution.
[2025-04-04T16:24:43.025+0000] {connection_wrapper.py:334} INFO - AWS Connection (conn_id='minio_s3', conn_type='aws') credentials retrieved from login and password.
[2025-04-04T16:24:43.106+0000] {warnings.py:110} WARNING - /home/***/.local/lib/python3.7/site-packages/***/providers/amazon/aws/utils/connection_wrapper.py:8: DeprecationWarning: extra['host'] is deprecated and will be removed in a future release. Please set extra['endpoint_url'] instead
  #

[2025-04-04T16:24:43.270+0000] {local_task_job.py:273} WARNING - State of this instance has been externally set to failed. Terminating instance.
[2025-04-04T16:24:43.291+0000] {process_utils.py:133} INFO - Sending Signals.SIGTERM to group 1370. PIDs of all processes in the group: [1370]
[2025-04-04T16:24:43.306+0000] {process_utils.py:84} INFO - Sending the signal Signals.SIGTERM to group 1370
[2025-04-04T16:24:43.338+0000] {taskinstance.py:1479} ERROR - Received SIGTERM. Terminating subprocesses.
[2025-04-04T16:25:04.097+0000] {base.py:73} INFO - Using connection ID 'minio_s3' for task execution.
[2025-04-04T16:25:04.163+0000] {connection_wrapper.py:334} INFO - AWS Connection (conn_id='minio_s3', conn_type='aws') credentials retrieved from login and password.
[2025-04-04T16:25:19.007+0000] {base.py:73} INFO - Using connection ID 'minio_s3' for task execution.
[2025-04-04T16:25:19.046+0000] {connection_wrapper.py:334} INFO - AWS Connection (conn_id='minio_s3', conn_type='aws') credentials retrieved from login and password.
[2025-04-04T16:25:21.913+0000] {base.py:73} INFO - Using connection ID 'minio_s3' for task execution.
[2025-04-04T16:25:21.926+0000] {connection_wrapper.py:334} INFO - AWS Connection (conn_id='minio_s3', conn_type='aws') credentials retrieved from login and password.
[2025-04-04T16:25:25.578+0000] {base.py:73} INFO - Using connection ID 'minio_s3' for task execution.
[2025-04-04T16:25:25.589+0000] {connection_wrapper.py:334} INFO - AWS Connection (conn_id='minio_s3', conn_type='aws') credentials retrieved from login and password.
[2025-04-04T16:25:33.793+0000] {base.py:73} INFO - Using connection ID 'minio_s3' for task execution.
[2025-04-04T16:25:33.798+0000] {connection_wrapper.py:334} INFO - AWS Connection (conn_id='minio_s3', conn_type='aws') credentials retrieved from login and password.
[2025-04-04T16:25:36.707+0000] {base.py:73} INFO - Using connection ID 'minio_s3' for task execution.
[2025-04-04T16:25:36.709+0000] {connection_wrapper.py:334} INFO - AWS Connection (conn_id='minio_s3', conn_type='aws') credentials retrieved from login and password.
[2025-04-04T16:25:39.521+0000] {base.py:73} INFO - Using connection ID 'minio_s3' for task execution.
[2025-04-04T16:25:39.531+0000] {connection_wrapper.py:334} INFO - AWS Connection (conn_id='minio_s3', conn_type='aws') credentials retrieved from login and password.
[2025-04-04T16:25:42.289+0000] {base.py:73} INFO - Using connection ID 'minio_s3' for task execution.
[2025-04-04T16:25:42.291+0000] {connection_wrapper.py:334} INFO - AWS Connection (conn_id='minio_s3', conn_type='aws') credentials retrieved from login and password.
[2025-04-04T16:25:43.336+0000] {process_utils.py:147} WARNING - process psutil.Process(pid=1370, name='airflow task ru', status='running', started='16:24:31') did not respond to SIGTERM. Trying SIGKILL
[2025-04-04T16:25:43.373+0000] {process_utils.py:84} INFO - Sending the signal Signals.SIGKILL to group 1370
[2025-04-04T16:25:43.443+0000] {process_utils.py:79} INFO - Process psutil.Process(pid=1370, name='airflow task ru', status='terminated', exitcode=<Negsignal.SIGKILL: -9>, started='16:24:31') (1370) terminated with exit code Negsignal.SIGKILL
[2025-04-04T16:25:43.448+0000] {standard_task_runner.py:170} ERROR - Job 830 was killed before it finished (likely due to running out of memory)
