[2025-04-04T10:35:38.239+0000] {taskinstance.py:1083} INFO - Dependencies all met for <TaskInstance: download_and_store_images.download_and_upload_images scheduled__2024-02-12T00:00:00+00:00 [queued]>
[2025-04-04T10:35:38.443+0000] {taskinstance.py:1083} INFO - Dependencies all met for <TaskInstance: download_and_store_images.download_and_upload_images scheduled__2024-02-12T00:00:00+00:00 [queued]>
[2025-04-04T10:35:38.446+0000] {taskinstance.py:1279} INFO - 
--------------------------------------------------------------------------------
[2025-04-04T10:35:38.448+0000] {taskinstance.py:1280} INFO - Starting attempt 1 of 2
[2025-04-04T10:35:38.450+0000] {taskinstance.py:1281} INFO - 
--------------------------------------------------------------------------------
[2025-04-04T10:35:38.610+0000] {taskinstance.py:1300} INFO - Executing <Task(PythonOperator): download_and_upload_images> on 2024-02-12 00:00:00+00:00
[2025-04-04T10:35:38.654+0000] {standard_task_runner.py:55} INFO - Started process 627 to run task
[2025-04-04T10:35:38.713+0000] {standard_task_runner.py:82} INFO - Running: ['***', 'tasks', 'run', 'download_and_store_images', 'download_and_upload_images', 'scheduled__2024-02-12T00:00:00+00:00', '--job-id', '795', '--raw', '--subdir', 'DAGS_FOLDER/dag_data_collect.py', '--cfg-path', '/tmp/tmpqfc85wr2']
[2025-04-04T10:35:38.721+0000] {standard_task_runner.py:83} INFO - Job 795: Subtask download_and_upload_images
[2025-04-04T10:35:39.091+0000] {warnings.py:110} WARNING - /home/***/.local/lib/python3.7/site-packages/***/settings.py:249: DeprecationWarning: The sql_alchemy_conn option in [core] has been moved to the sql_alchemy_conn option in [database] - the old setting has been used, but please update your config.
  SQL_ALCHEMY_CONN = conf.get("database", "SQL_ALCHEMY_CONN")

[2025-04-04T10:35:39.290+0000] {warnings.py:110} WARNING - /home/***/.local/lib/python3.7/site-packages/***/utils/sqlalchemy.py:124: DeprecationWarning: The sql_alchemy_conn option in [core] has been moved to the sql_alchemy_conn option in [database] - the old setting has been used, but please update your config.
  return not conf.get("database", "sql_alchemy_conn").startswith("mssql")

[2025-04-04T10:35:39.718+0000] {task_command.py:388} INFO - Running <TaskInstance: download_and_store_images.download_and_upload_images scheduled__2024-02-12T00:00:00+00:00 [running]> on host 0df80d73d4ff
[2025-04-04T10:35:41.171+0000] {taskinstance.py:1509} INFO - Exporting the following env vars:
AIRFLOW_CTX_DAG_OWNER=***
AIRFLOW_CTX_DAG_ID=download_and_store_images
AIRFLOW_CTX_TASK_ID=download_and_upload_images
AIRFLOW_CTX_EXECUTION_DATE=2024-02-12T00:00:00+00:00
AIRFLOW_CTX_TRY_NUMBER=1
AIRFLOW_CTX_DAG_RUN_ID=scheduled__2024-02-12T00:00:00+00:00
[2025-04-04T10:35:43.086+0000] {base.py:73} INFO - Using connection ID 'minio_s3' for task execution.
[2025-04-04T10:35:43.098+0000] {connection_wrapper.py:334} INFO - AWS Connection (conn_id='minio_s3', conn_type='aws') credentials retrieved from login and password.
[2025-04-04T10:35:43.127+0000] {warnings.py:110} WARNING - /home/***/.local/lib/python3.7/site-packages/***/providers/amazon/aws/utils/connection_wrapper.py:8: DeprecationWarning: extra['host'] is deprecated and will be removed in a future release. Please set extra['endpoint_url'] instead
  #

[2025-04-04T10:36:02.721+0000] {local_task_job.py:112} ERROR - Received SIGTERM. Terminating subprocesses
[2025-04-04T10:36:02.971+0000] {process_utils.py:133} INFO - Sending Signals.SIGTERM to group 627. PIDs of all processes in the group: [627]
[2025-04-04T10:36:03.100+0000] {process_utils.py:84} INFO - Sending the signal Signals.SIGTERM to group 627
[2025-04-04T10:36:03.556+0000] {taskinstance.py:1479} ERROR - Received SIGTERM. Terminating subprocesses.
[2025-04-04T10:36:03.984+0000] {taskinstance.py:1768} ERROR - Task failed with exception
Traceback (most recent call last):
  File "/home/airflow/.local/lib/python3.7/site-packages/airflow/operators/python.py", line 175, in execute
    return_value = self.execute_callable()
  File "/home/airflow/.local/lib/python3.7/site-packages/airflow/operators/python.py", line 192, in execute_callable
    return self.python_callable(*self.op_args, **self.op_kwargs)
  File "/opt/airflow/dags/dag_data_collect.py", line 85, in download_and_upload_images
    if not check_image_in_s3(new_image_name):
  File "/opt/airflow/dags/dag_data_collect.py", line 55, in check_image_in_s3
    return s3.check_for_key(key, bucket_name)
  File "/home/airflow/.local/lib/python3.7/site-packages/airflow/providers/amazon/aws/hooks/s3.py", line 99, in wrapper
    return func(*bound_args.args, **bound_args.kwargs)
  File "/home/airflow/.local/lib/python3.7/site-packages/airflow/providers/amazon/aws/hooks/s3.py", line 70, in wrapper
    return func(*bound_args.args, **bound_args.kwargs)
  File "/home/airflow/.local/lib/python3.7/site-packages/airflow/providers/amazon/aws/hooks/s3.py", line 481, in check_for_key
    obj = self.head_object(key, bucket_name)
  File "/home/airflow/.local/lib/python3.7/site-packages/airflow/providers/amazon/aws/hooks/s3.py", line 99, in wrapper
    return func(*bound_args.args, **bound_args.kwargs)
  File "/home/airflow/.local/lib/python3.7/site-packages/airflow/providers/amazon/aws/hooks/s3.py", line 70, in wrapper
    return func(*bound_args.args, **bound_args.kwargs)
  File "/home/airflow/.local/lib/python3.7/site-packages/airflow/providers/amazon/aws/hooks/s3.py", line 464, in head_object
    return self.get_conn().head_object(Bucket=bucket_name, Key=key)
  File "/home/airflow/.local/lib/python3.7/site-packages/airflow/providers/amazon/aws/hooks/base_aws.py", line 641, in get_conn
    return self.conn
  File "/home/airflow/.local/lib/python3.7/site-packages/cached_property.py", line 36, in __get__
    value = obj.__dict__[self.func.__name__] = self.func(obj)
  File "/home/airflow/.local/lib/python3.7/site-packages/airflow/providers/amazon/aws/hooks/base_aws.py", line 609, in conn
    return self.get_client_type(region_name=self.region_name)
  File "/home/airflow/.local/lib/python3.7/site-packages/airflow/providers/amazon/aws/hooks/base_aws.py", line 578, in get_client_type
    verify=self.verify,
  File "/home/airflow/.local/lib/python3.7/site-packages/boto3/session.py", line 309, in client
    config=config,
  File "/home/airflow/.local/lib/python3.7/site-packages/botocore/session.py", line 986, in create_client
    auth_token=auth_token,
  File "/home/airflow/.local/lib/python3.7/site-packages/botocore/client.py", line 126, in create_client
    service_model = self._load_service_model(service_name, api_version)
  File "/home/airflow/.local/lib/python3.7/site-packages/botocore/client.py", line 229, in _load_service_model
    service_name, 'service-2', api_version=api_version
  File "/home/airflow/.local/lib/python3.7/site-packages/botocore/loaders.py", line 142, in _wrapper
    data = func(self, *args, **kwargs)
  File "/home/airflow/.local/lib/python3.7/site-packages/botocore/loaders.py", line 406, in load_service_model
    known_services = self.list_available_services(type_name)
  File "/home/airflow/.local/lib/python3.7/site-packages/botocore/loaders.py", line 142, in _wrapper
    data = func(self, *args, **kwargs)
  File "/home/airflow/.local/lib/python3.7/site-packages/botocore/loaders.py", line 306, in list_available_services
    for d in os.listdir(possible_path)
  File "/home/airflow/.local/lib/python3.7/site-packages/botocore/loaders.py", line 305, in <listcomp>
    d
  File "/home/airflow/.local/lib/python3.7/site-packages/airflow/models/taskinstance.py", line 1481, in signal_handler
    raise AirflowException("Task received SIGTERM signal")
airflow.exceptions.AirflowException: Task received SIGTERM signal
[2025-04-04T10:36:04.975+0000] {taskinstance.py:1323} INFO - Marking task as UP_FOR_RETRY. dag_id=download_and_store_images, task_id=download_and_upload_images, execution_date=20240212T000000, start_date=20250404T103538, end_date=20250404T103604
[2025-04-04T10:36:05.550+0000] {standard_task_runner.py:105} ERROR - Failed to execute job 795 for task download_and_upload_images (Task received SIGTERM signal; 627)
[2025-04-04T10:36:07.741+0000] {process_utils.py:79} INFO - Process psutil.Process(pid=627, status='terminated', exitcode=1, started='10:35:37') (627) terminated with exit code 1
[2025-04-04T10:36:07.746+0000] {local_task_job.py:208} INFO - Task exited with return code 143
[2025-04-04T10:36:09.845+0000] {taskinstance.py:2578} INFO - 0 downstream tasks scheduled from follow-on schedule check
