[2025-04-04T09:08:31.090+0000] {taskinstance.py:1083} INFO - Dependencies all met for <TaskInstance: download_and_store_images.download_images scheduled__2024-01-10T00:00:00+00:00 [queued]>
[2025-04-04T09:08:31.174+0000] {taskinstance.py:1083} INFO - Dependencies all met for <TaskInstance: download_and_store_images.download_images scheduled__2024-01-10T00:00:00+00:00 [queued]>
[2025-04-04T09:08:31.175+0000] {taskinstance.py:1279} INFO - 
--------------------------------------------------------------------------------
[2025-04-04T09:08:31.175+0000] {taskinstance.py:1280} INFO - Starting attempt 1 of 2
[2025-04-04T09:08:31.177+0000] {taskinstance.py:1281} INFO - 
--------------------------------------------------------------------------------
[2025-04-04T09:08:31.309+0000] {taskinstance.py:1300} INFO - Executing <Task(PythonOperator): download_images> on 2024-01-10 00:00:00+00:00
[2025-04-04T09:08:31.367+0000] {standard_task_runner.py:55} INFO - Started process 3016 to run task
[2025-04-04T09:08:31.408+0000] {standard_task_runner.py:82} INFO - Running: ['***', 'tasks', 'run', 'download_and_store_images', 'download_images', 'scheduled__2024-01-10T00:00:00+00:00', '--job-id', '747', '--raw', '--subdir', 'DAGS_FOLDER/dag_data_collect.py', '--cfg-path', '/tmp/tmp0_cqsd_4']
[2025-04-04T09:08:31.417+0000] {standard_task_runner.py:83} INFO - Job 747: Subtask download_images
[2025-04-04T09:08:31.504+0000] {warnings.py:110} WARNING - /home/***/.local/lib/python3.7/site-packages/***/settings.py:249: DeprecationWarning: The sql_alchemy_conn option in [core] has been moved to the sql_alchemy_conn option in [database] - the old setting has been used, but please update your config.
  SQL_ALCHEMY_CONN = conf.get("database", "SQL_ALCHEMY_CONN")

[2025-04-04T09:08:31.771+0000] {warnings.py:110} WARNING - /home/***/.local/lib/python3.7/site-packages/***/utils/sqlalchemy.py:124: DeprecationWarning: The sql_alchemy_conn option in [core] has been moved to the sql_alchemy_conn option in [database] - the old setting has been used, but please update your config.
  return not conf.get("database", "sql_alchemy_conn").startswith("mssql")

[2025-04-04T09:08:31.920+0000] {task_command.py:388} INFO - Running <TaskInstance: download_and_store_images.download_images scheduled__2024-01-10T00:00:00+00:00 [running]> on host 91a2461e5846
[2025-04-04T09:08:32.803+0000] {taskinstance.py:1509} INFO - Exporting the following env vars:
AIRFLOW_CTX_DAG_OWNER=***
AIRFLOW_CTX_DAG_ID=download_and_store_images
AIRFLOW_CTX_TASK_ID=download_images
AIRFLOW_CTX_EXECUTION_DATE=2024-01-10T00:00:00+00:00
AIRFLOW_CTX_TRY_NUMBER=1
AIRFLOW_CTX_DAG_RUN_ID=scheduled__2024-01-10T00:00:00+00:00
[2025-04-04T09:08:33.192+0000] {python.py:177} INFO - Done. Returned value was: [None, None]
[2025-04-04T09:08:33.367+0000] {taskinstance.py:1323} INFO - Marking task as SUCCESS. dag_id=download_and_store_images, task_id=download_images, execution_date=20240110T000000, start_date=20250404T090831, end_date=20250404T090833
[2025-04-04T09:08:33.555+0000] {local_task_job.py:112} ERROR - Received SIGTERM. Terminating subprocesses
[2025-04-04T09:08:33.756+0000] {process_utils.py:133} INFO - Sending Signals.SIGTERM to group 3016. PIDs of all processes in the group: [3016]
[2025-04-04T09:08:33.757+0000] {process_utils.py:84} INFO - Sending the signal Signals.SIGTERM to group 3016
[2025-04-04T09:08:33.915+0000] {process_utils.py:79} INFO - Process psutil.Process(pid=3016, status='terminated', exitcode=0, started='09:08:30') (3016) terminated with exit code 0
[2025-04-04T09:08:33.919+0000] {local_task_job.py:208} INFO - Task exited with return code 143
[2025-04-04T09:08:34.322+0000] {taskinstance.py:2578} INFO - 1 downstream tasks scheduled from follow-on schedule check
