[2025-04-04T09:06:28.022+0000] {taskinstance.py:1083} INFO - Dependencies all met for <TaskInstance: download_and_store_images.download_images scheduled__2023-11-10T00:00:00+00:00 [queued]>
[2025-04-04T09:06:28.061+0000] {taskinstance.py:1083} INFO - Dependencies all met for <TaskInstance: download_and_store_images.download_images scheduled__2023-11-10T00:00:00+00:00 [queued]>
[2025-04-04T09:06:28.062+0000] {taskinstance.py:1279} INFO - 
--------------------------------------------------------------------------------
[2025-04-04T09:06:28.065+0000] {taskinstance.py:1280} INFO - Starting attempt 1 of 2
[2025-04-04T09:06:28.066+0000] {taskinstance.py:1281} INFO - 
--------------------------------------------------------------------------------
[2025-04-04T09:06:28.104+0000] {taskinstance.py:1300} INFO - Executing <Task(PythonOperator): download_images> on 2023-11-10 00:00:00+00:00
[2025-04-04T09:06:28.117+0000] {standard_task_runner.py:55} INFO - Started process 2532 to run task
[2025-04-04T09:06:28.124+0000] {standard_task_runner.py:82} INFO - Running: ['***', 'tasks', 'run', 'download_and_store_images', 'download_images', 'scheduled__2023-11-10T00:00:00+00:00', '--job-id', '625', '--raw', '--subdir', 'DAGS_FOLDER/dag_data_collect.py', '--cfg-path', '/tmp/tmp0nqtltbo']
[2025-04-04T09:06:28.126+0000] {standard_task_runner.py:83} INFO - Job 625: Subtask download_images
[2025-04-04T09:06:28.157+0000] {warnings.py:110} WARNING - /home/***/.local/lib/python3.7/site-packages/***/settings.py:249: DeprecationWarning: The sql_alchemy_conn option in [core] has been moved to the sql_alchemy_conn option in [database] - the old setting has been used, but please update your config.
  SQL_ALCHEMY_CONN = conf.get("database", "SQL_ALCHEMY_CONN")

[2025-04-04T09:06:28.207+0000] {warnings.py:110} WARNING - /home/***/.local/lib/python3.7/site-packages/***/utils/sqlalchemy.py:124: DeprecationWarning: The sql_alchemy_conn option in [core] has been moved to the sql_alchemy_conn option in [database] - the old setting has been used, but please update your config.
  return not conf.get("database", "sql_alchemy_conn").startswith("mssql")

[2025-04-04T09:06:28.308+0000] {task_command.py:388} INFO - Running <TaskInstance: download_and_store_images.download_images scheduled__2023-11-10T00:00:00+00:00 [running]> on host 91a2461e5846
[2025-04-04T09:06:28.486+0000] {taskinstance.py:1509} INFO - Exporting the following env vars:
AIRFLOW_CTX_DAG_OWNER=***
AIRFLOW_CTX_DAG_ID=download_and_store_images
AIRFLOW_CTX_TASK_ID=download_images
AIRFLOW_CTX_EXECUTION_DATE=2023-11-10T00:00:00+00:00
AIRFLOW_CTX_TRY_NUMBER=1
AIRFLOW_CTX_DAG_RUN_ID=scheduled__2023-11-10T00:00:00+00:00
[2025-04-04T09:06:28.710+0000] {python.py:177} INFO - Done. Returned value was: [None, None]
[2025-04-04T09:06:28.811+0000] {taskinstance.py:1323} INFO - Marking task as SUCCESS. dag_id=download_and_store_images, task_id=download_images, execution_date=20231110T000000, start_date=20250404T090628, end_date=20250404T090628
[2025-04-04T09:06:28.941+0000] {local_task_job.py:208} INFO - Task exited with return code 0
[2025-04-04T09:06:29.006+0000] {taskinstance.py:2578} INFO - 1 downstream tasks scheduled from follow-on schedule check
