[2025-04-16T14:10:48.351+0000] {processor.py:153} INFO - Started process (PID=36) to work on /opt/airflow/dags/dag_data_collect.py
[2025-04-16T14:10:48.360+0000] {processor.py:743} INFO - Processing file /opt/airflow/dags/dag_data_collect.py for tasks to queue
[2025-04-16T14:10:48.362+0000] {logging_mixin.py:137} INFO - [2025-04-16T14:10:48.361+0000] {dagbag.py:538} INFO - Filling up the DagBag from /opt/airflow/dags/dag_data_collect.py
[2025-04-16T14:10:49.837+0000] {processor.py:753} INFO - DAG(s) dict_keys(['download_and_store_images']) retrieved from /opt/airflow/dags/dag_data_collect.py
[2025-04-16T14:10:49.887+0000] {logging_mixin.py:137} INFO - [2025-04-16T14:10:49.886+0000] {dag.py:2690} INFO - Sync 1 DAGs
[2025-04-16T14:10:49.996+0000] {logging_mixin.py:137} INFO - [2025-04-16T14:10:49.996+0000] {dag.py:3441} INFO - Setting next_dagrun for download_and_store_images to 2025-04-16T14:10:31.526116+00:00, run_after=2025-04-17T14:10:31.526116+00:00
[2025-04-16T14:10:50.068+0000] {processor.py:175} INFO - Processing /opt/airflow/dags/dag_data_collect.py took 1.729 seconds
[2025-04-16T14:11:20.293+0000] {processor.py:153} INFO - Started process (PID=37) to work on /opt/airflow/dags/dag_data_collect.py
[2025-04-16T14:11:20.297+0000] {processor.py:743} INFO - Processing file /opt/airflow/dags/dag_data_collect.py for tasks to queue
[2025-04-16T14:11:20.301+0000] {logging_mixin.py:137} INFO - [2025-04-16T14:11:20.300+0000] {dagbag.py:538} INFO - Filling up the DagBag from /opt/airflow/dags/dag_data_collect.py
[2025-04-16T14:11:21.009+0000] {processor.py:753} INFO - DAG(s) dict_keys(['download_and_store_images']) retrieved from /opt/airflow/dags/dag_data_collect.py
[2025-04-16T14:11:21.093+0000] {logging_mixin.py:137} INFO - [2025-04-16T14:11:21.092+0000] {dag.py:2690} INFO - Sync 1 DAGs
[2025-04-16T14:11:21.423+0000] {logging_mixin.py:137} INFO - [2025-04-16T14:11:21.422+0000] {dag.py:3441} INFO - Setting next_dagrun for download_and_store_images to 2025-04-16T14:10:31.526116+00:00, run_after=2025-04-17T14:10:31.526116+00:00
[2025-04-16T14:11:21.520+0000] {processor.py:175} INFO - Processing /opt/airflow/dags/dag_data_collect.py took 1.251 seconds
[2025-04-16T14:11:52.113+0000] {processor.py:153} INFO - Started process (PID=38) to work on /opt/airflow/dags/dag_data_collect.py
[2025-04-16T14:11:52.120+0000] {processor.py:743} INFO - Processing file /opt/airflow/dags/dag_data_collect.py for tasks to queue
[2025-04-16T14:11:52.165+0000] {logging_mixin.py:137} INFO - [2025-04-16T14:11:52.155+0000] {dagbag.py:538} INFO - Filling up the DagBag from /opt/airflow/dags/dag_data_collect.py
[2025-04-16T14:11:52.854+0000] {processor.py:753} INFO - DAG(s) dict_keys(['download_and_store_images']) retrieved from /opt/airflow/dags/dag_data_collect.py
[2025-04-16T14:11:53.084+0000] {logging_mixin.py:137} INFO - [2025-04-16T14:11:53.063+0000] {dag.py:2690} INFO - Sync 1 DAGs
[2025-04-16T14:11:53.182+0000] {logging_mixin.py:137} INFO - [2025-04-16T14:11:53.182+0000] {dag.py:3441} INFO - Setting next_dagrun for download_and_store_images to 2025-04-16T14:10:31.526116+00:00, run_after=2025-04-17T14:10:31.526116+00:00
[2025-04-16T14:11:53.224+0000] {processor.py:175} INFO - Processing /opt/airflow/dags/dag_data_collect.py took 1.166 seconds
[2025-04-16T14:12:23.324+0000] {processor.py:153} INFO - Started process (PID=39) to work on /opt/airflow/dags/dag_data_collect.py
[2025-04-16T14:12:23.327+0000] {processor.py:743} INFO - Processing file /opt/airflow/dags/dag_data_collect.py for tasks to queue
[2025-04-16T14:12:23.329+0000] {logging_mixin.py:137} INFO - [2025-04-16T14:12:23.329+0000] {dagbag.py:538} INFO - Filling up the DagBag from /opt/airflow/dags/dag_data_collect.py
[2025-04-16T14:12:23.898+0000] {processor.py:753} INFO - DAG(s) dict_keys(['download_and_store_images']) retrieved from /opt/airflow/dags/dag_data_collect.py
[2025-04-16T14:12:24.091+0000] {logging_mixin.py:137} INFO - [2025-04-16T14:12:24.090+0000] {dag.py:2690} INFO - Sync 1 DAGs
[2025-04-16T14:12:24.239+0000] {logging_mixin.py:137} INFO - [2025-04-16T14:12:24.238+0000] {dag.py:3441} INFO - Setting next_dagrun for download_and_store_images to 2025-04-16T14:10:31.526116+00:00, run_after=2025-04-17T14:10:31.526116+00:00
[2025-04-16T14:12:24.298+0000] {processor.py:175} INFO - Processing /opt/airflow/dags/dag_data_collect.py took 0.990 seconds
[2025-04-16T14:12:54.947+0000] {processor.py:153} INFO - Started process (PID=40) to work on /opt/airflow/dags/dag_data_collect.py
[2025-04-16T14:12:54.949+0000] {processor.py:743} INFO - Processing file /opt/airflow/dags/dag_data_collect.py for tasks to queue
[2025-04-16T14:12:54.952+0000] {logging_mixin.py:137} INFO - [2025-04-16T14:12:54.952+0000] {dagbag.py:538} INFO - Filling up the DagBag from /opt/airflow/dags/dag_data_collect.py
[2025-04-16T14:12:56.109+0000] {processor.py:753} INFO - DAG(s) dict_keys(['download_and_store_images']) retrieved from /opt/airflow/dags/dag_data_collect.py
[2025-04-16T14:12:56.238+0000] {logging_mixin.py:137} INFO - [2025-04-16T14:12:56.237+0000] {dag.py:2690} INFO - Sync 1 DAGs
[2025-04-16T14:12:56.330+0000] {logging_mixin.py:137} INFO - [2025-04-16T14:12:56.329+0000] {dag.py:3441} INFO - Setting next_dagrun for download_and_store_images to 2025-04-16T14:10:31.526116+00:00, run_after=2025-04-17T14:10:31.526116+00:00
[2025-04-16T14:12:56.405+0000] {processor.py:175} INFO - Processing /opt/airflow/dags/dag_data_collect.py took 1.483 seconds
[2025-04-16T14:13:26.793+0000] {processor.py:153} INFO - Started process (PID=41) to work on /opt/airflow/dags/dag_data_collect.py
[2025-04-16T14:13:26.802+0000] {processor.py:743} INFO - Processing file /opt/airflow/dags/dag_data_collect.py for tasks to queue
[2025-04-16T14:13:26.810+0000] {logging_mixin.py:137} INFO - [2025-04-16T14:13:26.809+0000] {dagbag.py:538} INFO - Filling up the DagBag from /opt/airflow/dags/dag_data_collect.py
[2025-04-16T14:13:27.384+0000] {processor.py:753} INFO - DAG(s) dict_keys(['download_and_store_images']) retrieved from /opt/airflow/dags/dag_data_collect.py
[2025-04-16T14:13:27.544+0000] {logging_mixin.py:137} INFO - [2025-04-16T14:13:27.541+0000] {dag.py:2690} INFO - Sync 1 DAGs
[2025-04-16T14:13:27.757+0000] {logging_mixin.py:137} INFO - [2025-04-16T14:13:27.756+0000] {dag.py:3441} INFO - Setting next_dagrun for download_and_store_images to 2025-04-16T14:10:31.526116+00:00, run_after=2025-04-17T14:10:31.526116+00:00
[2025-04-16T14:13:27.832+0000] {processor.py:175} INFO - Processing /opt/airflow/dags/dag_data_collect.py took 1.057 seconds
[2025-04-16T14:13:58.740+0000] {processor.py:153} INFO - Started process (PID=42) to work on /opt/airflow/dags/dag_data_collect.py
[2025-04-16T14:13:58.743+0000] {processor.py:743} INFO - Processing file /opt/airflow/dags/dag_data_collect.py for tasks to queue
[2025-04-16T14:13:58.745+0000] {logging_mixin.py:137} INFO - [2025-04-16T14:13:58.745+0000] {dagbag.py:538} INFO - Filling up the DagBag from /opt/airflow/dags/dag_data_collect.py
[2025-04-16T14:13:59.132+0000] {processor.py:753} INFO - DAG(s) dict_keys(['download_and_store_images']) retrieved from /opt/airflow/dags/dag_data_collect.py
[2025-04-16T14:13:59.334+0000] {logging_mixin.py:137} INFO - [2025-04-16T14:13:59.334+0000] {dag.py:2690} INFO - Sync 1 DAGs
[2025-04-16T14:13:59.425+0000] {logging_mixin.py:137} INFO - [2025-04-16T14:13:59.425+0000] {dag.py:3441} INFO - Setting next_dagrun for download_and_store_images to 2025-04-16T14:10:31.526116+00:00, run_after=2025-04-17T14:10:31.526116+00:00
[2025-04-16T14:13:59.468+0000] {processor.py:175} INFO - Processing /opt/airflow/dags/dag_data_collect.py took 0.737 seconds
[2025-04-16T14:14:30.203+0000] {processor.py:153} INFO - Started process (PID=43) to work on /opt/airflow/dags/dag_data_collect.py
[2025-04-16T14:14:30.205+0000] {processor.py:743} INFO - Processing file /opt/airflow/dags/dag_data_collect.py for tasks to queue
[2025-04-16T14:14:30.207+0000] {logging_mixin.py:137} INFO - [2025-04-16T14:14:30.206+0000] {dagbag.py:538} INFO - Filling up the DagBag from /opt/airflow/dags/dag_data_collect.py
[2025-04-16T14:14:31.074+0000] {processor.py:753} INFO - DAG(s) dict_keys(['download_and_store_images']) retrieved from /opt/airflow/dags/dag_data_collect.py
[2025-04-16T14:14:31.137+0000] {logging_mixin.py:137} INFO - [2025-04-16T14:14:31.137+0000] {dag.py:2690} INFO - Sync 1 DAGs
[2025-04-16T14:14:31.311+0000] {logging_mixin.py:137} INFO - [2025-04-16T14:14:31.311+0000] {dag.py:3441} INFO - Setting next_dagrun for download_and_store_images to 2025-04-16T14:10:31.526116+00:00, run_after=2025-04-17T14:10:31.526116+00:00
[2025-04-16T14:14:31.415+0000] {processor.py:175} INFO - Processing /opt/airflow/dags/dag_data_collect.py took 1.220 seconds
[2025-04-16T14:15:01.793+0000] {processor.py:153} INFO - Started process (PID=44) to work on /opt/airflow/dags/dag_data_collect.py
[2025-04-16T14:15:01.804+0000] {processor.py:743} INFO - Processing file /opt/airflow/dags/dag_data_collect.py for tasks to queue
[2025-04-16T14:15:01.806+0000] {logging_mixin.py:137} INFO - [2025-04-16T14:15:01.806+0000] {dagbag.py:538} INFO - Filling up the DagBag from /opt/airflow/dags/dag_data_collect.py
[2025-04-16T14:15:02.268+0000] {processor.py:753} INFO - DAG(s) dict_keys(['download_and_store_images']) retrieved from /opt/airflow/dags/dag_data_collect.py
[2025-04-16T14:15:02.389+0000] {logging_mixin.py:137} INFO - [2025-04-16T14:15:02.387+0000] {dag.py:2690} INFO - Sync 1 DAGs
[2025-04-16T14:15:02.554+0000] {logging_mixin.py:137} INFO - [2025-04-16T14:15:02.552+0000] {dag.py:3441} INFO - Setting next_dagrun for download_and_store_images to 2025-04-16T14:10:31.526116+00:00, run_after=2025-04-17T14:10:31.526116+00:00
[2025-04-16T14:15:02.677+0000] {processor.py:175} INFO - Processing /opt/airflow/dags/dag_data_collect.py took 0.894 seconds
[2025-04-16T14:15:33.572+0000] {processor.py:153} INFO - Started process (PID=45) to work on /opt/airflow/dags/dag_data_collect.py
[2025-04-16T14:15:33.578+0000] {processor.py:743} INFO - Processing file /opt/airflow/dags/dag_data_collect.py for tasks to queue
[2025-04-16T14:15:33.581+0000] {logging_mixin.py:137} INFO - [2025-04-16T14:15:33.580+0000] {dagbag.py:538} INFO - Filling up the DagBag from /opt/airflow/dags/dag_data_collect.py
[2025-04-16T14:15:34.753+0000] {processor.py:753} INFO - DAG(s) dict_keys(['download_and_store_images']) retrieved from /opt/airflow/dags/dag_data_collect.py
[2025-04-16T14:15:34.863+0000] {logging_mixin.py:137} INFO - [2025-04-16T14:15:34.862+0000] {dag.py:2690} INFO - Sync 1 DAGs
[2025-04-16T14:15:35.101+0000] {logging_mixin.py:137} INFO - [2025-04-16T14:15:35.101+0000] {dag.py:3441} INFO - Setting next_dagrun for download_and_store_images to 2025-04-16T14:10:31.526116+00:00, run_after=2025-04-17T14:10:31.526116+00:00
[2025-04-16T14:15:35.211+0000] {processor.py:175} INFO - Processing /opt/airflow/dags/dag_data_collect.py took 1.933 seconds
[2025-04-16T14:16:06.192+0000] {processor.py:153} INFO - Started process (PID=46) to work on /opt/airflow/dags/dag_data_collect.py
[2025-04-16T14:16:06.194+0000] {processor.py:743} INFO - Processing file /opt/airflow/dags/dag_data_collect.py for tasks to queue
[2025-04-16T14:16:06.197+0000] {logging_mixin.py:137} INFO - [2025-04-16T14:16:06.197+0000] {dagbag.py:538} INFO - Filling up the DagBag from /opt/airflow/dags/dag_data_collect.py
[2025-04-16T14:16:06.557+0000] {processor.py:753} INFO - DAG(s) dict_keys(['download_and_store_images']) retrieved from /opt/airflow/dags/dag_data_collect.py
[2025-04-16T14:16:06.640+0000] {logging_mixin.py:137} INFO - [2025-04-16T14:16:06.640+0000] {dag.py:2690} INFO - Sync 1 DAGs
[2025-04-16T14:16:06.766+0000] {logging_mixin.py:137} INFO - [2025-04-16T14:16:06.766+0000] {dag.py:3441} INFO - Setting next_dagrun for download_and_store_images to 2025-04-16T14:10:31.526116+00:00, run_after=2025-04-17T14:10:31.526116+00:00
[2025-04-16T14:16:06.918+0000] {processor.py:175} INFO - Processing /opt/airflow/dags/dag_data_collect.py took 0.736 seconds
[2025-04-16T14:16:37.112+0000] {processor.py:153} INFO - Started process (PID=47) to work on /opt/airflow/dags/dag_data_collect.py
[2025-04-16T14:16:37.133+0000] {processor.py:743} INFO - Processing file /opt/airflow/dags/dag_data_collect.py for tasks to queue
[2025-04-16T14:16:37.150+0000] {logging_mixin.py:137} INFO - [2025-04-16T14:16:37.149+0000] {dagbag.py:538} INFO - Filling up the DagBag from /opt/airflow/dags/dag_data_collect.py
[2025-04-16T14:16:38.000+0000] {processor.py:753} INFO - DAG(s) dict_keys(['download_and_store_images']) retrieved from /opt/airflow/dags/dag_data_collect.py
[2025-04-16T14:16:38.177+0000] {logging_mixin.py:137} INFO - [2025-04-16T14:16:38.176+0000] {dag.py:2690} INFO - Sync 1 DAGs
[2025-04-16T14:16:38.286+0000] {logging_mixin.py:137} INFO - [2025-04-16T14:16:38.285+0000] {dag.py:3441} INFO - Setting next_dagrun for download_and_store_images to 2025-04-16T14:10:31.526116+00:00, run_after=2025-04-17T14:10:31.526116+00:00
[2025-04-16T14:16:38.454+0000] {processor.py:175} INFO - Processing /opt/airflow/dags/dag_data_collect.py took 1.423 seconds
[2025-04-16T14:17:09.130+0000] {processor.py:153} INFO - Started process (PID=48) to work on /opt/airflow/dags/dag_data_collect.py
[2025-04-16T14:17:09.171+0000] {processor.py:743} INFO - Processing file /opt/airflow/dags/dag_data_collect.py for tasks to queue
[2025-04-16T14:17:09.178+0000] {logging_mixin.py:137} INFO - [2025-04-16T14:17:09.175+0000] {dagbag.py:538} INFO - Filling up the DagBag from /opt/airflow/dags/dag_data_collect.py
[2025-04-16T14:17:11.022+0000] {processor.py:753} INFO - DAG(s) dict_keys(['download_and_store_images']) retrieved from /opt/airflow/dags/dag_data_collect.py
[2025-04-16T14:17:11.295+0000] {logging_mixin.py:137} INFO - [2025-04-16T14:17:11.294+0000] {dag.py:2690} INFO - Sync 1 DAGs
[2025-04-16T14:17:11.907+0000] {logging_mixin.py:137} INFO - [2025-04-16T14:17:11.876+0000] {dag.py:3441} INFO - Setting next_dagrun for download_and_store_images to 2025-04-16T14:10:31.526116+00:00, run_after=2025-04-17T14:10:31.526116+00:00
[2025-04-16T14:17:12.591+0000] {processor.py:175} INFO - Processing /opt/airflow/dags/dag_data_collect.py took 3.481 seconds
[2025-04-16T14:17:44.648+0000] {processor.py:153} INFO - Started process (PID=49) to work on /opt/airflow/dags/dag_data_collect.py
[2025-04-16T14:17:44.670+0000] {processor.py:743} INFO - Processing file /opt/airflow/dags/dag_data_collect.py for tasks to queue
[2025-04-16T14:17:44.674+0000] {logging_mixin.py:137} INFO - [2025-04-16T14:17:44.673+0000] {dagbag.py:538} INFO - Filling up the DagBag from /opt/airflow/dags/dag_data_collect.py
[2025-04-16T14:17:45.360+0000] {processor.py:753} INFO - DAG(s) dict_keys(['download_and_store_images']) retrieved from /opt/airflow/dags/dag_data_collect.py
[2025-04-16T14:17:46.223+0000] {logging_mixin.py:137} INFO - [2025-04-16T14:17:46.222+0000] {dag.py:2690} INFO - Sync 1 DAGs
[2025-04-16T14:17:46.593+0000] {logging_mixin.py:137} INFO - [2025-04-16T14:17:46.593+0000] {dag.py:3441} INFO - Setting next_dagrun for download_and_store_images to 2025-04-16T14:10:31.526116+00:00, run_after=2025-04-17T14:10:31.526116+00:00
[2025-04-16T14:17:46.863+0000] {processor.py:175} INFO - Processing /opt/airflow/dags/dag_data_collect.py took 2.258 seconds
[2025-04-16T14:18:18.470+0000] {processor.py:153} INFO - Started process (PID=50) to work on /opt/airflow/dags/dag_data_collect.py
[2025-04-16T14:18:18.476+0000] {processor.py:743} INFO - Processing file /opt/airflow/dags/dag_data_collect.py for tasks to queue
[2025-04-16T14:18:18.485+0000] {logging_mixin.py:137} INFO - [2025-04-16T14:18:18.485+0000] {dagbag.py:538} INFO - Filling up the DagBag from /opt/airflow/dags/dag_data_collect.py
[2025-04-16T14:18:19.449+0000] {processor.py:753} INFO - DAG(s) dict_keys(['download_and_store_images']) retrieved from /opt/airflow/dags/dag_data_collect.py
[2025-04-16T14:18:19.680+0000] {logging_mixin.py:137} INFO - [2025-04-16T14:18:19.680+0000] {dag.py:2690} INFO - Sync 1 DAGs
[2025-04-16T14:18:19.962+0000] {logging_mixin.py:137} INFO - [2025-04-16T14:18:19.961+0000] {dag.py:3441} INFO - Setting next_dagrun for download_and_store_images to 2025-04-16T14:10:31.526116+00:00, run_after=2025-04-17T14:10:31.526116+00:00
[2025-04-16T14:18:20.060+0000] {processor.py:175} INFO - Processing /opt/airflow/dags/dag_data_collect.py took 1.606 seconds
[2025-04-16T14:18:51.419+0000] {processor.py:153} INFO - Started process (PID=51) to work on /opt/airflow/dags/dag_data_collect.py
[2025-04-16T14:18:51.421+0000] {processor.py:743} INFO - Processing file /opt/airflow/dags/dag_data_collect.py for tasks to queue
[2025-04-16T14:18:51.424+0000] {logging_mixin.py:137} INFO - [2025-04-16T14:18:51.423+0000] {dagbag.py:538} INFO - Filling up the DagBag from /opt/airflow/dags/dag_data_collect.py
[2025-04-16T14:18:52.595+0000] {processor.py:753} INFO - DAG(s) dict_keys(['download_and_store_images']) retrieved from /opt/airflow/dags/dag_data_collect.py
[2025-04-16T14:18:52.695+0000] {logging_mixin.py:137} INFO - [2025-04-16T14:18:52.695+0000] {dag.py:2690} INFO - Sync 1 DAGs
[2025-04-16T14:18:52.841+0000] {logging_mixin.py:137} INFO - [2025-04-16T14:18:52.840+0000] {dag.py:3441} INFO - Setting next_dagrun for download_and_store_images to 2025-04-16T14:10:31.526116+00:00, run_after=2025-04-17T14:10:31.526116+00:00
[2025-04-16T14:18:52.889+0000] {processor.py:175} INFO - Processing /opt/airflow/dags/dag_data_collect.py took 1.498 seconds
[2025-04-16T14:19:23.378+0000] {processor.py:153} INFO - Started process (PID=52) to work on /opt/airflow/dags/dag_data_collect.py
[2025-04-16T14:19:23.398+0000] {processor.py:743} INFO - Processing file /opt/airflow/dags/dag_data_collect.py for tasks to queue
[2025-04-16T14:19:23.401+0000] {logging_mixin.py:137} INFO - [2025-04-16T14:19:23.401+0000] {dagbag.py:538} INFO - Filling up the DagBag from /opt/airflow/dags/dag_data_collect.py
[2025-04-16T14:19:23.877+0000] {processor.py:753} INFO - DAG(s) dict_keys(['download_and_store_images']) retrieved from /opt/airflow/dags/dag_data_collect.py
[2025-04-16T14:19:23.987+0000] {logging_mixin.py:137} INFO - [2025-04-16T14:19:23.987+0000] {dag.py:2690} INFO - Sync 1 DAGs
[2025-04-16T14:19:24.213+0000] {logging_mixin.py:137} INFO - [2025-04-16T14:19:24.213+0000] {dag.py:3441} INFO - Setting next_dagrun for download_and_store_images to 2025-04-16T14:10:31.526116+00:00, run_after=2025-04-17T14:10:31.526116+00:00
[2025-04-16T14:19:24.264+0000] {processor.py:175} INFO - Processing /opt/airflow/dags/dag_data_collect.py took 0.899 seconds
[2025-04-16T14:19:55.018+0000] {processor.py:153} INFO - Started process (PID=53) to work on /opt/airflow/dags/dag_data_collect.py
[2025-04-16T14:19:55.020+0000] {processor.py:743} INFO - Processing file /opt/airflow/dags/dag_data_collect.py for tasks to queue
[2025-04-16T14:19:55.051+0000] {logging_mixin.py:137} INFO - [2025-04-16T14:19:55.050+0000] {dagbag.py:538} INFO - Filling up the DagBag from /opt/airflow/dags/dag_data_collect.py
[2025-04-16T14:19:55.432+0000] {processor.py:753} INFO - DAG(s) dict_keys(['download_and_store_images']) retrieved from /opt/airflow/dags/dag_data_collect.py
[2025-04-16T14:19:55.543+0000] {logging_mixin.py:137} INFO - [2025-04-16T14:19:55.543+0000] {dag.py:2690} INFO - Sync 1 DAGs
[2025-04-16T14:19:55.639+0000] {logging_mixin.py:137} INFO - [2025-04-16T14:19:55.639+0000] {dag.py:3441} INFO - Setting next_dagrun for download_and_store_images to 2025-04-16T14:10:31.526116+00:00, run_after=2025-04-17T14:10:31.526116+00:00
[2025-04-16T14:19:55.687+0000] {processor.py:175} INFO - Processing /opt/airflow/dags/dag_data_collect.py took 0.676 seconds
[2025-04-16T14:20:25.970+0000] {processor.py:153} INFO - Started process (PID=54) to work on /opt/airflow/dags/dag_data_collect.py
[2025-04-16T14:20:25.974+0000] {processor.py:743} INFO - Processing file /opt/airflow/dags/dag_data_collect.py for tasks to queue
[2025-04-16T14:20:25.976+0000] {logging_mixin.py:137} INFO - [2025-04-16T14:20:25.976+0000] {dagbag.py:538} INFO - Filling up the DagBag from /opt/airflow/dags/dag_data_collect.py
[2025-04-16T14:20:26.547+0000] {processor.py:753} INFO - DAG(s) dict_keys(['download_and_store_images']) retrieved from /opt/airflow/dags/dag_data_collect.py
[2025-04-16T14:20:26.683+0000] {logging_mixin.py:137} INFO - [2025-04-16T14:20:26.682+0000] {dag.py:2690} INFO - Sync 1 DAGs
[2025-04-16T14:20:26.828+0000] {logging_mixin.py:137} INFO - [2025-04-16T14:20:26.828+0000] {dag.py:3441} INFO - Setting next_dagrun for download_and_store_images to 2025-04-16T14:10:31.526116+00:00, run_after=2025-04-17T14:10:31.526116+00:00
[2025-04-16T14:20:26.877+0000] {processor.py:175} INFO - Processing /opt/airflow/dags/dag_data_collect.py took 0.945 seconds
[2025-04-16T14:20:57.559+0000] {processor.py:153} INFO - Started process (PID=55) to work on /opt/airflow/dags/dag_data_collect.py
[2025-04-16T14:20:57.561+0000] {processor.py:743} INFO - Processing file /opt/airflow/dags/dag_data_collect.py for tasks to queue
[2025-04-16T14:20:57.563+0000] {logging_mixin.py:137} INFO - [2025-04-16T14:20:57.563+0000] {dagbag.py:538} INFO - Filling up the DagBag from /opt/airflow/dags/dag_data_collect.py
[2025-04-16T14:20:57.921+0000] {processor.py:753} INFO - DAG(s) dict_keys(['download_and_store_images']) retrieved from /opt/airflow/dags/dag_data_collect.py
[2025-04-16T14:20:58.020+0000] {logging_mixin.py:137} INFO - [2025-04-16T14:20:58.020+0000] {dag.py:2690} INFO - Sync 1 DAGs
[2025-04-16T14:20:58.114+0000] {logging_mixin.py:137} INFO - [2025-04-16T14:20:58.113+0000] {dag.py:3441} INFO - Setting next_dagrun for download_and_store_images to 2025-04-16T14:10:31.526116+00:00, run_after=2025-04-17T14:10:31.526116+00:00
[2025-04-16T14:20:58.174+0000] {processor.py:175} INFO - Processing /opt/airflow/dags/dag_data_collect.py took 0.621 seconds
[2025-04-16T14:21:28.751+0000] {processor.py:153} INFO - Started process (PID=56) to work on /opt/airflow/dags/dag_data_collect.py
[2025-04-16T14:21:28.754+0000] {processor.py:743} INFO - Processing file /opt/airflow/dags/dag_data_collect.py for tasks to queue
[2025-04-16T14:21:28.760+0000] {logging_mixin.py:137} INFO - [2025-04-16T14:21:28.759+0000] {dagbag.py:538} INFO - Filling up the DagBag from /opt/airflow/dags/dag_data_collect.py
[2025-04-16T14:21:29.178+0000] {processor.py:753} INFO - DAG(s) dict_keys(['download_and_store_images']) retrieved from /opt/airflow/dags/dag_data_collect.py
[2025-04-16T14:21:29.306+0000] {logging_mixin.py:137} INFO - [2025-04-16T14:21:29.305+0000] {dag.py:2690} INFO - Sync 1 DAGs
[2025-04-16T14:21:29.420+0000] {logging_mixin.py:137} INFO - [2025-04-16T14:21:29.420+0000] {dag.py:3441} INFO - Setting next_dagrun for download_and_store_images to 2025-04-16T14:10:31.526116+00:00, run_after=2025-04-17T14:10:31.526116+00:00
[2025-04-16T14:21:29.473+0000] {processor.py:175} INFO - Processing /opt/airflow/dags/dag_data_collect.py took 0.738 seconds
[2025-04-16T14:21:59.559+0000] {processor.py:153} INFO - Started process (PID=57) to work on /opt/airflow/dags/dag_data_collect.py
[2025-04-16T14:21:59.560+0000] {processor.py:743} INFO - Processing file /opt/airflow/dags/dag_data_collect.py for tasks to queue
[2025-04-16T14:21:59.568+0000] {logging_mixin.py:137} INFO - [2025-04-16T14:21:59.567+0000] {dagbag.py:538} INFO - Filling up the DagBag from /opt/airflow/dags/dag_data_collect.py
[2025-04-16T14:21:59.889+0000] {processor.py:753} INFO - DAG(s) dict_keys(['download_and_store_images']) retrieved from /opt/airflow/dags/dag_data_collect.py
[2025-04-16T14:21:59.957+0000] {logging_mixin.py:137} INFO - [2025-04-16T14:21:59.957+0000] {dag.py:2690} INFO - Sync 1 DAGs
[2025-04-16T14:22:00.089+0000] {logging_mixin.py:137} INFO - [2025-04-16T14:22:00.088+0000] {dag.py:3441} INFO - Setting next_dagrun for download_and_store_images to 2025-04-16T14:10:31.526116+00:00, run_after=2025-04-17T14:10:31.526116+00:00
[2025-04-16T14:22:00.152+0000] {processor.py:175} INFO - Processing /opt/airflow/dags/dag_data_collect.py took 0.606 seconds
[2025-04-16T14:22:30.632+0000] {processor.py:153} INFO - Started process (PID=58) to work on /opt/airflow/dags/dag_data_collect.py
[2025-04-16T14:22:30.650+0000] {processor.py:743} INFO - Processing file /opt/airflow/dags/dag_data_collect.py for tasks to queue
[2025-04-16T14:22:30.653+0000] {logging_mixin.py:137} INFO - [2025-04-16T14:22:30.653+0000] {dagbag.py:538} INFO - Filling up the DagBag from /opt/airflow/dags/dag_data_collect.py
[2025-04-16T14:22:31.057+0000] {processor.py:753} INFO - DAG(s) dict_keys(['download_and_store_images']) retrieved from /opt/airflow/dags/dag_data_collect.py
[2025-04-16T14:22:31.206+0000] {logging_mixin.py:137} INFO - [2025-04-16T14:22:31.204+0000] {dag.py:2690} INFO - Sync 1 DAGs
[2025-04-16T14:22:31.302+0000] {logging_mixin.py:137} INFO - [2025-04-16T14:22:31.300+0000] {dag.py:3441} INFO - Setting next_dagrun for download_and_store_images to 2025-04-16T14:10:31.526116+00:00, run_after=2025-04-17T14:10:31.526116+00:00
[2025-04-16T14:22:31.401+0000] {processor.py:175} INFO - Processing /opt/airflow/dags/dag_data_collect.py took 0.781 seconds
[2025-04-16T14:23:01.817+0000] {processor.py:153} INFO - Started process (PID=59) to work on /opt/airflow/dags/dag_data_collect.py
[2025-04-16T14:23:01.820+0000] {processor.py:743} INFO - Processing file /opt/airflow/dags/dag_data_collect.py for tasks to queue
[2025-04-16T14:23:01.823+0000] {logging_mixin.py:137} INFO - [2025-04-16T14:23:01.823+0000] {dagbag.py:538} INFO - Filling up the DagBag from /opt/airflow/dags/dag_data_collect.py
[2025-04-16T14:23:02.218+0000] {processor.py:753} INFO - DAG(s) dict_keys(['download_and_store_images']) retrieved from /opt/airflow/dags/dag_data_collect.py
[2025-04-16T14:23:02.317+0000] {logging_mixin.py:137} INFO - [2025-04-16T14:23:02.316+0000] {dag.py:2690} INFO - Sync 1 DAGs
[2025-04-16T14:23:02.404+0000] {logging_mixin.py:137} INFO - [2025-04-16T14:23:02.404+0000] {dag.py:3441} INFO - Setting next_dagrun for download_and_store_images to 2025-04-16T14:10:31.526116+00:00, run_after=2025-04-17T14:10:31.526116+00:00
[2025-04-16T14:23:02.483+0000] {processor.py:175} INFO - Processing /opt/airflow/dags/dag_data_collect.py took 0.671 seconds
[2025-04-16T14:23:33.278+0000] {processor.py:153} INFO - Started process (PID=60) to work on /opt/airflow/dags/dag_data_collect.py
[2025-04-16T14:23:33.298+0000] {processor.py:743} INFO - Processing file /opt/airflow/dags/dag_data_collect.py for tasks to queue
[2025-04-16T14:23:33.304+0000] {logging_mixin.py:137} INFO - [2025-04-16T14:23:33.304+0000] {dagbag.py:538} INFO - Filling up the DagBag from /opt/airflow/dags/dag_data_collect.py
[2025-04-16T14:23:34.280+0000] {processor.py:753} INFO - DAG(s) dict_keys(['download_and_store_images']) retrieved from /opt/airflow/dags/dag_data_collect.py
[2025-04-16T14:23:34.498+0000] {logging_mixin.py:137} INFO - [2025-04-16T14:23:34.498+0000] {dag.py:2690} INFO - Sync 1 DAGs
[2025-04-16T14:23:34.623+0000] {logging_mixin.py:137} INFO - [2025-04-16T14:23:34.623+0000] {dag.py:3441} INFO - Setting next_dagrun for download_and_store_images to 2025-04-16T14:10:31.526116+00:00, run_after=2025-04-17T14:10:31.526116+00:00
[2025-04-16T14:23:34.735+0000] {processor.py:175} INFO - Processing /opt/airflow/dags/dag_data_collect.py took 1.476 seconds
[2025-04-16T14:24:04.968+0000] {processor.py:153} INFO - Started process (PID=61) to work on /opt/airflow/dags/dag_data_collect.py
[2025-04-16T14:24:04.971+0000] {processor.py:743} INFO - Processing file /opt/airflow/dags/dag_data_collect.py for tasks to queue
[2025-04-16T14:24:04.974+0000] {logging_mixin.py:137} INFO - [2025-04-16T14:24:04.974+0000] {dagbag.py:538} INFO - Filling up the DagBag from /opt/airflow/dags/dag_data_collect.py
[2025-04-16T14:24:05.363+0000] {processor.py:753} INFO - DAG(s) dict_keys(['download_and_store_images']) retrieved from /opt/airflow/dags/dag_data_collect.py
[2025-04-16T14:24:05.420+0000] {logging_mixin.py:137} INFO - [2025-04-16T14:24:05.420+0000] {dag.py:2690} INFO - Sync 1 DAGs
[2025-04-16T14:24:05.529+0000] {logging_mixin.py:137} INFO - [2025-04-16T14:24:05.527+0000] {dag.py:3441} INFO - Setting next_dagrun for download_and_store_images to 2025-04-16T14:10:31.526116+00:00, run_after=2025-04-17T14:10:31.526116+00:00
[2025-04-16T14:24:05.615+0000] {processor.py:175} INFO - Processing /opt/airflow/dags/dag_data_collect.py took 0.654 seconds
[2025-04-16T14:24:36.611+0000] {processor.py:153} INFO - Started process (PID=62) to work on /opt/airflow/dags/dag_data_collect.py
[2025-04-16T14:24:36.626+0000] {processor.py:743} INFO - Processing file /opt/airflow/dags/dag_data_collect.py for tasks to queue
[2025-04-16T14:24:36.628+0000] {logging_mixin.py:137} INFO - [2025-04-16T14:24:36.628+0000] {dagbag.py:538} INFO - Filling up the DagBag from /opt/airflow/dags/dag_data_collect.py
[2025-04-16T14:24:37.016+0000] {processor.py:753} INFO - DAG(s) dict_keys(['download_and_store_images']) retrieved from /opt/airflow/dags/dag_data_collect.py
[2025-04-16T14:24:37.202+0000] {logging_mixin.py:137} INFO - [2025-04-16T14:24:37.201+0000] {dag.py:2690} INFO - Sync 1 DAGs
[2025-04-16T14:24:37.294+0000] {logging_mixin.py:137} INFO - [2025-04-16T14:24:37.294+0000] {dag.py:3441} INFO - Setting next_dagrun for download_and_store_images to 2025-04-16T14:10:31.526116+00:00, run_after=2025-04-17T14:10:31.526116+00:00
[2025-04-16T14:24:37.376+0000] {processor.py:175} INFO - Processing /opt/airflow/dags/dag_data_collect.py took 0.786 seconds
[2025-04-16T14:25:07.978+0000] {processor.py:153} INFO - Started process (PID=63) to work on /opt/airflow/dags/dag_data_collect.py
[2025-04-16T14:25:07.983+0000] {processor.py:743} INFO - Processing file /opt/airflow/dags/dag_data_collect.py for tasks to queue
[2025-04-16T14:25:07.986+0000] {logging_mixin.py:137} INFO - [2025-04-16T14:25:07.985+0000] {dagbag.py:538} INFO - Filling up the DagBag from /opt/airflow/dags/dag_data_collect.py
[2025-04-16T14:25:08.733+0000] {processor.py:753} INFO - DAG(s) dict_keys(['download_and_store_images']) retrieved from /opt/airflow/dags/dag_data_collect.py
[2025-04-16T14:25:08.888+0000] {logging_mixin.py:137} INFO - [2025-04-16T14:25:08.888+0000] {dag.py:2690} INFO - Sync 1 DAGs
[2025-04-16T14:25:09.008+0000] {logging_mixin.py:137} INFO - [2025-04-16T14:25:09.008+0000] {dag.py:3441} INFO - Setting next_dagrun for download_and_store_images to 2025-04-16T14:10:31.526116+00:00, run_after=2025-04-17T14:10:31.526116+00:00
[2025-04-16T14:25:09.085+0000] {processor.py:175} INFO - Processing /opt/airflow/dags/dag_data_collect.py took 1.137 seconds
[2025-04-16T14:25:39.554+0000] {processor.py:153} INFO - Started process (PID=64) to work on /opt/airflow/dags/dag_data_collect.py
[2025-04-16T14:25:39.563+0000] {processor.py:743} INFO - Processing file /opt/airflow/dags/dag_data_collect.py for tasks to queue
[2025-04-16T14:25:39.585+0000] {logging_mixin.py:137} INFO - [2025-04-16T14:25:39.585+0000] {dagbag.py:538} INFO - Filling up the DagBag from /opt/airflow/dags/dag_data_collect.py
[2025-04-16T14:25:39.994+0000] {processor.py:753} INFO - DAG(s) dict_keys(['download_and_store_images']) retrieved from /opt/airflow/dags/dag_data_collect.py
[2025-04-16T14:25:40.246+0000] {logging_mixin.py:137} INFO - [2025-04-16T14:25:40.246+0000] {dag.py:2690} INFO - Sync 1 DAGs
[2025-04-16T14:25:40.351+0000] {logging_mixin.py:137} INFO - [2025-04-16T14:25:40.349+0000] {dag.py:3441} INFO - Setting next_dagrun for download_and_store_images to 2025-04-16T14:10:31.526116+00:00, run_after=2025-04-17T14:10:31.526116+00:00
[2025-04-16T14:25:40.401+0000] {processor.py:175} INFO - Processing /opt/airflow/dags/dag_data_collect.py took 0.863 seconds
[2025-04-16T14:26:10.720+0000] {processor.py:153} INFO - Started process (PID=65) to work on /opt/airflow/dags/dag_data_collect.py
[2025-04-16T14:26:10.724+0000] {processor.py:743} INFO - Processing file /opt/airflow/dags/dag_data_collect.py for tasks to queue
[2025-04-16T14:26:10.768+0000] {logging_mixin.py:137} INFO - [2025-04-16T14:26:10.767+0000] {dagbag.py:538} INFO - Filling up the DagBag from /opt/airflow/dags/dag_data_collect.py
[2025-04-16T14:26:11.327+0000] {processor.py:753} INFO - DAG(s) dict_keys(['download_and_store_images']) retrieved from /opt/airflow/dags/dag_data_collect.py
[2025-04-16T14:26:11.426+0000] {logging_mixin.py:137} INFO - [2025-04-16T14:26:11.426+0000] {dag.py:2690} INFO - Sync 1 DAGs
[2025-04-16T14:26:11.528+0000] {logging_mixin.py:137} INFO - [2025-04-16T14:26:11.528+0000] {dag.py:3441} INFO - Setting next_dagrun for download_and_store_images to 2025-04-16T14:10:31.526116+00:00, run_after=2025-04-17T14:10:31.526116+00:00
[2025-04-16T14:26:11.608+0000] {processor.py:175} INFO - Processing /opt/airflow/dags/dag_data_collect.py took 0.931 seconds
[2025-04-16T14:26:42.186+0000] {processor.py:153} INFO - Started process (PID=66) to work on /opt/airflow/dags/dag_data_collect.py
[2025-04-16T14:26:42.197+0000] {processor.py:743} INFO - Processing file /opt/airflow/dags/dag_data_collect.py for tasks to queue
[2025-04-16T14:26:42.205+0000] {logging_mixin.py:137} INFO - [2025-04-16T14:26:42.203+0000] {dagbag.py:538} INFO - Filling up the DagBag from /opt/airflow/dags/dag_data_collect.py
[2025-04-16T14:26:43.827+0000] {processor.py:753} INFO - DAG(s) dict_keys(['download_and_store_images']) retrieved from /opt/airflow/dags/dag_data_collect.py
[2025-04-16T14:26:44.823+0000] {logging_mixin.py:137} INFO - [2025-04-16T14:26:44.821+0000] {dag.py:2690} INFO - Sync 1 DAGs
[2025-04-16T14:26:45.288+0000] {logging_mixin.py:137} INFO - [2025-04-16T14:26:45.288+0000] {dag.py:3441} INFO - Setting next_dagrun for download_and_store_images to 2025-04-16T14:10:31.526116+00:00, run_after=2025-04-17T14:10:31.526116+00:00
[2025-04-16T14:26:45.736+0000] {processor.py:175} INFO - Processing /opt/airflow/dags/dag_data_collect.py took 3.564 seconds
[2025-04-16T14:27:15.888+0000] {processor.py:153} INFO - Started process (PID=67) to work on /opt/airflow/dags/dag_data_collect.py
[2025-04-16T14:27:15.895+0000] {processor.py:743} INFO - Processing file /opt/airflow/dags/dag_data_collect.py for tasks to queue
[2025-04-16T14:27:15.898+0000] {logging_mixin.py:137} INFO - [2025-04-16T14:27:15.898+0000] {dagbag.py:538} INFO - Filling up the DagBag from /opt/airflow/dags/dag_data_collect.py
[2025-04-16T14:27:16.384+0000] {processor.py:753} INFO - DAG(s) dict_keys(['download_and_store_images']) retrieved from /opt/airflow/dags/dag_data_collect.py
[2025-04-16T14:27:16.482+0000] {logging_mixin.py:137} INFO - [2025-04-16T14:27:16.482+0000] {dag.py:2690} INFO - Sync 1 DAGs
[2025-04-16T14:27:16.574+0000] {logging_mixin.py:137} INFO - [2025-04-16T14:27:16.573+0000] {dag.py:3441} INFO - Setting next_dagrun for download_and_store_images to 2025-04-16T14:10:31.526116+00:00, run_after=2025-04-17T14:10:31.526116+00:00
[2025-04-16T14:27:16.604+0000] {processor.py:175} INFO - Processing /opt/airflow/dags/dag_data_collect.py took 0.745 seconds
[2025-04-16T14:27:47.650+0000] {processor.py:153} INFO - Started process (PID=68) to work on /opt/airflow/dags/dag_data_collect.py
[2025-04-16T14:27:47.673+0000] {processor.py:743} INFO - Processing file /opt/airflow/dags/dag_data_collect.py for tasks to queue
[2025-04-16T14:27:47.687+0000] {logging_mixin.py:137} INFO - [2025-04-16T14:27:47.684+0000] {dagbag.py:538} INFO - Filling up the DagBag from /opt/airflow/dags/dag_data_collect.py
[2025-04-16T14:27:48.038+0000] {processor.py:753} INFO - DAG(s) dict_keys(['download_and_store_images']) retrieved from /opt/airflow/dags/dag_data_collect.py
[2025-04-16T14:27:48.139+0000] {logging_mixin.py:137} INFO - [2025-04-16T14:27:48.139+0000] {dag.py:2690} INFO - Sync 1 DAGs
[2025-04-16T14:27:48.185+0000] {logging_mixin.py:137} INFO - [2025-04-16T14:27:48.185+0000] {dag.py:3441} INFO - Setting next_dagrun for download_and_store_images to 2025-04-16T14:10:31.526116+00:00, run_after=2025-04-17T14:10:31.526116+00:00
[2025-04-16T14:27:48.217+0000] {processor.py:175} INFO - Processing /opt/airflow/dags/dag_data_collect.py took 0.576 seconds
[2025-04-16T14:28:18.646+0000] {processor.py:153} INFO - Started process (PID=69) to work on /opt/airflow/dags/dag_data_collect.py
[2025-04-16T14:28:18.650+0000] {processor.py:743} INFO - Processing file /opt/airflow/dags/dag_data_collect.py for tasks to queue
[2025-04-16T14:28:18.652+0000] {logging_mixin.py:137} INFO - [2025-04-16T14:28:18.651+0000] {dagbag.py:538} INFO - Filling up the DagBag from /opt/airflow/dags/dag_data_collect.py
[2025-04-16T14:28:18.982+0000] {processor.py:753} INFO - DAG(s) dict_keys(['download_and_store_images']) retrieved from /opt/airflow/dags/dag_data_collect.py
[2025-04-16T14:28:19.099+0000] {logging_mixin.py:137} INFO - [2025-04-16T14:28:19.099+0000] {dag.py:2690} INFO - Sync 1 DAGs
[2025-04-16T14:28:19.222+0000] {logging_mixin.py:137} INFO - [2025-04-16T14:28:19.222+0000] {dag.py:3441} INFO - Setting next_dagrun for download_and_store_images to 2025-04-16T14:10:31.526116+00:00, run_after=2025-04-17T14:10:31.526116+00:00
[2025-04-16T14:28:19.282+0000] {processor.py:175} INFO - Processing /opt/airflow/dags/dag_data_collect.py took 0.643 seconds
[2025-04-16T14:28:49.647+0000] {processor.py:153} INFO - Started process (PID=70) to work on /opt/airflow/dags/dag_data_collect.py
[2025-04-16T14:28:49.651+0000] {processor.py:743} INFO - Processing file /opt/airflow/dags/dag_data_collect.py for tasks to queue
[2025-04-16T14:28:49.655+0000] {logging_mixin.py:137} INFO - [2025-04-16T14:28:49.655+0000] {dagbag.py:538} INFO - Filling up the DagBag from /opt/airflow/dags/dag_data_collect.py
[2025-04-16T14:28:49.995+0000] {processor.py:753} INFO - DAG(s) dict_keys(['download_and_store_images']) retrieved from /opt/airflow/dags/dag_data_collect.py
[2025-04-16T14:28:50.085+0000] {logging_mixin.py:137} INFO - [2025-04-16T14:28:50.085+0000] {dag.py:2690} INFO - Sync 1 DAGs
[2025-04-16T14:28:50.174+0000] {logging_mixin.py:137} INFO - [2025-04-16T14:28:50.174+0000] {dag.py:3441} INFO - Setting next_dagrun for download_and_store_images to 2025-04-16T14:10:31.526116+00:00, run_after=2025-04-17T14:10:31.526116+00:00
[2025-04-16T14:28:50.218+0000] {processor.py:175} INFO - Processing /opt/airflow/dags/dag_data_collect.py took 0.580 seconds
[2025-04-16T14:29:20.778+0000] {processor.py:153} INFO - Started process (PID=71) to work on /opt/airflow/dags/dag_data_collect.py
[2025-04-16T14:29:20.798+0000] {processor.py:743} INFO - Processing file /opt/airflow/dags/dag_data_collect.py for tasks to queue
[2025-04-16T14:29:20.801+0000] {logging_mixin.py:137} INFO - [2025-04-16T14:29:20.801+0000] {dagbag.py:538} INFO - Filling up the DagBag from /opt/airflow/dags/dag_data_collect.py
[2025-04-16T14:29:21.154+0000] {processor.py:753} INFO - DAG(s) dict_keys(['download_and_store_images']) retrieved from /opt/airflow/dags/dag_data_collect.py
[2025-04-16T14:29:21.215+0000] {logging_mixin.py:137} INFO - [2025-04-16T14:29:21.215+0000] {dag.py:2690} INFO - Sync 1 DAGs
[2025-04-16T14:29:21.314+0000] {logging_mixin.py:137} INFO - [2025-04-16T14:29:21.313+0000] {dag.py:3441} INFO - Setting next_dagrun for download_and_store_images to 2025-04-16T14:10:31.526116+00:00, run_after=2025-04-17T14:10:31.526116+00:00
[2025-04-16T14:29:21.371+0000] {processor.py:175} INFO - Processing /opt/airflow/dags/dag_data_collect.py took 0.606 seconds
[2025-04-16T14:29:51.804+0000] {processor.py:153} INFO - Started process (PID=72) to work on /opt/airflow/dags/dag_data_collect.py
[2025-04-16T14:29:51.809+0000] {processor.py:743} INFO - Processing file /opt/airflow/dags/dag_data_collect.py for tasks to queue
[2025-04-16T14:29:51.815+0000] {logging_mixin.py:137} INFO - [2025-04-16T14:29:51.814+0000] {dagbag.py:538} INFO - Filling up the DagBag from /opt/airflow/dags/dag_data_collect.py
[2025-04-16T14:29:52.307+0000] {processor.py:753} INFO - DAG(s) dict_keys(['download_and_store_images']) retrieved from /opt/airflow/dags/dag_data_collect.py
[2025-04-16T14:29:52.381+0000] {logging_mixin.py:137} INFO - [2025-04-16T14:29:52.381+0000] {dag.py:2690} INFO - Sync 1 DAGs
[2025-04-16T14:29:52.479+0000] {logging_mixin.py:137} INFO - [2025-04-16T14:29:52.479+0000] {dag.py:3441} INFO - Setting next_dagrun for download_and_store_images to 2025-04-16T14:10:31.526116+00:00, run_after=2025-04-17T14:10:31.526116+00:00
[2025-04-16T14:29:52.523+0000] {processor.py:175} INFO - Processing /opt/airflow/dags/dag_data_collect.py took 0.728 seconds
[2025-04-16T14:30:22.815+0000] {processor.py:153} INFO - Started process (PID=73) to work on /opt/airflow/dags/dag_data_collect.py
[2025-04-16T14:30:22.819+0000] {processor.py:743} INFO - Processing file /opt/airflow/dags/dag_data_collect.py for tasks to queue
[2025-04-16T14:30:22.821+0000] {logging_mixin.py:137} INFO - [2025-04-16T14:30:22.821+0000] {dagbag.py:538} INFO - Filling up the DagBag from /opt/airflow/dags/dag_data_collect.py
[2025-04-16T14:30:23.886+0000] {processor.py:753} INFO - DAG(s) dict_keys(['download_and_store_images']) retrieved from /opt/airflow/dags/dag_data_collect.py
[2025-04-16T14:30:24.215+0000] {logging_mixin.py:137} INFO - [2025-04-16T14:30:24.214+0000] {dag.py:2690} INFO - Sync 1 DAGs
[2025-04-16T14:30:24.377+0000] {logging_mixin.py:137} INFO - [2025-04-16T14:30:24.377+0000] {dag.py:3441} INFO - Setting next_dagrun for download_and_store_images to 2025-04-16T14:10:31.526116+00:00, run_after=2025-04-17T14:10:31.526116+00:00
[2025-04-16T14:30:24.522+0000] {processor.py:175} INFO - Processing /opt/airflow/dags/dag_data_collect.py took 1.734 seconds
[2025-04-16T14:30:54.936+0000] {processor.py:153} INFO - Started process (PID=74) to work on /opt/airflow/dags/dag_data_collect.py
[2025-04-16T14:30:54.944+0000] {processor.py:743} INFO - Processing file /opt/airflow/dags/dag_data_collect.py for tasks to queue
[2025-04-16T14:30:54.946+0000] {logging_mixin.py:137} INFO - [2025-04-16T14:30:54.946+0000] {dagbag.py:538} INFO - Filling up the DagBag from /opt/airflow/dags/dag_data_collect.py
[2025-04-16T14:30:55.378+0000] {processor.py:753} INFO - DAG(s) dict_keys(['download_and_store_images']) retrieved from /opt/airflow/dags/dag_data_collect.py
[2025-04-16T14:30:55.433+0000] {logging_mixin.py:137} INFO - [2025-04-16T14:30:55.432+0000] {dag.py:2690} INFO - Sync 1 DAGs
[2025-04-16T14:30:55.537+0000] {logging_mixin.py:137} INFO - [2025-04-16T14:30:55.537+0000] {dag.py:3441} INFO - Setting next_dagrun for download_and_store_images to 2025-04-16T14:10:31.526116+00:00, run_after=2025-04-17T14:10:31.526116+00:00
[2025-04-16T14:30:55.613+0000] {processor.py:175} INFO - Processing /opt/airflow/dags/dag_data_collect.py took 0.692 seconds
[2025-04-16T14:31:26.040+0000] {processor.py:153} INFO - Started process (PID=75) to work on /opt/airflow/dags/dag_data_collect.py
[2025-04-16T14:31:26.043+0000] {processor.py:743} INFO - Processing file /opt/airflow/dags/dag_data_collect.py for tasks to queue
[2025-04-16T14:31:26.044+0000] {logging_mixin.py:137} INFO - [2025-04-16T14:31:26.044+0000] {dagbag.py:538} INFO - Filling up the DagBag from /opt/airflow/dags/dag_data_collect.py
[2025-04-16T14:31:26.398+0000] {processor.py:753} INFO - DAG(s) dict_keys(['download_and_store_images']) retrieved from /opt/airflow/dags/dag_data_collect.py
[2025-04-16T14:31:26.474+0000] {logging_mixin.py:137} INFO - [2025-04-16T14:31:26.474+0000] {dag.py:2690} INFO - Sync 1 DAGs
[2025-04-16T14:31:26.555+0000] {logging_mixin.py:137} INFO - [2025-04-16T14:31:26.555+0000] {dag.py:3441} INFO - Setting next_dagrun for download_and_store_images to 2025-04-16T14:10:31.526116+00:00, run_after=2025-04-17T14:10:31.526116+00:00
[2025-04-16T14:31:26.616+0000] {processor.py:175} INFO - Processing /opt/airflow/dags/dag_data_collect.py took 0.587 seconds
[2025-04-16T14:31:56.932+0000] {processor.py:153} INFO - Started process (PID=76) to work on /opt/airflow/dags/dag_data_collect.py
[2025-04-16T14:31:56.942+0000] {processor.py:743} INFO - Processing file /opt/airflow/dags/dag_data_collect.py for tasks to queue
[2025-04-16T14:31:56.944+0000] {logging_mixin.py:137} INFO - [2025-04-16T14:31:56.943+0000] {dagbag.py:538} INFO - Filling up the DagBag from /opt/airflow/dags/dag_data_collect.py
[2025-04-16T14:31:57.180+0000] {processor.py:753} INFO - DAG(s) dict_keys(['download_and_store_images']) retrieved from /opt/airflow/dags/dag_data_collect.py
[2025-04-16T14:31:57.247+0000] {logging_mixin.py:137} INFO - [2025-04-16T14:31:57.247+0000] {dag.py:2690} INFO - Sync 1 DAGs
[2025-04-16T14:31:57.352+0000] {logging_mixin.py:137} INFO - [2025-04-16T14:31:57.351+0000] {dag.py:3441} INFO - Setting next_dagrun for download_and_store_images to 2025-04-16T14:10:31.526116+00:00, run_after=2025-04-17T14:10:31.526116+00:00
[2025-04-16T14:31:57.414+0000] {processor.py:175} INFO - Processing /opt/airflow/dags/dag_data_collect.py took 0.489 seconds
[2025-04-16T14:32:28.467+0000] {processor.py:153} INFO - Started process (PID=77) to work on /opt/airflow/dags/dag_data_collect.py
[2025-04-16T14:32:28.487+0000] {processor.py:743} INFO - Processing file /opt/airflow/dags/dag_data_collect.py for tasks to queue
[2025-04-16T14:32:28.504+0000] {logging_mixin.py:137} INFO - [2025-04-16T14:32:28.504+0000] {dagbag.py:538} INFO - Filling up the DagBag from /opt/airflow/dags/dag_data_collect.py
[2025-04-16T14:32:28.955+0000] {processor.py:753} INFO - DAG(s) dict_keys(['download_and_store_images']) retrieved from /opt/airflow/dags/dag_data_collect.py
[2025-04-16T14:32:29.204+0000] {logging_mixin.py:137} INFO - [2025-04-16T14:32:29.204+0000] {dag.py:2690} INFO - Sync 1 DAGs
[2025-04-16T14:32:29.351+0000] {logging_mixin.py:137} INFO - [2025-04-16T14:32:29.351+0000] {dag.py:3441} INFO - Setting next_dagrun for download_and_store_images to 2025-04-16T14:10:31.526116+00:00, run_after=2025-04-17T14:10:31.526116+00:00
[2025-04-16T14:32:29.409+0000] {processor.py:175} INFO - Processing /opt/airflow/dags/dag_data_collect.py took 0.957 seconds
[2025-04-16T14:32:59.924+0000] {processor.py:153} INFO - Started process (PID=78) to work on /opt/airflow/dags/dag_data_collect.py
[2025-04-16T14:32:59.934+0000] {processor.py:743} INFO - Processing file /opt/airflow/dags/dag_data_collect.py for tasks to queue
[2025-04-16T14:32:59.942+0000] {logging_mixin.py:137} INFO - [2025-04-16T14:32:59.942+0000] {dagbag.py:538} INFO - Filling up the DagBag from /opt/airflow/dags/dag_data_collect.py
[2025-04-16T14:33:00.564+0000] {processor.py:753} INFO - DAG(s) dict_keys(['download_and_store_images']) retrieved from /opt/airflow/dags/dag_data_collect.py
[2025-04-16T14:33:00.817+0000] {logging_mixin.py:137} INFO - [2025-04-16T14:33:00.812+0000] {dag.py:2690} INFO - Sync 1 DAGs
[2025-04-16T14:33:00.933+0000] {logging_mixin.py:137} INFO - [2025-04-16T14:33:00.933+0000] {dag.py:3441} INFO - Setting next_dagrun for download_and_store_images to 2025-04-16T14:10:31.526116+00:00, run_after=2025-04-17T14:10:31.526116+00:00
[2025-04-16T14:33:00.976+0000] {processor.py:175} INFO - Processing /opt/airflow/dags/dag_data_collect.py took 1.086 seconds
[2025-04-16T14:33:31.412+0000] {processor.py:153} INFO - Started process (PID=79) to work on /opt/airflow/dags/dag_data_collect.py
[2025-04-16T14:33:31.418+0000] {processor.py:743} INFO - Processing file /opt/airflow/dags/dag_data_collect.py for tasks to queue
[2025-04-16T14:33:31.420+0000] {logging_mixin.py:137} INFO - [2025-04-16T14:33:31.419+0000] {dagbag.py:538} INFO - Filling up the DagBag from /opt/airflow/dags/dag_data_collect.py
[2025-04-16T14:33:32.160+0000] {processor.py:753} INFO - DAG(s) dict_keys(['download_and_store_images']) retrieved from /opt/airflow/dags/dag_data_collect.py
[2025-04-16T14:33:32.244+0000] {logging_mixin.py:137} INFO - [2025-04-16T14:33:32.244+0000] {dag.py:2690} INFO - Sync 1 DAGs
[2025-04-16T14:33:32.362+0000] {logging_mixin.py:137} INFO - [2025-04-16T14:33:32.359+0000] {dag.py:3441} INFO - Setting next_dagrun for download_and_store_images to 2025-04-16T14:10:31.526116+00:00, run_after=2025-04-17T14:10:31.526116+00:00
[2025-04-16T14:33:32.422+0000] {processor.py:175} INFO - Processing /opt/airflow/dags/dag_data_collect.py took 1.026 seconds
[2025-04-16T14:34:03.283+0000] {processor.py:153} INFO - Started process (PID=80) to work on /opt/airflow/dags/dag_data_collect.py
[2025-04-16T14:34:03.290+0000] {processor.py:743} INFO - Processing file /opt/airflow/dags/dag_data_collect.py for tasks to queue
[2025-04-16T14:34:03.296+0000] {logging_mixin.py:137} INFO - [2025-04-16T14:34:03.295+0000] {dagbag.py:538} INFO - Filling up the DagBag from /opt/airflow/dags/dag_data_collect.py
[2025-04-16T14:34:05.313+0000] {processor.py:753} INFO - DAG(s) dict_keys(['download_and_store_images']) retrieved from /opt/airflow/dags/dag_data_collect.py
[2025-04-16T14:34:07.003+0000] {logging_mixin.py:137} INFO - [2025-04-16T14:34:07.003+0000] {dag.py:2690} INFO - Sync 1 DAGs
[2025-04-16T14:34:07.283+0000] {logging_mixin.py:137} INFO - [2025-04-16T14:34:07.283+0000] {dag.py:3441} INFO - Setting next_dagrun for download_and_store_images to 2025-04-16T14:10:31.526116+00:00, run_after=2025-04-17T14:10:31.526116+00:00
[2025-04-16T14:34:07.470+0000] {processor.py:175} INFO - Processing /opt/airflow/dags/dag_data_collect.py took 4.228 seconds
[2025-04-16T14:34:37.947+0000] {processor.py:153} INFO - Started process (PID=81) to work on /opt/airflow/dags/dag_data_collect.py
[2025-04-16T14:34:37.950+0000] {processor.py:743} INFO - Processing file /opt/airflow/dags/dag_data_collect.py for tasks to queue
[2025-04-16T14:34:37.956+0000] {logging_mixin.py:137} INFO - [2025-04-16T14:34:37.953+0000] {dagbag.py:538} INFO - Filling up the DagBag from /opt/airflow/dags/dag_data_collect.py
[2025-04-16T14:34:38.545+0000] {processor.py:753} INFO - DAG(s) dict_keys(['download_and_store_images']) retrieved from /opt/airflow/dags/dag_data_collect.py
[2025-04-16T14:34:38.625+0000] {logging_mixin.py:137} INFO - [2025-04-16T14:34:38.625+0000] {dag.py:2690} INFO - Sync 1 DAGs
[2025-04-16T14:34:38.773+0000] {logging_mixin.py:137} INFO - [2025-04-16T14:34:38.773+0000] {dag.py:3441} INFO - Setting next_dagrun for download_and_store_images to 2025-04-16T14:10:31.526116+00:00, run_after=2025-04-17T14:10:31.526116+00:00
[2025-04-16T14:34:38.838+0000] {processor.py:175} INFO - Processing /opt/airflow/dags/dag_data_collect.py took 0.910 seconds
[2025-04-16T14:35:09.706+0000] {processor.py:153} INFO - Started process (PID=82) to work on /opt/airflow/dags/dag_data_collect.py
[2025-04-16T14:35:09.708+0000] {processor.py:743} INFO - Processing file /opt/airflow/dags/dag_data_collect.py for tasks to queue
[2025-04-16T14:35:09.710+0000] {logging_mixin.py:137} INFO - [2025-04-16T14:35:09.710+0000] {dagbag.py:538} INFO - Filling up the DagBag from /opt/airflow/dags/dag_data_collect.py
[2025-04-16T14:35:10.103+0000] {processor.py:753} INFO - DAG(s) dict_keys(['download_and_store_images']) retrieved from /opt/airflow/dags/dag_data_collect.py
[2025-04-16T14:35:10.260+0000] {logging_mixin.py:137} INFO - [2025-04-16T14:35:10.259+0000] {dag.py:2690} INFO - Sync 1 DAGs
[2025-04-16T14:35:10.395+0000] {logging_mixin.py:137} INFO - [2025-04-16T14:35:10.395+0000] {dag.py:3441} INFO - Setting next_dagrun for download_and_store_images to 2025-04-16T14:10:31.526116+00:00, run_after=2025-04-17T14:10:31.526116+00:00
[2025-04-16T14:35:10.444+0000] {processor.py:175} INFO - Processing /opt/airflow/dags/dag_data_collect.py took 0.753 seconds
[2025-04-16T14:35:41.246+0000] {processor.py:153} INFO - Started process (PID=83) to work on /opt/airflow/dags/dag_data_collect.py
[2025-04-16T14:35:41.254+0000] {processor.py:743} INFO - Processing file /opt/airflow/dags/dag_data_collect.py for tasks to queue
[2025-04-16T14:35:41.260+0000] {logging_mixin.py:137} INFO - [2025-04-16T14:35:41.259+0000] {dagbag.py:538} INFO - Filling up the DagBag from /opt/airflow/dags/dag_data_collect.py
[2025-04-16T14:35:41.941+0000] {processor.py:753} INFO - DAG(s) dict_keys(['download_and_store_images']) retrieved from /opt/airflow/dags/dag_data_collect.py
[2025-04-16T14:35:42.053+0000] {logging_mixin.py:137} INFO - [2025-04-16T14:35:42.053+0000] {dag.py:2690} INFO - Sync 1 DAGs
[2025-04-16T14:35:42.177+0000] {logging_mixin.py:137} INFO - [2025-04-16T14:35:42.175+0000] {dag.py:3441} INFO - Setting next_dagrun for download_and_store_images to 2025-04-16T14:10:31.526116+00:00, run_after=2025-04-17T14:10:31.526116+00:00
[2025-04-16T14:35:42.313+0000] {processor.py:175} INFO - Processing /opt/airflow/dags/dag_data_collect.py took 1.081 seconds
[2025-04-16T14:36:12.843+0000] {processor.py:153} INFO - Started process (PID=84) to work on /opt/airflow/dags/dag_data_collect.py
[2025-04-16T14:36:12.845+0000] {processor.py:743} INFO - Processing file /opt/airflow/dags/dag_data_collect.py for tasks to queue
[2025-04-16T14:36:12.847+0000] {logging_mixin.py:137} INFO - [2025-04-16T14:36:12.847+0000] {dagbag.py:538} INFO - Filling up the DagBag from /opt/airflow/dags/dag_data_collect.py
[2025-04-16T14:36:13.229+0000] {processor.py:753} INFO - DAG(s) dict_keys(['download_and_store_images']) retrieved from /opt/airflow/dags/dag_data_collect.py
[2025-04-16T14:36:13.333+0000] {logging_mixin.py:137} INFO - [2025-04-16T14:36:13.332+0000] {dag.py:2690} INFO - Sync 1 DAGs
[2025-04-16T14:36:13.532+0000] {logging_mixin.py:137} INFO - [2025-04-16T14:36:13.532+0000] {dag.py:3441} INFO - Setting next_dagrun for download_and_store_images to 2025-04-16T14:10:31.526116+00:00, run_after=2025-04-17T14:10:31.526116+00:00
[2025-04-16T14:36:13.632+0000] {processor.py:175} INFO - Processing /opt/airflow/dags/dag_data_collect.py took 0.798 seconds
[2025-04-16T14:36:43.752+0000] {processor.py:153} INFO - Started process (PID=85) to work on /opt/airflow/dags/dag_data_collect.py
[2025-04-16T14:36:43.754+0000] {processor.py:743} INFO - Processing file /opt/airflow/dags/dag_data_collect.py for tasks to queue
[2025-04-16T14:36:43.755+0000] {logging_mixin.py:137} INFO - [2025-04-16T14:36:43.755+0000] {dagbag.py:538} INFO - Filling up the DagBag from /opt/airflow/dags/dag_data_collect.py
[2025-04-16T14:36:44.072+0000] {processor.py:753} INFO - DAG(s) dict_keys(['download_and_store_images']) retrieved from /opt/airflow/dags/dag_data_collect.py
[2025-04-16T14:36:44.193+0000] {logging_mixin.py:137} INFO - [2025-04-16T14:36:44.193+0000] {dag.py:2690} INFO - Sync 1 DAGs
[2025-04-16T14:36:44.260+0000] {logging_mixin.py:137} INFO - [2025-04-16T14:36:44.260+0000] {dag.py:3441} INFO - Setting next_dagrun for download_and_store_images to 2025-04-16T14:10:31.526116+00:00, run_after=2025-04-17T14:10:31.526116+00:00
[2025-04-16T14:36:44.305+0000] {processor.py:175} INFO - Processing /opt/airflow/dags/dag_data_collect.py took 0.561 seconds
[2025-04-16T14:37:15.034+0000] {processor.py:153} INFO - Started process (PID=86) to work on /opt/airflow/dags/dag_data_collect.py
[2025-04-16T14:37:15.037+0000] {processor.py:743} INFO - Processing file /opt/airflow/dags/dag_data_collect.py for tasks to queue
[2025-04-16T14:37:15.041+0000] {logging_mixin.py:137} INFO - [2025-04-16T14:37:15.040+0000] {dagbag.py:538} INFO - Filling up the DagBag from /opt/airflow/dags/dag_data_collect.py
[2025-04-16T14:37:15.635+0000] {processor.py:753} INFO - DAG(s) dict_keys(['download_and_store_images']) retrieved from /opt/airflow/dags/dag_data_collect.py
[2025-04-16T14:37:15.729+0000] {logging_mixin.py:137} INFO - [2025-04-16T14:37:15.728+0000] {dag.py:2690} INFO - Sync 1 DAGs
[2025-04-16T14:37:15.808+0000] {logging_mixin.py:137} INFO - [2025-04-16T14:37:15.807+0000] {dag.py:3441} INFO - Setting next_dagrun for download_and_store_images to 2025-04-16T14:10:31.526116+00:00, run_after=2025-04-17T14:10:31.526116+00:00
[2025-04-16T14:37:15.895+0000] {processor.py:175} INFO - Processing /opt/airflow/dags/dag_data_collect.py took 0.868 seconds
[2025-04-16T14:37:46.903+0000] {processor.py:153} INFO - Started process (PID=87) to work on /opt/airflow/dags/dag_data_collect.py
[2025-04-16T14:37:46.910+0000] {processor.py:743} INFO - Processing file /opt/airflow/dags/dag_data_collect.py for tasks to queue
[2025-04-16T14:37:46.915+0000] {logging_mixin.py:137} INFO - [2025-04-16T14:37:46.914+0000] {dagbag.py:538} INFO - Filling up the DagBag from /opt/airflow/dags/dag_data_collect.py
[2025-04-16T14:37:47.267+0000] {processor.py:753} INFO - DAG(s) dict_keys(['download_and_store_images']) retrieved from /opt/airflow/dags/dag_data_collect.py
[2025-04-16T14:37:47.383+0000] {logging_mixin.py:137} INFO - [2025-04-16T14:37:47.382+0000] {dag.py:2690} INFO - Sync 1 DAGs
[2025-04-16T14:37:47.533+0000] {logging_mixin.py:137} INFO - [2025-04-16T14:37:47.532+0000] {dag.py:3441} INFO - Setting next_dagrun for download_and_store_images to 2025-04-16T14:10:31.526116+00:00, run_after=2025-04-17T14:10:31.526116+00:00
[2025-04-16T14:37:47.669+0000] {processor.py:175} INFO - Processing /opt/airflow/dags/dag_data_collect.py took 0.774 seconds
[2025-04-16T14:38:18.506+0000] {processor.py:153} INFO - Started process (PID=88) to work on /opt/airflow/dags/dag_data_collect.py
[2025-04-16T14:38:18.512+0000] {processor.py:743} INFO - Processing file /opt/airflow/dags/dag_data_collect.py for tasks to queue
[2025-04-16T14:38:18.514+0000] {logging_mixin.py:137} INFO - [2025-04-16T14:38:18.514+0000] {dagbag.py:538} INFO - Filling up the DagBag from /opt/airflow/dags/dag_data_collect.py
[2025-04-16T14:38:18.857+0000] {processor.py:753} INFO - DAG(s) dict_keys(['download_and_store_images']) retrieved from /opt/airflow/dags/dag_data_collect.py
[2025-04-16T14:38:18.942+0000] {logging_mixin.py:137} INFO - [2025-04-16T14:38:18.941+0000] {dag.py:2690} INFO - Sync 1 DAGs
[2025-04-16T14:38:19.054+0000] {logging_mixin.py:137} INFO - [2025-04-16T14:38:19.053+0000] {dag.py:3441} INFO - Setting next_dagrun for download_and_store_images to 2025-04-16T14:10:31.526116+00:00, run_after=2025-04-17T14:10:31.526116+00:00
[2025-04-16T14:38:19.128+0000] {processor.py:175} INFO - Processing /opt/airflow/dags/dag_data_collect.py took 0.632 seconds
[2025-04-16T14:38:49.737+0000] {processor.py:153} INFO - Started process (PID=89) to work on /opt/airflow/dags/dag_data_collect.py
[2025-04-16T14:38:49.812+0000] {processor.py:743} INFO - Processing file /opt/airflow/dags/dag_data_collect.py for tasks to queue
[2025-04-16T14:38:49.842+0000] {logging_mixin.py:137} INFO - [2025-04-16T14:38:49.830+0000] {dagbag.py:538} INFO - Filling up the DagBag from /opt/airflow/dags/dag_data_collect.py
[2025-04-16T14:38:50.385+0000] {processor.py:753} INFO - DAG(s) dict_keys(['download_and_store_images']) retrieved from /opt/airflow/dags/dag_data_collect.py
[2025-04-16T14:38:50.462+0000] {logging_mixin.py:137} INFO - [2025-04-16T14:38:50.462+0000] {dag.py:2690} INFO - Sync 1 DAGs
[2025-04-16T14:38:50.579+0000] {logging_mixin.py:137} INFO - [2025-04-16T14:38:50.579+0000] {dag.py:3441} INFO - Setting next_dagrun for download_and_store_images to 2025-04-16T14:10:31.526116+00:00, run_after=2025-04-17T14:10:31.526116+00:00
[2025-04-16T14:38:50.824+0000] {processor.py:175} INFO - Processing /opt/airflow/dags/dag_data_collect.py took 1.126 seconds
[2025-04-16T14:39:21.215+0000] {processor.py:153} INFO - Started process (PID=90) to work on /opt/airflow/dags/dag_data_collect.py
[2025-04-16T14:39:21.236+0000] {processor.py:743} INFO - Processing file /opt/airflow/dags/dag_data_collect.py for tasks to queue
[2025-04-16T14:39:21.242+0000] {logging_mixin.py:137} INFO - [2025-04-16T14:39:21.241+0000] {dagbag.py:538} INFO - Filling up the DagBag from /opt/airflow/dags/dag_data_collect.py
[2025-04-16T14:39:21.659+0000] {processor.py:753} INFO - DAG(s) dict_keys(['download_and_store_images']) retrieved from /opt/airflow/dags/dag_data_collect.py
[2025-04-16T14:39:21.935+0000] {logging_mixin.py:137} INFO - [2025-04-16T14:39:21.934+0000] {dag.py:2690} INFO - Sync 1 DAGs
[2025-04-16T14:39:22.041+0000] {logging_mixin.py:137} INFO - [2025-04-16T14:39:22.041+0000] {dag.py:3441} INFO - Setting next_dagrun for download_and_store_images to 2025-04-16T14:10:31.526116+00:00, run_after=2025-04-17T14:10:31.526116+00:00
[2025-04-16T14:39:22.121+0000] {processor.py:175} INFO - Processing /opt/airflow/dags/dag_data_collect.py took 0.917 seconds
[2025-04-16T14:39:52.816+0000] {processor.py:153} INFO - Started process (PID=91) to work on /opt/airflow/dags/dag_data_collect.py
[2025-04-16T14:39:52.821+0000] {processor.py:743} INFO - Processing file /opt/airflow/dags/dag_data_collect.py for tasks to queue
[2025-04-16T14:39:52.829+0000] {logging_mixin.py:137} INFO - [2025-04-16T14:39:52.829+0000] {dagbag.py:538} INFO - Filling up the DagBag from /opt/airflow/dags/dag_data_collect.py
[2025-04-16T14:39:53.707+0000] {processor.py:753} INFO - DAG(s) dict_keys(['download_and_store_images']) retrieved from /opt/airflow/dags/dag_data_collect.py
[2025-04-16T14:39:53.830+0000] {logging_mixin.py:137} INFO - [2025-04-16T14:39:53.830+0000] {dag.py:2690} INFO - Sync 1 DAGs
[2025-04-16T14:39:53.963+0000] {logging_mixin.py:137} INFO - [2025-04-16T14:39:53.962+0000] {dag.py:3441} INFO - Setting next_dagrun for download_and_store_images to 2025-04-16T14:10:31.526116+00:00, run_after=2025-04-17T14:10:31.526116+00:00
[2025-04-16T14:39:54.127+0000] {processor.py:175} INFO - Processing /opt/airflow/dags/dag_data_collect.py took 1.323 seconds
[2025-04-16T14:40:24.845+0000] {processor.py:153} INFO - Started process (PID=92) to work on /opt/airflow/dags/dag_data_collect.py
[2025-04-16T14:40:24.908+0000] {processor.py:743} INFO - Processing file /opt/airflow/dags/dag_data_collect.py for tasks to queue
[2025-04-16T14:40:24.950+0000] {logging_mixin.py:137} INFO - [2025-04-16T14:40:24.949+0000] {dagbag.py:538} INFO - Filling up the DagBag from /opt/airflow/dags/dag_data_collect.py
[2025-04-16T14:40:25.666+0000] {processor.py:753} INFO - DAG(s) dict_keys(['download_and_store_images']) retrieved from /opt/airflow/dags/dag_data_collect.py
[2025-04-16T14:40:25.948+0000] {logging_mixin.py:137} INFO - [2025-04-16T14:40:25.946+0000] {dag.py:2690} INFO - Sync 1 DAGs
[2025-04-16T14:40:26.253+0000] {logging_mixin.py:137} INFO - [2025-04-16T14:40:26.252+0000] {dag.py:3441} INFO - Setting next_dagrun for download_and_store_images to 2025-04-16T14:10:31.526116+00:00, run_after=2025-04-17T14:10:31.526116+00:00
[2025-04-16T14:40:26.631+0000] {processor.py:175} INFO - Processing /opt/airflow/dags/dag_data_collect.py took 1.811 seconds
[2025-04-16T14:40:57.638+0000] {processor.py:153} INFO - Started process (PID=93) to work on /opt/airflow/dags/dag_data_collect.py
[2025-04-16T14:40:57.663+0000] {processor.py:743} INFO - Processing file /opt/airflow/dags/dag_data_collect.py for tasks to queue
[2025-04-16T14:40:57.729+0000] {logging_mixin.py:137} INFO - [2025-04-16T14:40:57.728+0000] {dagbag.py:538} INFO - Filling up the DagBag from /opt/airflow/dags/dag_data_collect.py
[2025-04-16T14:40:58.708+0000] {processor.py:753} INFO - DAG(s) dict_keys(['download_and_store_images']) retrieved from /opt/airflow/dags/dag_data_collect.py
[2025-04-16T14:40:58.836+0000] {logging_mixin.py:137} INFO - [2025-04-16T14:40:58.836+0000] {dag.py:2690} INFO - Sync 1 DAGs
[2025-04-16T14:40:58.901+0000] {logging_mixin.py:137} INFO - [2025-04-16T14:40:58.901+0000] {dag.py:3441} INFO - Setting next_dagrun for download_and_store_images to 2025-04-16T14:10:31.526116+00:00, run_after=2025-04-17T14:10:31.526116+00:00
[2025-04-16T14:40:58.997+0000] {processor.py:175} INFO - Processing /opt/airflow/dags/dag_data_collect.py took 1.458 seconds
[2025-04-16T14:41:29.300+0000] {processor.py:153} INFO - Started process (PID=94) to work on /opt/airflow/dags/dag_data_collect.py
[2025-04-16T14:41:29.323+0000] {processor.py:743} INFO - Processing file /opt/airflow/dags/dag_data_collect.py for tasks to queue
[2025-04-16T14:41:29.337+0000] {logging_mixin.py:137} INFO - [2025-04-16T14:41:29.336+0000] {dagbag.py:538} INFO - Filling up the DagBag from /opt/airflow/dags/dag_data_collect.py
[2025-04-16T14:41:29.921+0000] {processor.py:753} INFO - DAG(s) dict_keys(['download_and_store_images']) retrieved from /opt/airflow/dags/dag_data_collect.py
[2025-04-16T14:41:30.168+0000] {logging_mixin.py:137} INFO - [2025-04-16T14:41:30.168+0000] {dag.py:2690} INFO - Sync 1 DAGs
[2025-04-16T14:41:30.268+0000] {logging_mixin.py:137} INFO - [2025-04-16T14:41:30.267+0000] {dag.py:3441} INFO - Setting next_dagrun for download_and_store_images to 2025-04-16T14:10:31.526116+00:00, run_after=2025-04-17T14:10:31.526116+00:00
[2025-04-16T14:41:30.373+0000] {processor.py:175} INFO - Processing /opt/airflow/dags/dag_data_collect.py took 1.096 seconds
[2025-04-16T14:42:00.867+0000] {processor.py:153} INFO - Started process (PID=95) to work on /opt/airflow/dags/dag_data_collect.py
[2025-04-16T14:42:00.870+0000] {processor.py:743} INFO - Processing file /opt/airflow/dags/dag_data_collect.py for tasks to queue
[2025-04-16T14:42:00.873+0000] {logging_mixin.py:137} INFO - [2025-04-16T14:42:00.873+0000] {dagbag.py:538} INFO - Filling up the DagBag from /opt/airflow/dags/dag_data_collect.py
[2025-04-16T14:42:01.164+0000] {processor.py:753} INFO - DAG(s) dict_keys(['download_and_store_images']) retrieved from /opt/airflow/dags/dag_data_collect.py
[2025-04-16T14:42:01.277+0000] {logging_mixin.py:137} INFO - [2025-04-16T14:42:01.277+0000] {dag.py:2690} INFO - Sync 1 DAGs
[2025-04-16T14:42:01.400+0000] {logging_mixin.py:137} INFO - [2025-04-16T14:42:01.399+0000] {dag.py:3441} INFO - Setting next_dagrun for download_and_store_images to 2025-04-16T14:10:31.526116+00:00, run_after=2025-04-17T14:10:31.526116+00:00
[2025-04-16T14:42:01.445+0000] {processor.py:175} INFO - Processing /opt/airflow/dags/dag_data_collect.py took 0.594 seconds
[2025-04-16T14:42:32.245+0000] {processor.py:153} INFO - Started process (PID=96) to work on /opt/airflow/dags/dag_data_collect.py
[2025-04-16T14:42:32.303+0000] {processor.py:743} INFO - Processing file /opt/airflow/dags/dag_data_collect.py for tasks to queue
[2025-04-16T14:42:32.311+0000] {logging_mixin.py:137} INFO - [2025-04-16T14:42:32.310+0000] {dagbag.py:538} INFO - Filling up the DagBag from /opt/airflow/dags/dag_data_collect.py
[2025-04-16T14:42:33.035+0000] {processor.py:753} INFO - DAG(s) dict_keys(['download_and_store_images']) retrieved from /opt/airflow/dags/dag_data_collect.py
[2025-04-16T14:42:33.150+0000] {logging_mixin.py:137} INFO - [2025-04-16T14:42:33.149+0000] {dag.py:2690} INFO - Sync 1 DAGs
[2025-04-16T14:42:33.361+0000] {logging_mixin.py:137} INFO - [2025-04-16T14:42:33.361+0000] {dag.py:3441} INFO - Setting next_dagrun for download_and_store_images to 2025-04-16T14:10:31.526116+00:00, run_after=2025-04-17T14:10:31.526116+00:00
[2025-04-16T14:42:33.466+0000] {processor.py:175} INFO - Processing /opt/airflow/dags/dag_data_collect.py took 1.241 seconds
[2025-04-16T14:43:04.168+0000] {processor.py:153} INFO - Started process (PID=97) to work on /opt/airflow/dags/dag_data_collect.py
[2025-04-16T14:43:04.170+0000] {processor.py:743} INFO - Processing file /opt/airflow/dags/dag_data_collect.py for tasks to queue
[2025-04-16T14:43:04.181+0000] {logging_mixin.py:137} INFO - [2025-04-16T14:43:04.177+0000] {dagbag.py:538} INFO - Filling up the DagBag from /opt/airflow/dags/dag_data_collect.py
[2025-04-16T14:43:04.567+0000] {processor.py:753} INFO - DAG(s) dict_keys(['download_and_store_images']) retrieved from /opt/airflow/dags/dag_data_collect.py
[2025-04-16T14:43:04.642+0000] {logging_mixin.py:137} INFO - [2025-04-16T14:43:04.642+0000] {dag.py:2690} INFO - Sync 1 DAGs
[2025-04-16T14:43:04.721+0000] {logging_mixin.py:137} INFO - [2025-04-16T14:43:04.720+0000] {dag.py:3441} INFO - Setting next_dagrun for download_and_store_images to 2025-04-16T14:10:31.526116+00:00, run_after=2025-04-17T14:10:31.526116+00:00
[2025-04-16T14:43:04.810+0000] {processor.py:175} INFO - Processing /opt/airflow/dags/dag_data_collect.py took 0.647 seconds
[2025-04-16T14:43:35.274+0000] {processor.py:153} INFO - Started process (PID=98) to work on /opt/airflow/dags/dag_data_collect.py
[2025-04-16T14:43:35.283+0000] {processor.py:743} INFO - Processing file /opt/airflow/dags/dag_data_collect.py for tasks to queue
[2025-04-16T14:43:35.285+0000] {logging_mixin.py:137} INFO - [2025-04-16T14:43:35.284+0000] {dagbag.py:538} INFO - Filling up the DagBag from /opt/airflow/dags/dag_data_collect.py
[2025-04-16T14:43:35.526+0000] {processor.py:753} INFO - DAG(s) dict_keys(['download_and_store_images']) retrieved from /opt/airflow/dags/dag_data_collect.py
[2025-04-16T14:43:35.609+0000] {logging_mixin.py:137} INFO - [2025-04-16T14:43:35.608+0000] {dag.py:2690} INFO - Sync 1 DAGs
[2025-04-16T14:43:35.694+0000] {logging_mixin.py:137} INFO - [2025-04-16T14:43:35.694+0000] {dag.py:3441} INFO - Setting next_dagrun for download_and_store_images to 2025-04-16T14:10:31.526116+00:00, run_after=2025-04-17T14:10:31.526116+00:00
[2025-04-16T14:43:35.743+0000] {processor.py:175} INFO - Processing /opt/airflow/dags/dag_data_collect.py took 0.475 seconds
[2025-04-16T14:44:06.269+0000] {processor.py:153} INFO - Started process (PID=99) to work on /opt/airflow/dags/dag_data_collect.py
[2025-04-16T14:44:06.271+0000] {processor.py:743} INFO - Processing file /opt/airflow/dags/dag_data_collect.py for tasks to queue
[2025-04-16T14:44:06.274+0000] {logging_mixin.py:137} INFO - [2025-04-16T14:44:06.273+0000] {dagbag.py:538} INFO - Filling up the DagBag from /opt/airflow/dags/dag_data_collect.py
[2025-04-16T14:44:06.592+0000] {processor.py:753} INFO - DAG(s) dict_keys(['download_and_store_images']) retrieved from /opt/airflow/dags/dag_data_collect.py
[2025-04-16T14:44:06.664+0000] {logging_mixin.py:137} INFO - [2025-04-16T14:44:06.664+0000] {dag.py:2690} INFO - Sync 1 DAGs
[2025-04-16T14:44:06.727+0000] {logging_mixin.py:137} INFO - [2025-04-16T14:44:06.727+0000] {dag.py:3441} INFO - Setting next_dagrun for download_and_store_images to 2025-04-16T14:10:31.526116+00:00, run_after=2025-04-17T14:10:31.526116+00:00
[2025-04-16T14:44:06.818+0000] {processor.py:175} INFO - Processing /opt/airflow/dags/dag_data_collect.py took 0.553 seconds
[2025-04-16T14:44:37.503+0000] {processor.py:153} INFO - Started process (PID=100) to work on /opt/airflow/dags/dag_data_collect.py
[2025-04-16T14:44:37.506+0000] {processor.py:743} INFO - Processing file /opt/airflow/dags/dag_data_collect.py for tasks to queue
[2025-04-16T14:44:37.508+0000] {logging_mixin.py:137} INFO - [2025-04-16T14:44:37.508+0000] {dagbag.py:538} INFO - Filling up the DagBag from /opt/airflow/dags/dag_data_collect.py
[2025-04-16T14:44:37.927+0000] {processor.py:753} INFO - DAG(s) dict_keys(['download_and_store_images']) retrieved from /opt/airflow/dags/dag_data_collect.py
[2025-04-16T14:44:38.037+0000] {logging_mixin.py:137} INFO - [2025-04-16T14:44:38.036+0000] {dag.py:2690} INFO - Sync 1 DAGs
[2025-04-16T14:44:38.185+0000] {logging_mixin.py:137} INFO - [2025-04-16T14:44:38.185+0000] {dag.py:3441} INFO - Setting next_dagrun for download_and_store_images to 2025-04-16T14:10:31.526116+00:00, run_after=2025-04-17T14:10:31.526116+00:00
[2025-04-16T14:44:38.258+0000] {processor.py:175} INFO - Processing /opt/airflow/dags/dag_data_collect.py took 0.763 seconds
[2025-04-16T14:45:08.717+0000] {processor.py:153} INFO - Started process (PID=101) to work on /opt/airflow/dags/dag_data_collect.py
[2025-04-16T14:45:08.729+0000] {processor.py:743} INFO - Processing file /opt/airflow/dags/dag_data_collect.py for tasks to queue
[2025-04-16T14:45:08.731+0000] {logging_mixin.py:137} INFO - [2025-04-16T14:45:08.731+0000] {dagbag.py:538} INFO - Filling up the DagBag from /opt/airflow/dags/dag_data_collect.py
[2025-04-16T14:45:09.097+0000] {processor.py:753} INFO - DAG(s) dict_keys(['download_and_store_images']) retrieved from /opt/airflow/dags/dag_data_collect.py
[2025-04-16T14:45:09.176+0000] {logging_mixin.py:137} INFO - [2025-04-16T14:45:09.176+0000] {dag.py:2690} INFO - Sync 1 DAGs
[2025-04-16T14:45:09.243+0000] {logging_mixin.py:137} INFO - [2025-04-16T14:45:09.243+0000] {dag.py:3441} INFO - Setting next_dagrun for download_and_store_images to 2025-04-16T14:10:31.526116+00:00, run_after=2025-04-17T14:10:31.526116+00:00
[2025-04-16T14:45:09.320+0000] {processor.py:175} INFO - Processing /opt/airflow/dags/dag_data_collect.py took 0.613 seconds
[2025-04-16T14:45:39.749+0000] {processor.py:153} INFO - Started process (PID=102) to work on /opt/airflow/dags/dag_data_collect.py
[2025-04-16T14:45:39.751+0000] {processor.py:743} INFO - Processing file /opt/airflow/dags/dag_data_collect.py for tasks to queue
[2025-04-16T14:45:39.752+0000] {logging_mixin.py:137} INFO - [2025-04-16T14:45:39.752+0000] {dagbag.py:538} INFO - Filling up the DagBag from /opt/airflow/dags/dag_data_collect.py
[2025-04-16T14:45:40.164+0000] {processor.py:753} INFO - DAG(s) dict_keys(['download_and_store_images']) retrieved from /opt/airflow/dags/dag_data_collect.py
[2025-04-16T14:45:40.254+0000] {logging_mixin.py:137} INFO - [2025-04-16T14:45:40.254+0000] {dag.py:2690} INFO - Sync 1 DAGs
[2025-04-16T14:45:40.364+0000] {logging_mixin.py:137} INFO - [2025-04-16T14:45:40.363+0000] {dag.py:3441} INFO - Setting next_dagrun for download_and_store_images to 2025-04-16T14:10:31.526116+00:00, run_after=2025-04-17T14:10:31.526116+00:00
[2025-04-16T14:45:40.419+0000] {processor.py:175} INFO - Processing /opt/airflow/dags/dag_data_collect.py took 0.691 seconds
[2025-04-16T14:46:10.697+0000] {processor.py:153} INFO - Started process (PID=103) to work on /opt/airflow/dags/dag_data_collect.py
[2025-04-16T14:46:10.707+0000] {processor.py:743} INFO - Processing file /opt/airflow/dags/dag_data_collect.py for tasks to queue
[2025-04-16T14:46:10.715+0000] {logging_mixin.py:137} INFO - [2025-04-16T14:46:10.714+0000] {dagbag.py:538} INFO - Filling up the DagBag from /opt/airflow/dags/dag_data_collect.py
[2025-04-16T14:46:11.507+0000] {processor.py:753} INFO - DAG(s) dict_keys(['download_and_store_images']) retrieved from /opt/airflow/dags/dag_data_collect.py
[2025-04-16T14:46:11.879+0000] {logging_mixin.py:137} INFO - [2025-04-16T14:46:11.878+0000] {dag.py:2690} INFO - Sync 1 DAGs
[2025-04-16T14:46:12.012+0000] {logging_mixin.py:137} INFO - [2025-04-16T14:46:12.011+0000] {dag.py:3441} INFO - Setting next_dagrun for download_and_store_images to 2025-04-16T14:10:31.526116+00:00, run_after=2025-04-17T14:10:31.526116+00:00
[2025-04-16T14:46:12.160+0000] {processor.py:175} INFO - Processing /opt/airflow/dags/dag_data_collect.py took 1.544 seconds
[2025-04-16T14:46:42.336+0000] {processor.py:153} INFO - Started process (PID=104) to work on /opt/airflow/dags/dag_data_collect.py
[2025-04-16T14:46:42.340+0000] {processor.py:743} INFO - Processing file /opt/airflow/dags/dag_data_collect.py for tasks to queue
[2025-04-16T14:46:42.349+0000] {logging_mixin.py:137} INFO - [2025-04-16T14:46:42.348+0000] {dagbag.py:538} INFO - Filling up the DagBag from /opt/airflow/dags/dag_data_collect.py
[2025-04-16T14:46:43.038+0000] {processor.py:753} INFO - DAG(s) dict_keys(['download_and_store_images']) retrieved from /opt/airflow/dags/dag_data_collect.py
[2025-04-16T14:46:43.176+0000] {logging_mixin.py:137} INFO - [2025-04-16T14:46:43.175+0000] {dag.py:2690} INFO - Sync 1 DAGs
[2025-04-16T14:46:43.347+0000] {logging_mixin.py:137} INFO - [2025-04-16T14:46:43.343+0000] {dag.py:3441} INFO - Setting next_dagrun for download_and_store_images to 2025-04-16T14:10:31.526116+00:00, run_after=2025-04-17T14:10:31.526116+00:00
[2025-04-16T14:46:43.406+0000] {processor.py:175} INFO - Processing /opt/airflow/dags/dag_data_collect.py took 1.083 seconds
[2025-04-16T14:47:13.806+0000] {processor.py:153} INFO - Started process (PID=105) to work on /opt/airflow/dags/dag_data_collect.py
[2025-04-16T14:47:13.814+0000] {processor.py:743} INFO - Processing file /opt/airflow/dags/dag_data_collect.py for tasks to queue
[2025-04-16T14:47:13.817+0000] {logging_mixin.py:137} INFO - [2025-04-16T14:47:13.817+0000] {dagbag.py:538} INFO - Filling up the DagBag from /opt/airflow/dags/dag_data_collect.py
[2025-04-16T14:47:14.693+0000] {processor.py:753} INFO - DAG(s) dict_keys(['download_and_store_images']) retrieved from /opt/airflow/dags/dag_data_collect.py
[2025-04-16T14:47:14.814+0000] {logging_mixin.py:137} INFO - [2025-04-16T14:47:14.814+0000] {dag.py:2690} INFO - Sync 1 DAGs
[2025-04-16T14:47:14.910+0000] {logging_mixin.py:137} INFO - [2025-04-16T14:47:14.910+0000] {dag.py:3441} INFO - Setting next_dagrun for download_and_store_images to 2025-04-16T14:10:31.526116+00:00, run_after=2025-04-17T14:10:31.526116+00:00
[2025-04-16T14:47:14.946+0000] {processor.py:175} INFO - Processing /opt/airflow/dags/dag_data_collect.py took 1.151 seconds
[2025-04-16T14:47:45.583+0000] {processor.py:153} INFO - Started process (PID=106) to work on /opt/airflow/dags/dag_data_collect.py
[2025-04-16T14:47:45.592+0000] {processor.py:743} INFO - Processing file /opt/airflow/dags/dag_data_collect.py for tasks to queue
[2025-04-16T14:47:45.595+0000] {logging_mixin.py:137} INFO - [2025-04-16T14:47:45.594+0000] {dagbag.py:538} INFO - Filling up the DagBag from /opt/airflow/dags/dag_data_collect.py
[2025-04-16T14:47:46.055+0000] {processor.py:753} INFO - DAG(s) dict_keys(['download_and_store_images']) retrieved from /opt/airflow/dags/dag_data_collect.py
[2025-04-16T14:47:46.117+0000] {logging_mixin.py:137} INFO - [2025-04-16T14:47:46.117+0000] {dag.py:2690} INFO - Sync 1 DAGs
[2025-04-16T14:47:46.161+0000] {logging_mixin.py:137} INFO - [2025-04-16T14:47:46.161+0000] {dag.py:3441} INFO - Setting next_dagrun for download_and_store_images to 2025-04-16T14:10:31.526116+00:00, run_after=2025-04-17T14:10:31.526116+00:00
[2025-04-16T14:47:46.273+0000] {processor.py:175} INFO - Processing /opt/airflow/dags/dag_data_collect.py took 0.740 seconds
[2025-04-16T14:48:16.813+0000] {processor.py:153} INFO - Started process (PID=107) to work on /opt/airflow/dags/dag_data_collect.py
[2025-04-16T14:48:16.830+0000] {processor.py:743} INFO - Processing file /opt/airflow/dags/dag_data_collect.py for tasks to queue
[2025-04-16T14:48:16.834+0000] {logging_mixin.py:137} INFO - [2025-04-16T14:48:16.833+0000] {dagbag.py:538} INFO - Filling up the DagBag from /opt/airflow/dags/dag_data_collect.py
[2025-04-16T14:48:17.286+0000] {processor.py:753} INFO - DAG(s) dict_keys(['download_and_store_images']) retrieved from /opt/airflow/dags/dag_data_collect.py
[2025-04-16T14:48:17.345+0000] {logging_mixin.py:137} INFO - [2025-04-16T14:48:17.345+0000] {dag.py:2690} INFO - Sync 1 DAGs
[2025-04-16T14:48:17.414+0000] {logging_mixin.py:137} INFO - [2025-04-16T14:48:17.413+0000] {dag.py:3441} INFO - Setting next_dagrun for download_and_store_images to 2025-04-16T14:10:31.526116+00:00, run_after=2025-04-17T14:10:31.526116+00:00
[2025-04-16T14:48:17.470+0000] {processor.py:175} INFO - Processing /opt/airflow/dags/dag_data_collect.py took 0.662 seconds
[2025-04-16T14:48:48.465+0000] {processor.py:153} INFO - Started process (PID=108) to work on /opt/airflow/dags/dag_data_collect.py
[2025-04-16T14:48:48.481+0000] {processor.py:743} INFO - Processing file /opt/airflow/dags/dag_data_collect.py for tasks to queue
[2025-04-16T14:48:48.489+0000] {logging_mixin.py:137} INFO - [2025-04-16T14:48:48.488+0000] {dagbag.py:538} INFO - Filling up the DagBag from /opt/airflow/dags/dag_data_collect.py
[2025-04-16T14:48:49.674+0000] {processor.py:753} INFO - DAG(s) dict_keys(['download_and_store_images']) retrieved from /opt/airflow/dags/dag_data_collect.py
[2025-04-16T14:48:49.908+0000] {logging_mixin.py:137} INFO - [2025-04-16T14:48:49.907+0000] {dag.py:2690} INFO - Sync 1 DAGs
[2025-04-16T14:48:50.124+0000] {logging_mixin.py:137} INFO - [2025-04-16T14:48:50.123+0000] {dag.py:3441} INFO - Setting next_dagrun for download_and_store_images to 2025-04-16T14:10:31.526116+00:00, run_after=2025-04-17T14:10:31.526116+00:00
[2025-04-16T14:48:50.587+0000] {processor.py:175} INFO - Processing /opt/airflow/dags/dag_data_collect.py took 2.198 seconds
[2025-04-16T14:49:21.623+0000] {processor.py:153} INFO - Started process (PID=109) to work on /opt/airflow/dags/dag_data_collect.py
[2025-04-16T14:49:21.625+0000] {processor.py:743} INFO - Processing file /opt/airflow/dags/dag_data_collect.py for tasks to queue
[2025-04-16T14:49:21.627+0000] {logging_mixin.py:137} INFO - [2025-04-16T14:49:21.627+0000] {dagbag.py:538} INFO - Filling up the DagBag from /opt/airflow/dags/dag_data_collect.py
[2025-04-16T14:49:21.925+0000] {processor.py:753} INFO - DAG(s) dict_keys(['download_and_store_images']) retrieved from /opt/airflow/dags/dag_data_collect.py
[2025-04-16T14:49:22.028+0000] {logging_mixin.py:137} INFO - [2025-04-16T14:49:22.028+0000] {dag.py:2690} INFO - Sync 1 DAGs
[2025-04-16T14:49:22.100+0000] {logging_mixin.py:137} INFO - [2025-04-16T14:49:22.100+0000] {dag.py:3441} INFO - Setting next_dagrun for download_and_store_images to 2025-04-16T14:10:31.526116+00:00, run_after=2025-04-17T14:10:31.526116+00:00
[2025-04-16T14:49:22.148+0000] {processor.py:175} INFO - Processing /opt/airflow/dags/dag_data_collect.py took 0.531 seconds
[2025-04-16T14:49:52.629+0000] {processor.py:153} INFO - Started process (PID=110) to work on /opt/airflow/dags/dag_data_collect.py
[2025-04-16T14:49:52.631+0000] {processor.py:743} INFO - Processing file /opt/airflow/dags/dag_data_collect.py for tasks to queue
[2025-04-16T14:49:52.632+0000] {logging_mixin.py:137} INFO - [2025-04-16T14:49:52.632+0000] {dagbag.py:538} INFO - Filling up the DagBag from /opt/airflow/dags/dag_data_collect.py
[2025-04-16T14:49:52.955+0000] {processor.py:753} INFO - DAG(s) dict_keys(['download_and_store_images']) retrieved from /opt/airflow/dags/dag_data_collect.py
[2025-04-16T14:49:53.076+0000] {logging_mixin.py:137} INFO - [2025-04-16T14:49:53.075+0000] {dag.py:2690} INFO - Sync 1 DAGs
[2025-04-16T14:49:53.161+0000] {logging_mixin.py:137} INFO - [2025-04-16T14:49:53.160+0000] {dag.py:3441} INFO - Setting next_dagrun for download_and_store_images to 2025-04-16T14:10:31.526116+00:00, run_after=2025-04-17T14:10:31.526116+00:00
[2025-04-16T14:49:53.203+0000] {processor.py:175} INFO - Processing /opt/airflow/dags/dag_data_collect.py took 0.582 seconds
[2025-04-16T14:50:23.713+0000] {processor.py:153} INFO - Started process (PID=111) to work on /opt/airflow/dags/dag_data_collect.py
[2025-04-16T14:50:23.717+0000] {processor.py:743} INFO - Processing file /opt/airflow/dags/dag_data_collect.py for tasks to queue
[2025-04-16T14:50:23.719+0000] {logging_mixin.py:137} INFO - [2025-04-16T14:50:23.719+0000] {dagbag.py:538} INFO - Filling up the DagBag from /opt/airflow/dags/dag_data_collect.py
[2025-04-16T14:50:24.083+0000] {processor.py:753} INFO - DAG(s) dict_keys(['download_and_store_images']) retrieved from /opt/airflow/dags/dag_data_collect.py
[2025-04-16T14:50:24.142+0000] {logging_mixin.py:137} INFO - [2025-04-16T14:50:24.142+0000] {dag.py:2690} INFO - Sync 1 DAGs
[2025-04-16T14:50:24.211+0000] {logging_mixin.py:137} INFO - [2025-04-16T14:50:24.211+0000] {dag.py:3441} INFO - Setting next_dagrun for download_and_store_images to 2025-04-16T14:10:31.526116+00:00, run_after=2025-04-17T14:10:31.526116+00:00
[2025-04-16T14:50:24.288+0000] {processor.py:175} INFO - Processing /opt/airflow/dags/dag_data_collect.py took 0.583 seconds
[2025-04-16T14:50:54.907+0000] {processor.py:153} INFO - Started process (PID=112) to work on /opt/airflow/dags/dag_data_collect.py
[2025-04-16T14:50:54.914+0000] {processor.py:743} INFO - Processing file /opt/airflow/dags/dag_data_collect.py for tasks to queue
[2025-04-16T14:50:54.915+0000] {logging_mixin.py:137} INFO - [2025-04-16T14:50:54.915+0000] {dagbag.py:538} INFO - Filling up the DagBag from /opt/airflow/dags/dag_data_collect.py
[2025-04-16T14:50:55.254+0000] {processor.py:753} INFO - DAG(s) dict_keys(['download_and_store_images']) retrieved from /opt/airflow/dags/dag_data_collect.py
[2025-04-16T14:50:55.346+0000] {logging_mixin.py:137} INFO - [2025-04-16T14:50:55.340+0000] {dag.py:2690} INFO - Sync 1 DAGs
[2025-04-16T14:50:55.430+0000] {logging_mixin.py:137} INFO - [2025-04-16T14:50:55.429+0000] {dag.py:3441} INFO - Setting next_dagrun for download_and_store_images to 2025-04-16T14:10:31.526116+00:00, run_after=2025-04-17T14:10:31.526116+00:00
[2025-04-16T14:50:55.500+0000] {processor.py:175} INFO - Processing /opt/airflow/dags/dag_data_collect.py took 0.601 seconds
[2025-04-16T14:51:25.806+0000] {processor.py:153} INFO - Started process (PID=113) to work on /opt/airflow/dags/dag_data_collect.py
[2025-04-16T14:51:25.810+0000] {processor.py:743} INFO - Processing file /opt/airflow/dags/dag_data_collect.py for tasks to queue
[2025-04-16T14:51:25.812+0000] {logging_mixin.py:137} INFO - [2025-04-16T14:51:25.812+0000] {dagbag.py:538} INFO - Filling up the DagBag from /opt/airflow/dags/dag_data_collect.py
[2025-04-16T14:51:26.155+0000] {processor.py:753} INFO - DAG(s) dict_keys(['download_and_store_images']) retrieved from /opt/airflow/dags/dag_data_collect.py
[2025-04-16T14:51:26.291+0000] {logging_mixin.py:137} INFO - [2025-04-16T14:51:26.291+0000] {dag.py:2690} INFO - Sync 1 DAGs
[2025-04-16T14:51:26.335+0000] {logging_mixin.py:137} INFO - [2025-04-16T14:51:26.335+0000] {dag.py:3441} INFO - Setting next_dagrun for download_and_store_images to 2025-04-16T14:10:31.526116+00:00, run_after=2025-04-17T14:10:31.526116+00:00
[2025-04-16T14:51:26.402+0000] {processor.py:175} INFO - Processing /opt/airflow/dags/dag_data_collect.py took 0.601 seconds
[2025-04-16T14:51:56.516+0000] {processor.py:153} INFO - Started process (PID=114) to work on /opt/airflow/dags/dag_data_collect.py
[2025-04-16T14:51:56.517+0000] {processor.py:743} INFO - Processing file /opt/airflow/dags/dag_data_collect.py for tasks to queue
[2025-04-16T14:51:56.519+0000] {logging_mixin.py:137} INFO - [2025-04-16T14:51:56.519+0000] {dagbag.py:538} INFO - Filling up the DagBag from /opt/airflow/dags/dag_data_collect.py
[2025-04-16T14:51:56.853+0000] {processor.py:753} INFO - DAG(s) dict_keys(['download_and_store_images']) retrieved from /opt/airflow/dags/dag_data_collect.py
[2025-04-16T14:51:56.973+0000] {logging_mixin.py:137} INFO - [2025-04-16T14:51:56.973+0000] {dag.py:2690} INFO - Sync 1 DAGs
[2025-04-16T14:51:57.055+0000] {logging_mixin.py:137} INFO - [2025-04-16T14:51:57.055+0000] {dag.py:3441} INFO - Setting next_dagrun for download_and_store_images to 2025-04-16T14:10:31.526116+00:00, run_after=2025-04-17T14:10:31.526116+00:00
[2025-04-16T14:51:57.161+0000] {processor.py:175} INFO - Processing /opt/airflow/dags/dag_data_collect.py took 0.650 seconds
[2025-04-16T14:52:27.650+0000] {processor.py:153} INFO - Started process (PID=115) to work on /opt/airflow/dags/dag_data_collect.py
[2025-04-16T14:52:27.652+0000] {processor.py:743} INFO - Processing file /opt/airflow/dags/dag_data_collect.py for tasks to queue
[2025-04-16T14:52:27.653+0000] {logging_mixin.py:137} INFO - [2025-04-16T14:52:27.653+0000] {dagbag.py:538} INFO - Filling up the DagBag from /opt/airflow/dags/dag_data_collect.py
[2025-04-16T14:52:28.038+0000] {processor.py:753} INFO - DAG(s) dict_keys(['download_and_store_images']) retrieved from /opt/airflow/dags/dag_data_collect.py
[2025-04-16T14:52:28.159+0000] {logging_mixin.py:137} INFO - [2025-04-16T14:52:28.159+0000] {dag.py:2690} INFO - Sync 1 DAGs
[2025-04-16T14:52:28.263+0000] {logging_mixin.py:137} INFO - [2025-04-16T14:52:28.262+0000] {dag.py:3441} INFO - Setting next_dagrun for download_and_store_images to 2025-04-16T14:10:31.526116+00:00, run_after=2025-04-17T14:10:31.526116+00:00
[2025-04-16T14:52:28.329+0000] {processor.py:175} INFO - Processing /opt/airflow/dags/dag_data_collect.py took 0.686 seconds
[2025-04-16T14:52:58.610+0000] {processor.py:153} INFO - Started process (PID=116) to work on /opt/airflow/dags/dag_data_collect.py
[2025-04-16T14:52:58.618+0000] {processor.py:743} INFO - Processing file /opt/airflow/dags/dag_data_collect.py for tasks to queue
[2025-04-16T14:52:58.628+0000] {logging_mixin.py:137} INFO - [2025-04-16T14:52:58.625+0000] {dagbag.py:538} INFO - Filling up the DagBag from /opt/airflow/dags/dag_data_collect.py
[2025-04-16T14:52:59.003+0000] {processor.py:753} INFO - DAG(s) dict_keys(['download_and_store_images']) retrieved from /opt/airflow/dags/dag_data_collect.py
[2025-04-16T14:52:59.108+0000] {logging_mixin.py:137} INFO - [2025-04-16T14:52:59.108+0000] {dag.py:2690} INFO - Sync 1 DAGs
[2025-04-16T14:52:59.212+0000] {logging_mixin.py:137} INFO - [2025-04-16T14:52:59.212+0000] {dag.py:3441} INFO - Setting next_dagrun for download_and_store_images to 2025-04-16T14:10:31.526116+00:00, run_after=2025-04-17T14:10:31.526116+00:00
[2025-04-16T14:52:59.253+0000] {processor.py:175} INFO - Processing /opt/airflow/dags/dag_data_collect.py took 0.651 seconds
[2025-04-16T14:53:29.848+0000] {processor.py:153} INFO - Started process (PID=117) to work on /opt/airflow/dags/dag_data_collect.py
[2025-04-16T14:53:29.868+0000] {processor.py:743} INFO - Processing file /opt/airflow/dags/dag_data_collect.py for tasks to queue
[2025-04-16T14:53:29.906+0000] {logging_mixin.py:137} INFO - [2025-04-16T14:53:29.905+0000] {dagbag.py:538} INFO - Filling up the DagBag from /opt/airflow/dags/dag_data_collect.py
[2025-04-16T14:53:30.415+0000] {processor.py:753} INFO - DAG(s) dict_keys(['download_and_store_images']) retrieved from /opt/airflow/dags/dag_data_collect.py
[2025-04-16T14:53:30.468+0000] {logging_mixin.py:137} INFO - [2025-04-16T14:53:30.468+0000] {dag.py:2690} INFO - Sync 1 DAGs
[2025-04-16T14:53:30.555+0000] {logging_mixin.py:137} INFO - [2025-04-16T14:53:30.555+0000] {dag.py:3441} INFO - Setting next_dagrun for download_and_store_images to 2025-04-16T14:10:31.526116+00:00, run_after=2025-04-17T14:10:31.526116+00:00
[2025-04-16T14:53:30.607+0000] {processor.py:175} INFO - Processing /opt/airflow/dags/dag_data_collect.py took 0.772 seconds
[2025-04-16T14:54:01.100+0000] {processor.py:153} INFO - Started process (PID=118) to work on /opt/airflow/dags/dag_data_collect.py
[2025-04-16T14:54:01.129+0000] {processor.py:743} INFO - Processing file /opt/airflow/dags/dag_data_collect.py for tasks to queue
[2025-04-16T14:54:01.134+0000] {logging_mixin.py:137} INFO - [2025-04-16T14:54:01.134+0000] {dagbag.py:538} INFO - Filling up the DagBag from /opt/airflow/dags/dag_data_collect.py
[2025-04-16T14:54:01.517+0000] {processor.py:753} INFO - DAG(s) dict_keys(['download_and_store_images']) retrieved from /opt/airflow/dags/dag_data_collect.py
[2025-04-16T14:54:01.572+0000] {logging_mixin.py:137} INFO - [2025-04-16T14:54:01.571+0000] {dag.py:2690} INFO - Sync 1 DAGs
[2025-04-16T14:54:01.635+0000] {logging_mixin.py:137} INFO - [2025-04-16T14:54:01.635+0000] {dag.py:3441} INFO - Setting next_dagrun for download_and_store_images to 2025-04-16T14:10:31.526116+00:00, run_after=2025-04-17T14:10:31.526116+00:00
[2025-04-16T14:54:01.697+0000] {processor.py:175} INFO - Processing /opt/airflow/dags/dag_data_collect.py took 0.605 seconds
[2025-04-16T14:54:32.216+0000] {processor.py:153} INFO - Started process (PID=119) to work on /opt/airflow/dags/dag_data_collect.py
[2025-04-16T14:54:32.219+0000] {processor.py:743} INFO - Processing file /opt/airflow/dags/dag_data_collect.py for tasks to queue
[2025-04-16T14:54:32.222+0000] {logging_mixin.py:137} INFO - [2025-04-16T14:54:32.221+0000] {dagbag.py:538} INFO - Filling up the DagBag from /opt/airflow/dags/dag_data_collect.py
[2025-04-16T14:54:33.037+0000] {processor.py:753} INFO - DAG(s) dict_keys(['download_and_store_images']) retrieved from /opt/airflow/dags/dag_data_collect.py
[2025-04-16T14:54:33.118+0000] {logging_mixin.py:137} INFO - [2025-04-16T14:54:33.117+0000] {dag.py:2690} INFO - Sync 1 DAGs
[2025-04-16T14:54:33.207+0000] {logging_mixin.py:137} INFO - [2025-04-16T14:54:33.207+0000] {dag.py:3441} INFO - Setting next_dagrun for download_and_store_images to 2025-04-16T14:10:31.526116+00:00, run_after=2025-04-17T14:10:31.526116+00:00
[2025-04-16T14:54:33.275+0000] {processor.py:175} INFO - Processing /opt/airflow/dags/dag_data_collect.py took 1.072 seconds
