[2025-04-04T08:57:27.024+0000] {taskinstance.py:1083} INFO - Dependencies all met for <TaskInstance: download_and_store_images.upload_images manual__2025-04-04T08:28:14.913427+00:00 [queued]>
[2025-04-04T08:57:27.073+0000] {taskinstance.py:1083} INFO - Dependencies all met for <TaskInstance: download_and_store_images.upload_images manual__2025-04-04T08:28:14.913427+00:00 [queued]>
[2025-04-04T08:57:27.141+0000] {taskinstance.py:1279} INFO - 
--------------------------------------------------------------------------------
[2025-04-04T08:57:27.334+0000] {taskinstance.py:1280} INFO - Starting attempt 1 of 2
[2025-04-04T08:57:27.336+0000] {taskinstance.py:1281} INFO - 
--------------------------------------------------------------------------------
[2025-04-04T08:57:27.696+0000] {taskinstance.py:1300} INFO - Executing <Task(PythonOperator): upload_images> on 2025-04-04 08:28:14.913427+00:00
[2025-04-04T08:57:27.799+0000] {standard_task_runner.py:55} INFO - Started process 109 to run task
[2025-04-04T08:57:27.812+0000] {standard_task_runner.py:82} INFO - Running: ['***', 'tasks', 'run', 'download_and_store_images', 'upload_images', 'manual__2025-04-04T08:28:14.913427+00:00', '--job-id', '26', '--raw', '--subdir', 'DAGS_FOLDER/dagv2_data_collect.py', '--cfg-path', '/tmp/tmpck153fx8']
[2025-04-04T08:57:27.822+0000] {standard_task_runner.py:83} INFO - Job 26: Subtask upload_images
[2025-04-04T08:57:27.945+0000] {warnings.py:110} WARNING - /home/***/.local/lib/python3.7/site-packages/***/settings.py:249: DeprecationWarning: The sql_alchemy_conn option in [core] has been moved to the sql_alchemy_conn option in [database] - the old setting has been used, but please update your config.
  SQL_ALCHEMY_CONN = conf.get("database", "SQL_ALCHEMY_CONN")

[2025-04-04T08:57:28.472+0000] {task_command.py:388} INFO - Running <TaskInstance: download_and_store_images.upload_images manual__2025-04-04T08:28:14.913427+00:00 [running]> on host 91a2461e5846
[2025-04-04T08:57:29.871+0000] {taskinstance.py:1509} INFO - Exporting the following env vars:
AIRFLOW_CTX_DAG_OWNER=***
AIRFLOW_CTX_DAG_ID=download_and_store_images
AIRFLOW_CTX_TASK_ID=upload_images
AIRFLOW_CTX_EXECUTION_DATE=2025-04-04T08:28:14.913427+00:00
AIRFLOW_CTX_TRY_NUMBER=1
AIRFLOW_CTX_DAG_RUN_ID=manual__2025-04-04T08:28:14.913427+00:00
[2025-04-04T08:57:29.982+0000] {base.py:73} INFO - Using connection ID 'minio_s3' for task execution.
[2025-04-04T08:57:29.988+0000] {connection_wrapper.py:334} INFO - AWS Connection (conn_id='minio_s3', conn_type='aws') credentials retrieved from login and password.
[2025-04-04T08:57:29.999+0000] {warnings.py:110} WARNING - /home/***/.local/lib/python3.7/site-packages/***/providers/amazon/aws/utils/connection_wrapper.py:8: DeprecationWarning: extra['host'] is deprecated and will be removed in a future release. Please set extra['endpoint_url'] instead
  #

[2025-04-04T08:57:38.427+0000] {base.py:73} INFO - Using connection ID 'minio_s3' for task execution.
[2025-04-04T08:57:38.444+0000] {connection_wrapper.py:334} INFO - AWS Connection (conn_id='minio_s3', conn_type='aws') credentials retrieved from login and password.
[2025-04-04T08:57:42.694+0000] {python.py:177} INFO - Done. Returned value was: [None, None]
[2025-04-04T08:57:43.199+0000] {taskinstance.py:1323} INFO - Marking task as SUCCESS. dag_id=download_and_store_images, task_id=upload_images, execution_date=20250404T082814, start_date=20250404T085727, end_date=20250404T085743
[2025-04-04T08:57:43.632+0000] {local_task_job.py:208} INFO - Task exited with return code 0
[2025-04-04T08:57:43.816+0000] {taskinstance.py:2578} INFO - 0 downstream tasks scheduled from follow-on schedule check
