[2025-04-04T09:08:11.723+0000] {taskinstance.py:1083} INFO - Dependencies all met for <TaskInstance: download_and_store_images.download_images scheduled__2024-01-01T00:00:00+00:00 [queued]>
[2025-04-04T09:08:11.758+0000] {taskinstance.py:1083} INFO - Dependencies all met for <TaskInstance: download_and_store_images.download_images scheduled__2024-01-01T00:00:00+00:00 [queued]>
[2025-04-04T09:08:11.760+0000] {taskinstance.py:1279} INFO - 
--------------------------------------------------------------------------------
[2025-04-04T09:08:11.760+0000] {taskinstance.py:1280} INFO - Starting attempt 1 of 2
[2025-04-04T09:08:11.763+0000] {taskinstance.py:1281} INFO - 
--------------------------------------------------------------------------------
[2025-04-04T09:08:11.828+0000] {taskinstance.py:1300} INFO - Executing <Task(PythonOperator): download_images> on 2024-01-01 00:00:00+00:00
[2025-04-04T09:08:11.846+0000] {standard_task_runner.py:55} INFO - Started process 2940 to run task
[2025-04-04T09:08:11.861+0000] {standard_task_runner.py:82} INFO - Running: ['***', 'tasks', 'run', 'download_and_store_images', 'download_images', 'scheduled__2024-01-01T00:00:00+00:00', '--job-id', '730', '--raw', '--subdir', 'DAGS_FOLDER/dag_data_collect.py', '--cfg-path', '/tmp/tmpk6pexgcj']
[2025-04-04T09:08:11.863+0000] {standard_task_runner.py:83} INFO - Job 730: Subtask download_images
[2025-04-04T09:08:11.894+0000] {warnings.py:110} WARNING - /home/***/.local/lib/python3.7/site-packages/***/settings.py:249: DeprecationWarning: The sql_alchemy_conn option in [core] has been moved to the sql_alchemy_conn option in [database] - the old setting has been used, but please update your config.
  SQL_ALCHEMY_CONN = conf.get("database", "SQL_ALCHEMY_CONN")

[2025-04-04T09:08:11.983+0000] {warnings.py:110} WARNING - /home/***/.local/lib/python3.7/site-packages/***/utils/sqlalchemy.py:124: DeprecationWarning: The sql_alchemy_conn option in [core] has been moved to the sql_alchemy_conn option in [database] - the old setting has been used, but please update your config.
  return not conf.get("database", "sql_alchemy_conn").startswith("mssql")

[2025-04-04T09:08:12.096+0000] {task_command.py:388} INFO - Running <TaskInstance: download_and_store_images.download_images scheduled__2024-01-01T00:00:00+00:00 [running]> on host 91a2461e5846
[2025-04-04T09:08:12.393+0000] {taskinstance.py:1509} INFO - Exporting the following env vars:
AIRFLOW_CTX_DAG_OWNER=***
AIRFLOW_CTX_DAG_ID=download_and_store_images
AIRFLOW_CTX_TASK_ID=download_images
AIRFLOW_CTX_EXECUTION_DATE=2024-01-01T00:00:00+00:00
AIRFLOW_CTX_TRY_NUMBER=1
AIRFLOW_CTX_DAG_RUN_ID=scheduled__2024-01-01T00:00:00+00:00
[2025-04-04T09:08:12.646+0000] {python.py:177} INFO - Done. Returned value was: [None, None]
[2025-04-04T09:08:12.734+0000] {taskinstance.py:1323} INFO - Marking task as SUCCESS. dag_id=download_and_store_images, task_id=download_images, execution_date=20240101T000000, start_date=20250404T090811, end_date=20250404T090812
[2025-04-04T09:08:12.824+0000] {local_task_job.py:208} INFO - Task exited with return code 0
[2025-04-04T09:08:12.929+0000] {taskinstance.py:2578} INFO - 1 downstream tasks scheduled from follow-on schedule check
