[2025-04-04T10:19:52.547+0000] {taskinstance.py:1083} INFO - Dependencies all met for <TaskInstance: download_and_store_images.download_and_upload_images scheduled__2024-02-05T00:00:00+00:00 [queued]>
[2025-04-04T10:19:52.792+0000] {taskinstance.py:1083} INFO - Dependencies all met for <TaskInstance: download_and_store_images.download_and_upload_images scheduled__2024-02-05T00:00:00+00:00 [queued]>
[2025-04-04T10:19:52.799+0000] {taskinstance.py:1279} INFO - 
--------------------------------------------------------------------------------
[2025-04-04T10:19:52.800+0000] {taskinstance.py:1280} INFO - Starting attempt 1 of 2
[2025-04-04T10:19:52.804+0000] {taskinstance.py:1281} INFO - 
--------------------------------------------------------------------------------
[2025-04-04T10:19:53.241+0000] {taskinstance.py:1300} INFO - Executing <Task(PythonOperator): download_and_upload_images> on 2024-02-05 00:00:00+00:00
[2025-04-04T10:19:53.257+0000] {standard_task_runner.py:55} INFO - Started process 105 to run task
[2025-04-04T10:19:53.375+0000] {standard_task_runner.py:82} INFO - Running: ['***', 'tasks', 'run', 'download_and_store_images', 'download_and_upload_images', 'scheduled__2024-02-05T00:00:00+00:00', '--job-id', '786', '--raw', '--subdir', 'DAGS_FOLDER/dag_data_collect.py', '--cfg-path', '/tmp/tmps694j1e2']
[2025-04-04T10:19:53.379+0000] {standard_task_runner.py:83} INFO - Job 786: Subtask download_and_upload_images
[2025-04-04T10:19:54.779+0000] {warnings.py:110} WARNING - /home/***/.local/lib/python3.7/site-packages/***/settings.py:249: DeprecationWarning: The sql_alchemy_conn option in [core] has been moved to the sql_alchemy_conn option in [database] - the old setting has been used, but please update your config.
  SQL_ALCHEMY_CONN = conf.get("database", "SQL_ALCHEMY_CONN")

[2025-04-04T10:19:55.575+0000] {warnings.py:110} WARNING - /home/***/.local/lib/python3.7/site-packages/***/utils/sqlalchemy.py:124: DeprecationWarning: The sql_alchemy_conn option in [core] has been moved to the sql_alchemy_conn option in [database] - the old setting has been used, but please update your config.
  return not conf.get("database", "sql_alchemy_conn").startswith("mssql")

[2025-04-04T10:19:56.885+0000] {task_command.py:388} INFO - Running <TaskInstance: download_and_store_images.download_and_upload_images scheduled__2024-02-05T00:00:00+00:00 [running]> on host 0df80d73d4ff
[2025-04-04T10:19:59.626+0000] {taskinstance.py:1509} INFO - Exporting the following env vars:
AIRFLOW_CTX_DAG_OWNER=***
AIRFLOW_CTX_DAG_ID=download_and_store_images
AIRFLOW_CTX_TASK_ID=download_and_upload_images
AIRFLOW_CTX_EXECUTION_DATE=2024-02-05T00:00:00+00:00
AIRFLOW_CTX_TRY_NUMBER=1
AIRFLOW_CTX_DAG_RUN_ID=scheduled__2024-02-05T00:00:00+00:00
[2025-04-04T10:20:03.057+0000] {base.py:73} INFO - Using connection ID 'minio_s3' for task execution.
[2025-04-04T10:20:03.090+0000] {connection_wrapper.py:334} INFO - AWS Connection (conn_id='minio_s3', conn_type='aws') credentials retrieved from login and password.
[2025-04-04T10:20:03.158+0000] {warnings.py:110} WARNING - /home/***/.local/lib/python3.7/site-packages/***/providers/amazon/aws/utils/connection_wrapper.py:8: DeprecationWarning: extra['host'] is deprecated and will be removed in a future release. Please set extra['endpoint_url'] instead
  #

[2025-04-04T10:20:30.708+0000] {base.py:73} INFO - Using connection ID 'minio_s3' for task execution.
[2025-04-04T10:20:30.720+0000] {connection_wrapper.py:334} INFO - AWS Connection (conn_id='minio_s3', conn_type='aws') credentials retrieved from login and password.
[2025-04-04T10:21:07.003+0000] {base.py:73} INFO - Using connection ID 'minio_s3' for task execution.
[2025-04-04T10:21:07.092+0000] {connection_wrapper.py:334} INFO - AWS Connection (conn_id='minio_s3', conn_type='aws') credentials retrieved from login and password.
[2025-04-04T10:21:16.084+0000] {base.py:73} INFO - Using connection ID 'minio_s3' for task execution.
[2025-04-04T10:21:16.121+0000] {connection_wrapper.py:334} INFO - AWS Connection (conn_id='minio_s3', conn_type='aws') credentials retrieved from login and password.
[2025-04-04T10:21:23.256+0000] {base.py:73} INFO - Using connection ID 'minio_s3' for task execution.
[2025-04-04T10:21:23.270+0000] {connection_wrapper.py:334} INFO - AWS Connection (conn_id='minio_s3', conn_type='aws') credentials retrieved from login and password.
[2025-04-04T10:21:29.395+0000] {base.py:73} INFO - Using connection ID 'minio_s3' for task execution.
[2025-04-04T10:21:29.397+0000] {connection_wrapper.py:334} INFO - AWS Connection (conn_id='minio_s3', conn_type='aws') credentials retrieved from login and password.
[2025-04-04T10:21:37.233+0000] {base.py:73} INFO - Using connection ID 'minio_s3' for task execution.
[2025-04-04T10:21:37.238+0000] {connection_wrapper.py:334} INFO - AWS Connection (conn_id='minio_s3', conn_type='aws') credentials retrieved from login and password.
[2025-04-04T10:21:42.013+0000] {base.py:73} INFO - Using connection ID 'minio_s3' for task execution.
[2025-04-04T10:21:42.021+0000] {connection_wrapper.py:334} INFO - AWS Connection (conn_id='minio_s3', conn_type='aws') credentials retrieved from login and password.
[2025-04-04T10:21:46.352+0000] {base.py:73} INFO - Using connection ID 'minio_s3' for task execution.
[2025-04-04T10:21:46.358+0000] {connection_wrapper.py:334} INFO - AWS Connection (conn_id='minio_s3', conn_type='aws') credentials retrieved from login and password.
[2025-04-04T10:21:54.249+0000] {base.py:73} INFO - Using connection ID 'minio_s3' for task execution.
[2025-04-04T10:21:54.347+0000] {connection_wrapper.py:334} INFO - AWS Connection (conn_id='minio_s3', conn_type='aws') credentials retrieved from login and password.
[2025-04-04T10:21:59.378+0000] {base.py:73} INFO - Using connection ID 'minio_s3' for task execution.
[2025-04-04T10:21:59.401+0000] {connection_wrapper.py:334} INFO - AWS Connection (conn_id='minio_s3', conn_type='aws') credentials retrieved from login and password.
[2025-04-04T10:22:03.638+0000] {base.py:73} INFO - Using connection ID 'minio_s3' for task execution.
[2025-04-04T10:22:03.648+0000] {connection_wrapper.py:334} INFO - AWS Connection (conn_id='minio_s3', conn_type='aws') credentials retrieved from login and password.
[2025-04-04T10:22:08.276+0000] {base.py:73} INFO - Using connection ID 'minio_s3' for task execution.
[2025-04-04T10:22:08.277+0000] {connection_wrapper.py:334} INFO - AWS Connection (conn_id='minio_s3', conn_type='aws') credentials retrieved from login and password.
[2025-04-04T10:22:18.762+0000] {base.py:73} INFO - Using connection ID 'minio_s3' for task execution.
[2025-04-04T10:22:18.771+0000] {connection_wrapper.py:334} INFO - AWS Connection (conn_id='minio_s3', conn_type='aws') credentials retrieved from login and password.
[2025-04-04T10:22:23.579+0000] {base.py:73} INFO - Using connection ID 'minio_s3' for task execution.
[2025-04-04T10:22:23.625+0000] {connection_wrapper.py:334} INFO - AWS Connection (conn_id='minio_s3', conn_type='aws') credentials retrieved from login and password.
[2025-04-04T10:22:30.529+0000] {base.py:73} INFO - Using connection ID 'minio_s3' for task execution.
[2025-04-04T10:22:30.532+0000] {connection_wrapper.py:334} INFO - AWS Connection (conn_id='minio_s3', conn_type='aws') credentials retrieved from login and password.
[2025-04-04T10:22:36.339+0000] {base.py:73} INFO - Using connection ID 'minio_s3' for task execution.
[2025-04-04T10:22:36.343+0000] {connection_wrapper.py:334} INFO - AWS Connection (conn_id='minio_s3', conn_type='aws') credentials retrieved from login and password.
[2025-04-04T10:22:40.838+0000] {base.py:73} INFO - Using connection ID 'minio_s3' for task execution.
[2025-04-04T10:22:40.842+0000] {connection_wrapper.py:334} INFO - AWS Connection (conn_id='minio_s3', conn_type='aws') credentials retrieved from login and password.
[2025-04-04T10:22:44.036+0000] {base.py:73} INFO - Using connection ID 'minio_s3' for task execution.
[2025-04-04T10:22:44.041+0000] {connection_wrapper.py:334} INFO - AWS Connection (conn_id='minio_s3', conn_type='aws') credentials retrieved from login and password.
[2025-04-04T10:22:50.437+0000] {base.py:73} INFO - Using connection ID 'minio_s3' for task execution.
[2025-04-04T10:22:50.456+0000] {connection_wrapper.py:334} INFO - AWS Connection (conn_id='minio_s3', conn_type='aws') credentials retrieved from login and password.
[2025-04-04T10:22:56.302+0000] {base.py:73} INFO - Using connection ID 'minio_s3' for task execution.
[2025-04-04T10:22:56.308+0000] {connection_wrapper.py:334} INFO - AWS Connection (conn_id='minio_s3', conn_type='aws') credentials retrieved from login and password.
[2025-04-04T10:23:00.537+0000] {base.py:73} INFO - Using connection ID 'minio_s3' for task execution.
[2025-04-04T10:23:00.542+0000] {connection_wrapper.py:334} INFO - AWS Connection (conn_id='minio_s3', conn_type='aws') credentials retrieved from login and password.
[2025-04-04T10:23:05.337+0000] {base.py:73} INFO - Using connection ID 'minio_s3' for task execution.
[2025-04-04T10:23:05.347+0000] {connection_wrapper.py:334} INFO - AWS Connection (conn_id='minio_s3', conn_type='aws') credentials retrieved from login and password.
[2025-04-04T10:23:13.193+0000] {base.py:73} INFO - Using connection ID 'minio_s3' for task execution.
[2025-04-04T10:23:13.199+0000] {connection_wrapper.py:334} INFO - AWS Connection (conn_id='minio_s3', conn_type='aws') credentials retrieved from login and password.
[2025-04-04T10:23:16.078+0000] {base.py:73} INFO - Using connection ID 'minio_s3' for task execution.
[2025-04-04T10:23:16.085+0000] {connection_wrapper.py:334} INFO - AWS Connection (conn_id='minio_s3', conn_type='aws') credentials retrieved from login and password.
[2025-04-04T10:23:24.168+0000] {base.py:73} INFO - Using connection ID 'minio_s3' for task execution.
[2025-04-04T10:23:24.176+0000] {connection_wrapper.py:334} INFO - AWS Connection (conn_id='minio_s3', conn_type='aws') credentials retrieved from login and password.
[2025-04-04T10:23:30.594+0000] {base.py:73} INFO - Using connection ID 'minio_s3' for task execution.
[2025-04-04T10:23:30.606+0000] {connection_wrapper.py:334} INFO - AWS Connection (conn_id='minio_s3', conn_type='aws') credentials retrieved from login and password.
[2025-04-04T10:23:37.743+0000] {base.py:73} INFO - Using connection ID 'minio_s3' for task execution.
[2025-04-04T10:23:37.748+0000] {connection_wrapper.py:334} INFO - AWS Connection (conn_id='minio_s3', conn_type='aws') credentials retrieved from login and password.
[2025-04-04T10:23:43.570+0000] {base.py:73} INFO - Using connection ID 'minio_s3' for task execution.
[2025-04-04T10:23:43.627+0000] {connection_wrapper.py:334} INFO - AWS Connection (conn_id='minio_s3', conn_type='aws') credentials retrieved from login and password.
[2025-04-04T10:23:54.998+0000] {base.py:73} INFO - Using connection ID 'minio_s3' for task execution.
[2025-04-04T10:23:55.006+0000] {connection_wrapper.py:334} INFO - AWS Connection (conn_id='minio_s3', conn_type='aws') credentials retrieved from login and password.
[2025-04-04T10:24:01.367+0000] {base.py:73} INFO - Using connection ID 'minio_s3' for task execution.
[2025-04-04T10:24:01.380+0000] {connection_wrapper.py:334} INFO - AWS Connection (conn_id='minio_s3', conn_type='aws') credentials retrieved from login and password.
[2025-04-04T10:24:07.003+0000] {base.py:73} INFO - Using connection ID 'minio_s3' for task execution.
[2025-04-04T10:24:07.095+0000] {connection_wrapper.py:334} INFO - AWS Connection (conn_id='minio_s3', conn_type='aws') credentials retrieved from login and password.
[2025-04-04T10:24:14.814+0000] {base.py:73} INFO - Using connection ID 'minio_s3' for task execution.
[2025-04-04T10:24:14.824+0000] {connection_wrapper.py:334} INFO - AWS Connection (conn_id='minio_s3', conn_type='aws') credentials retrieved from login and password.
[2025-04-04T10:24:22.544+0000] {base.py:73} INFO - Using connection ID 'minio_s3' for task execution.
[2025-04-04T10:24:22.546+0000] {connection_wrapper.py:334} INFO - AWS Connection (conn_id='minio_s3', conn_type='aws') credentials retrieved from login and password.
[2025-04-04T10:24:33.359+0000] {base.py:73} INFO - Using connection ID 'minio_s3' for task execution.
[2025-04-04T10:24:33.365+0000] {connection_wrapper.py:334} INFO - AWS Connection (conn_id='minio_s3', conn_type='aws') credentials retrieved from login and password.
[2025-04-04T10:24:47.190+0000] {base.py:73} INFO - Using connection ID 'minio_s3' for task execution.
[2025-04-04T10:24:47.207+0000] {connection_wrapper.py:334} INFO - AWS Connection (conn_id='minio_s3', conn_type='aws') credentials retrieved from login and password.
[2025-04-04T10:26:41.843+0000] {base.py:73} INFO - Using connection ID 'minio_s3' for task execution.
[2025-04-04T10:26:41.940+0000] {connection_wrapper.py:334} INFO - AWS Connection (conn_id='minio_s3', conn_type='aws') credentials retrieved from login and password.
[2025-04-04T10:27:02.388+0000] {base.py:73} INFO - Using connection ID 'minio_s3' for task execution.
[2025-04-04T10:27:02.391+0000] {connection_wrapper.py:334} INFO - AWS Connection (conn_id='minio_s3', conn_type='aws') credentials retrieved from login and password.
[2025-04-04T10:27:17.054+0000] {base.py:73} INFO - Using connection ID 'minio_s3' for task execution.
[2025-04-04T10:27:17.067+0000] {connection_wrapper.py:334} INFO - AWS Connection (conn_id='minio_s3', conn_type='aws') credentials retrieved from login and password.
[2025-04-04T10:27:30.213+0000] {base.py:73} INFO - Using connection ID 'minio_s3' for task execution.
[2025-04-04T10:27:30.222+0000] {connection_wrapper.py:334} INFO - AWS Connection (conn_id='minio_s3', conn_type='aws') credentials retrieved from login and password.
[2025-04-04T10:27:38.453+0000] {base.py:73} INFO - Using connection ID 'minio_s3' for task execution.
[2025-04-04T10:27:38.493+0000] {connection_wrapper.py:334} INFO - AWS Connection (conn_id='minio_s3', conn_type='aws') credentials retrieved from login and password.
[2025-04-04T10:27:51.760+0000] {base.py:73} INFO - Using connection ID 'minio_s3' for task execution.
[2025-04-04T10:27:51.798+0000] {connection_wrapper.py:334} INFO - AWS Connection (conn_id='minio_s3', conn_type='aws') credentials retrieved from login and password.
[2025-04-04T10:28:08.054+0000] {base.py:73} INFO - Using connection ID 'minio_s3' for task execution.
[2025-04-04T10:28:08.096+0000] {connection_wrapper.py:334} INFO - AWS Connection (conn_id='minio_s3', conn_type='aws') credentials retrieved from login and password.
[2025-04-04T10:28:21.351+0000] {base.py:73} INFO - Using connection ID 'minio_s3' for task execution.
[2025-04-04T10:28:21.380+0000] {connection_wrapper.py:334} INFO - AWS Connection (conn_id='minio_s3', conn_type='aws') credentials retrieved from login and password.
[2025-04-04T10:28:37.541+0000] {base.py:73} INFO - Using connection ID 'minio_s3' for task execution.
[2025-04-04T10:28:37.545+0000] {connection_wrapper.py:334} INFO - AWS Connection (conn_id='minio_s3', conn_type='aws') credentials retrieved from login and password.
[2025-04-04T10:30:54.867+0000] {base.py:73} INFO - Using connection ID 'minio_s3' for task execution.
[2025-04-04T10:30:54.875+0000] {connection_wrapper.py:334} INFO - AWS Connection (conn_id='minio_s3', conn_type='aws') credentials retrieved from login and password.
[2025-04-04T10:31:22.853+0000] {base.py:73} INFO - Using connection ID 'minio_s3' for task execution.
[2025-04-04T10:31:22.869+0000] {connection_wrapper.py:334} INFO - AWS Connection (conn_id='minio_s3', conn_type='aws') credentials retrieved from login and password.
[2025-04-04T10:31:56.867+0000] {base.py:73} INFO - Using connection ID 'minio_s3' for task execution.
[2025-04-04T10:31:56.908+0000] {connection_wrapper.py:334} INFO - AWS Connection (conn_id='minio_s3', conn_type='aws') credentials retrieved from login and password.
[2025-04-04T10:33:47.927+0000] {base_job.py:243} ERROR - LocalTaskJob heartbeat got an exception
Traceback (most recent call last):
  File "/home/airflow/.local/lib/python3.7/site-packages/sqlalchemy/engine/base.py", line 3361, in _wrap_pool_connect
    return fn()
  File "/home/airflow/.local/lib/python3.7/site-packages/sqlalchemy/pool/base.py", line 327, in connect
    return _ConnectionFairy._checkout(self)
  File "/home/airflow/.local/lib/python3.7/site-packages/sqlalchemy/pool/base.py", line 894, in _checkout
    fairy = _ConnectionRecord.checkout(pool)
  File "/home/airflow/.local/lib/python3.7/site-packages/sqlalchemy/pool/base.py", line 493, in checkout
    rec = pool._do_get()
  File "/home/airflow/.local/lib/python3.7/site-packages/sqlalchemy/pool/impl.py", line 256, in _do_get
    return self._create_connection()
  File "/home/airflow/.local/lib/python3.7/site-packages/sqlalchemy/pool/base.py", line 273, in _create_connection
    return _ConnectionRecord(self)
  File "/home/airflow/.local/lib/python3.7/site-packages/sqlalchemy/pool/base.py", line 388, in __init__
    self.__connect()
  File "/home/airflow/.local/lib/python3.7/site-packages/sqlalchemy/pool/base.py", line 691, in __connect
    pool.logger.debug("Error on connect(): %s", e)
  File "/home/airflow/.local/lib/python3.7/site-packages/sqlalchemy/util/langhelpers.py", line 72, in __exit__
    with_traceback=exc_tb,
  File "/home/airflow/.local/lib/python3.7/site-packages/sqlalchemy/util/compat.py", line 211, in raise_
    raise exception
  File "/home/airflow/.local/lib/python3.7/site-packages/sqlalchemy/pool/base.py", line 686, in __connect
    self.dbapi_connection = connection = pool._invoke_creator(self)
  File "/home/airflow/.local/lib/python3.7/site-packages/sqlalchemy/engine/create.py", line 578, in connect
    return dialect.connect(*cargs, **cparams)
  File "/home/airflow/.local/lib/python3.7/site-packages/sqlalchemy/engine/default.py", line 598, in connect
    return self.dbapi.connect(*cargs, **cparams)
  File "/home/airflow/.local/lib/python3.7/site-packages/psycopg2/__init__.py", line 122, in connect
    conn = _connect(dsn, connection_factory=connection_factory, **kwasync)
psycopg2.OperationalError: could not translate host name "postgres" to address: Temporary failure in name resolution


The above exception was the direct cause of the following exception:

Traceback (most recent call last):
  File "/home/airflow/.local/lib/python3.7/site-packages/airflow/jobs/base_job.py", line 215, in heartbeat
    session.merge(self)
  File "/home/airflow/.local/lib/python3.7/site-packages/sqlalchemy/orm/session.py", line 3057, in merge
    _resolve_conflict_map=_resolve_conflict_map,
  File "/home/airflow/.local/lib/python3.7/site-packages/sqlalchemy/orm/session.py", line 3135, in _merge
    options=options,
  File "/home/airflow/.local/lib/python3.7/site-packages/sqlalchemy/orm/session.py", line 2856, in get
    execution_options=execution_options,
  File "/home/airflow/.local/lib/python3.7/site-packages/sqlalchemy/orm/session.py", line 2974, in _get_impl
    load_options=load_options,
  File "/home/airflow/.local/lib/python3.7/site-packages/sqlalchemy/orm/loading.py", line 534, in load_on_pk_identity
    bind_arguments=bind_arguments,
  File "/home/airflow/.local/lib/python3.7/site-packages/sqlalchemy/orm/session.py", line 1713, in execute
    conn = self._connection_for_bind(bind)
  File "/home/airflow/.local/lib/python3.7/site-packages/sqlalchemy/orm/session.py", line 1553, in _connection_for_bind
    engine, execution_options
  File "/home/airflow/.local/lib/python3.7/site-packages/sqlalchemy/orm/session.py", line 747, in _connection_for_bind
    conn = bind.connect()
  File "/home/airflow/.local/lib/python3.7/site-packages/sqlalchemy/engine/base.py", line 3315, in connect
    return self._connection_cls(self, close_with_result=close_with_result)
  File "/home/airflow/.local/lib/python3.7/site-packages/sqlalchemy/engine/base.py", line 96, in __init__
    else engine.raw_connection()
  File "/home/airflow/.local/lib/python3.7/site-packages/sqlalchemy/engine/base.py", line 3394, in raw_connection
    return self._wrap_pool_connect(self.pool.connect, _connection)
  File "/home/airflow/.local/lib/python3.7/site-packages/sqlalchemy/engine/base.py", line 3365, in _wrap_pool_connect
    e, dialect, self
  File "/home/airflow/.local/lib/python3.7/site-packages/sqlalchemy/engine/base.py", line 2199, in _handle_dbapi_exception_noconnection
    sqlalchemy_exception, with_traceback=exc_info[2], from_=e
  File "/home/airflow/.local/lib/python3.7/site-packages/sqlalchemy/util/compat.py", line 211, in raise_
    raise exception
  File "/home/airflow/.local/lib/python3.7/site-packages/sqlalchemy/engine/base.py", line 3361, in _wrap_pool_connect
    return fn()
  File "/home/airflow/.local/lib/python3.7/site-packages/sqlalchemy/pool/base.py", line 327, in connect
    return _ConnectionFairy._checkout(self)
  File "/home/airflow/.local/lib/python3.7/site-packages/sqlalchemy/pool/base.py", line 894, in _checkout
    fairy = _ConnectionRecord.checkout(pool)
  File "/home/airflow/.local/lib/python3.7/site-packages/sqlalchemy/pool/base.py", line 493, in checkout
    rec = pool._do_get()
  File "/home/airflow/.local/lib/python3.7/site-packages/sqlalchemy/pool/impl.py", line 256, in _do_get
    return self._create_connection()
  File "/home/airflow/.local/lib/python3.7/site-packages/sqlalchemy/pool/base.py", line 273, in _create_connection
    return _ConnectionRecord(self)
  File "/home/airflow/.local/lib/python3.7/site-packages/sqlalchemy/pool/base.py", line 388, in __init__
    self.__connect()
  File "/home/airflow/.local/lib/python3.7/site-packages/sqlalchemy/pool/base.py", line 691, in __connect
    pool.logger.debug("Error on connect(): %s", e)
  File "/home/airflow/.local/lib/python3.7/site-packages/sqlalchemy/util/langhelpers.py", line 72, in __exit__
    with_traceback=exc_tb,
  File "/home/airflow/.local/lib/python3.7/site-packages/sqlalchemy/util/compat.py", line 211, in raise_
    raise exception
  File "/home/airflow/.local/lib/python3.7/site-packages/sqlalchemy/pool/base.py", line 686, in __connect
    self.dbapi_connection = connection = pool._invoke_creator(self)
  File "/home/airflow/.local/lib/python3.7/site-packages/sqlalchemy/engine/create.py", line 578, in connect
    return dialect.connect(*cargs, **cparams)
  File "/home/airflow/.local/lib/python3.7/site-packages/sqlalchemy/engine/default.py", line 598, in connect
    return self.dbapi.connect(*cargs, **cparams)
  File "/home/airflow/.local/lib/python3.7/site-packages/psycopg2/__init__.py", line 122, in connect
    conn = _connect(dsn, connection_factory=connection_factory, **kwasync)
sqlalchemy.exc.OperationalError: (psycopg2.OperationalError) could not translate host name "postgres" to address: Temporary failure in name resolution

(Background on this error at: https://sqlalche.me/e/14/e3q8)
[2025-04-04T10:34:29.612+0000] {base.py:73} INFO - Using connection ID 'minio_s3' for task execution.
[2025-04-04T10:34:29.780+0000] {connection_wrapper.py:334} INFO - AWS Connection (conn_id='minio_s3', conn_type='aws') credentials retrieved from login and password.
[2025-04-04T10:34:43.545+0000] {base.py:73} INFO - Using connection ID 'minio_s3' for task execution.
[2025-04-04T10:34:43.567+0000] {connection_wrapper.py:334} INFO - AWS Connection (conn_id='minio_s3', conn_type='aws') credentials retrieved from login and password.
[2025-04-04T10:34:54.634+0000] {base.py:73} INFO - Using connection ID 'minio_s3' for task execution.
[2025-04-04T10:34:54.637+0000] {connection_wrapper.py:334} INFO - AWS Connection (conn_id='minio_s3', conn_type='aws') credentials retrieved from login and password.
[2025-04-04T10:34:58.676+0000] {base.py:73} INFO - Using connection ID 'minio_s3' for task execution.
[2025-04-04T10:34:58.697+0000] {connection_wrapper.py:334} INFO - AWS Connection (conn_id='minio_s3', conn_type='aws') credentials retrieved from login and password.
[2025-04-04T10:35:04.611+0000] {base.py:73} INFO - Using connection ID 'minio_s3' for task execution.
[2025-04-04T10:35:04.622+0000] {connection_wrapper.py:334} INFO - AWS Connection (conn_id='minio_s3', conn_type='aws') credentials retrieved from login and password.
[2025-04-04T10:35:10.263+0000] {base.py:73} INFO - Using connection ID 'minio_s3' for task execution.
[2025-04-04T10:35:10.268+0000] {connection_wrapper.py:334} INFO - AWS Connection (conn_id='minio_s3', conn_type='aws') credentials retrieved from login and password.
[2025-04-04T10:35:14.890+0000] {base.py:73} INFO - Using connection ID 'minio_s3' for task execution.
[2025-04-04T10:35:15.113+0000] {connection_wrapper.py:334} INFO - AWS Connection (conn_id='minio_s3', conn_type='aws') credentials retrieved from login and password.
[2025-04-04T10:35:21.692+0000] {base.py:73} INFO - Using connection ID 'minio_s3' for task execution.
[2025-04-04T10:35:21.704+0000] {connection_wrapper.py:334} INFO - AWS Connection (conn_id='minio_s3', conn_type='aws') credentials retrieved from login and password.
[2025-04-04T10:35:30.173+0000] {base.py:73} INFO - Using connection ID 'minio_s3' for task execution.
[2025-04-04T10:35:30.184+0000] {connection_wrapper.py:334} INFO - AWS Connection (conn_id='minio_s3', conn_type='aws') credentials retrieved from login and password.
[2025-04-04T10:35:35.816+0000] {base.py:73} INFO - Using connection ID 'minio_s3' for task execution.
[2025-04-04T10:35:35.873+0000] {connection_wrapper.py:334} INFO - AWS Connection (conn_id='minio_s3', conn_type='aws') credentials retrieved from login and password.
[2025-04-04T10:35:45.722+0000] {base.py:73} INFO - Using connection ID 'minio_s3' for task execution.
[2025-04-04T10:35:45.729+0000] {connection_wrapper.py:334} INFO - AWS Connection (conn_id='minio_s3', conn_type='aws') credentials retrieved from login and password.
[2025-04-04T10:35:53.276+0000] {base.py:73} INFO - Using connection ID 'minio_s3' for task execution.
[2025-04-04T10:35:53.279+0000] {connection_wrapper.py:334} INFO - AWS Connection (conn_id='minio_s3', conn_type='aws') credentials retrieved from login and password.
[2025-04-04T10:35:57.946+0000] {base.py:73} INFO - Using connection ID 'minio_s3' for task execution.
[2025-04-04T10:35:57.979+0000] {connection_wrapper.py:334} INFO - AWS Connection (conn_id='minio_s3', conn_type='aws') credentials retrieved from login and password.
[2025-04-04T10:36:02.689+0000] {local_task_job.py:112} ERROR - Received SIGTERM. Terminating subprocesses
[2025-04-04T10:36:02.989+0000] {process_utils.py:133} INFO - Sending Signals.SIGTERM to group 105. PIDs of all processes in the group: [105]
[2025-04-04T10:36:03.315+0000] {process_utils.py:84} INFO - Sending the signal Signals.SIGTERM to group 105
[2025-04-04T10:36:03.547+0000] {taskinstance.py:1479} ERROR - Received SIGTERM. Terminating subprocesses.
[2025-04-04T10:36:03.600+0000] {entry_points.py:53} WARNING - Error when retrieving package metadata (skipping it): <importlib_metadata.PathDistribution object at 0x7ff04e115d50>, Task received SIGTERM signal
