[2025-04-04T15:06:14.473+0000] {taskinstance.py:1083} INFO - Dependencies all met for <TaskInstance: download_and_store_images.download_and_upload_images scheduled__2024-02-02T00:00:00+00:00 [queued]>
[2025-04-04T15:06:14.532+0000] {taskinstance.py:1083} INFO - Dependencies all met for <TaskInstance: download_and_store_images.download_and_upload_images scheduled__2024-02-02T00:00:00+00:00 [queued]>
[2025-04-04T15:06:14.591+0000] {taskinstance.py:1279} INFO - 
--------------------------------------------------------------------------------
[2025-04-04T15:06:14.787+0000] {taskinstance.py:1280} INFO - Starting attempt 2 of 2
[2025-04-04T15:06:14.845+0000] {taskinstance.py:1281} INFO - 
--------------------------------------------------------------------------------
[2025-04-04T15:06:18.869+0000] {taskinstance.py:1300} INFO - Executing <Task(PythonOperator): download_and_upload_images> on 2024-02-02 00:00:00+00:00
[2025-04-04T15:06:22.515+0000] {standard_task_runner.py:55} INFO - Started process 76 to run task
[2025-04-04T15:06:24.636+0000] {standard_task_runner.py:82} INFO - Running: ['***', 'tasks', 'run', 'download_and_store_images', 'download_and_upload_images', 'scheduled__2024-02-02T00:00:00+00:00', '--job-id', '806', '--raw', '--subdir', 'DAGS_FOLDER/dag_data_collect.py', '--cfg-path', '/tmp/tmp83vk2h7w']
[2025-04-04T15:06:24.702+0000] {standard_task_runner.py:83} INFO - Job 806: Subtask download_and_upload_images
[2025-04-04T15:06:26.602+0000] {warnings.py:110} WARNING - /home/***/.local/lib/python3.7/site-packages/***/settings.py:249: DeprecationWarning: The sql_alchemy_conn option in [core] has been moved to the sql_alchemy_conn option in [database] - the old setting has been used, but please update your config.
  SQL_ALCHEMY_CONN = conf.get("database", "SQL_ALCHEMY_CONN")

[2025-04-04T15:06:28.259+0000] {warnings.py:110} WARNING - /home/***/.local/lib/python3.7/site-packages/***/utils/sqlalchemy.py:124: DeprecationWarning: The sql_alchemy_conn option in [core] has been moved to the sql_alchemy_conn option in [database] - the old setting has been used, but please update your config.
  return not conf.get("database", "sql_alchemy_conn").startswith("mssql")

[2025-04-04T15:06:29.106+0000] {task_command.py:388} INFO - Running <TaskInstance: download_and_store_images.download_and_upload_images scheduled__2024-02-02T00:00:00+00:00 [running]> on host fd5deae9c635
[2025-04-04T15:06:31.300+0000] {taskinstance.py:1509} INFO - Exporting the following env vars:
AIRFLOW_CTX_DAG_OWNER=***
AIRFLOW_CTX_DAG_ID=download_and_store_images
AIRFLOW_CTX_TASK_ID=download_and_upload_images
AIRFLOW_CTX_EXECUTION_DATE=2024-02-02T00:00:00+00:00
AIRFLOW_CTX_TRY_NUMBER=2
AIRFLOW_CTX_DAG_RUN_ID=scheduled__2024-02-02T00:00:00+00:00
[2025-04-04T15:06:34.732+0000] {base.py:73} INFO - Using connection ID 'minio_s3' for task execution.
[2025-04-04T15:06:34.833+0000] {connection_wrapper.py:334} INFO - AWS Connection (conn_id='minio_s3', conn_type='aws') credentials retrieved from login and password.
[2025-04-04T15:06:34.880+0000] {warnings.py:110} WARNING - /home/***/.local/lib/python3.7/site-packages/***/providers/amazon/aws/utils/connection_wrapper.py:8: DeprecationWarning: extra['host'] is deprecated and will be removed in a future release. Please set extra['endpoint_url'] instead
  #

[2025-04-04T15:06:52.454+0000] {base.py:73} INFO - Using connection ID 'minio_s3' for task execution.
[2025-04-04T15:06:52.468+0000] {connection_wrapper.py:334} INFO - AWS Connection (conn_id='minio_s3', conn_type='aws') credentials retrieved from login and password.
[2025-04-04T15:07:28.238+0000] {base.py:73} INFO - Using connection ID 'minio_s3' for task execution.
[2025-04-04T15:07:28.260+0000] {connection_wrapper.py:334} INFO - AWS Connection (conn_id='minio_s3', conn_type='aws') credentials retrieved from login and password.
[2025-04-04T15:07:39.325+0000] {base.py:73} INFO - Using connection ID 'minio_s3' for task execution.
[2025-04-04T15:07:39.382+0000] {connection_wrapper.py:334} INFO - AWS Connection (conn_id='minio_s3', conn_type='aws') credentials retrieved from login and password.
[2025-04-04T15:07:48.139+0000] {base.py:73} INFO - Using connection ID 'minio_s3' for task execution.
[2025-04-04T15:07:48.164+0000] {connection_wrapper.py:334} INFO - AWS Connection (conn_id='minio_s3', conn_type='aws') credentials retrieved from login and password.
[2025-04-04T15:07:58.993+0000] {base.py:73} INFO - Using connection ID 'minio_s3' for task execution.
[2025-04-04T15:07:59.016+0000] {connection_wrapper.py:334} INFO - AWS Connection (conn_id='minio_s3', conn_type='aws') credentials retrieved from login and password.
[2025-04-04T15:08:03.174+0000] {base.py:73} INFO - Using connection ID 'minio_s3' for task execution.
[2025-04-04T15:08:03.189+0000] {connection_wrapper.py:334} INFO - AWS Connection (conn_id='minio_s3', conn_type='aws') credentials retrieved from login and password.
[2025-04-04T15:08:12.853+0000] {base.py:73} INFO - Using connection ID 'minio_s3' for task execution.
[2025-04-04T15:08:12.870+0000] {connection_wrapper.py:334} INFO - AWS Connection (conn_id='minio_s3', conn_type='aws') credentials retrieved from login and password.
[2025-04-04T15:08:21.998+0000] {base.py:73} INFO - Using connection ID 'minio_s3' for task execution.
[2025-04-04T15:08:22.057+0000] {connection_wrapper.py:334} INFO - AWS Connection (conn_id='minio_s3', conn_type='aws') credentials retrieved from login and password.
[2025-04-04T15:08:35.917+0000] {base.py:73} INFO - Using connection ID 'minio_s3' for task execution.
[2025-04-04T15:08:35.922+0000] {connection_wrapper.py:334} INFO - AWS Connection (conn_id='minio_s3', conn_type='aws') credentials retrieved from login and password.
[2025-04-04T15:08:39.028+0000] {base.py:73} INFO - Using connection ID 'minio_s3' for task execution.
[2025-04-04T15:08:39.042+0000] {connection_wrapper.py:334} INFO - AWS Connection (conn_id='minio_s3', conn_type='aws') credentials retrieved from login and password.
[2025-04-04T15:08:43.738+0000] {base.py:73} INFO - Using connection ID 'minio_s3' for task execution.
[2025-04-04T15:08:43.740+0000] {connection_wrapper.py:334} INFO - AWS Connection (conn_id='minio_s3', conn_type='aws') credentials retrieved from login and password.
[2025-04-04T15:08:46.517+0000] {base.py:73} INFO - Using connection ID 'minio_s3' for task execution.
[2025-04-04T15:08:46.518+0000] {connection_wrapper.py:334} INFO - AWS Connection (conn_id='minio_s3', conn_type='aws') credentials retrieved from login and password.
[2025-04-04T15:08:49.500+0000] {base.py:73} INFO - Using connection ID 'minio_s3' for task execution.
[2025-04-04T15:08:49.502+0000] {connection_wrapper.py:334} INFO - AWS Connection (conn_id='minio_s3', conn_type='aws') credentials retrieved from login and password.
[2025-04-04T15:08:53.319+0000] {base.py:73} INFO - Using connection ID 'minio_s3' for task execution.
[2025-04-04T15:08:53.323+0000] {connection_wrapper.py:334} INFO - AWS Connection (conn_id='minio_s3', conn_type='aws') credentials retrieved from login and password.
[2025-04-04T15:08:55.848+0000] {base.py:73} INFO - Using connection ID 'minio_s3' for task execution.
[2025-04-04T15:08:55.857+0000] {connection_wrapper.py:334} INFO - AWS Connection (conn_id='minio_s3', conn_type='aws') credentials retrieved from login and password.
[2025-04-04T15:08:59.672+0000] {base.py:73} INFO - Using connection ID 'minio_s3' for task execution.
[2025-04-04T15:08:59.676+0000] {connection_wrapper.py:334} INFO - AWS Connection (conn_id='minio_s3', conn_type='aws') credentials retrieved from login and password.
[2025-04-04T15:09:03.072+0000] {base.py:73} INFO - Using connection ID 'minio_s3' for task execution.
[2025-04-04T15:09:03.079+0000] {connection_wrapper.py:334} INFO - AWS Connection (conn_id='minio_s3', conn_type='aws') credentials retrieved from login and password.
[2025-04-04T15:09:06.873+0000] {base.py:73} INFO - Using connection ID 'minio_s3' for task execution.
[2025-04-04T15:09:06.882+0000] {connection_wrapper.py:334} INFO - AWS Connection (conn_id='minio_s3', conn_type='aws') credentials retrieved from login and password.
[2025-04-04T15:09:09.726+0000] {base.py:73} INFO - Using connection ID 'minio_s3' for task execution.
[2025-04-04T15:09:09.727+0000] {connection_wrapper.py:334} INFO - AWS Connection (conn_id='minio_s3', conn_type='aws') credentials retrieved from login and password.
[2025-04-04T15:09:14.749+0000] {base.py:73} INFO - Using connection ID 'minio_s3' for task execution.
[2025-04-04T15:09:14.755+0000] {connection_wrapper.py:334} INFO - AWS Connection (conn_id='minio_s3', conn_type='aws') credentials retrieved from login and password.
[2025-04-04T15:09:17.595+0000] {base.py:73} INFO - Using connection ID 'minio_s3' for task execution.
[2025-04-04T15:09:17.602+0000] {connection_wrapper.py:334} INFO - AWS Connection (conn_id='minio_s3', conn_type='aws') credentials retrieved from login and password.
[2025-04-04T15:09:22.550+0000] {base.py:73} INFO - Using connection ID 'minio_s3' for task execution.
[2025-04-04T15:09:22.569+0000] {connection_wrapper.py:334} INFO - AWS Connection (conn_id='minio_s3', conn_type='aws') credentials retrieved from login and password.
[2025-04-04T15:09:28.367+0000] {base.py:73} INFO - Using connection ID 'minio_s3' for task execution.
[2025-04-04T15:09:28.372+0000] {connection_wrapper.py:334} INFO - AWS Connection (conn_id='minio_s3', conn_type='aws') credentials retrieved from login and password.
[2025-04-04T15:09:35.524+0000] {base.py:73} INFO - Using connection ID 'minio_s3' for task execution.
[2025-04-04T15:09:35.537+0000] {connection_wrapper.py:334} INFO - AWS Connection (conn_id='minio_s3', conn_type='aws') credentials retrieved from login and password.
[2025-04-04T15:09:41.388+0000] {base.py:73} INFO - Using connection ID 'minio_s3' for task execution.
[2025-04-04T15:09:41.403+0000] {connection_wrapper.py:334} INFO - AWS Connection (conn_id='minio_s3', conn_type='aws') credentials retrieved from login and password.
[2025-04-04T15:09:45.571+0000] {base.py:73} INFO - Using connection ID 'minio_s3' for task execution.
[2025-04-04T15:09:45.578+0000] {connection_wrapper.py:334} INFO - AWS Connection (conn_id='minio_s3', conn_type='aws') credentials retrieved from login and password.
[2025-04-04T15:09:48.594+0000] {base.py:73} INFO - Using connection ID 'minio_s3' for task execution.
[2025-04-04T15:09:48.598+0000] {connection_wrapper.py:334} INFO - AWS Connection (conn_id='minio_s3', conn_type='aws') credentials retrieved from login and password.
[2025-04-04T15:09:53.960+0000] {base.py:73} INFO - Using connection ID 'minio_s3' for task execution.
[2025-04-04T15:09:53.994+0000] {connection_wrapper.py:334} INFO - AWS Connection (conn_id='minio_s3', conn_type='aws') credentials retrieved from login and password.
[2025-04-04T15:09:59.984+0000] {base.py:73} INFO - Using connection ID 'minio_s3' for task execution.
[2025-04-04T15:10:00.097+0000] {connection_wrapper.py:334} INFO - AWS Connection (conn_id='minio_s3', conn_type='aws') credentials retrieved from login and password.
[2025-04-04T15:10:05.727+0000] {base.py:73} INFO - Using connection ID 'minio_s3' for task execution.
[2025-04-04T15:10:05.731+0000] {connection_wrapper.py:334} INFO - AWS Connection (conn_id='minio_s3', conn_type='aws') credentials retrieved from login and password.
[2025-04-04T15:10:09.834+0000] {base.py:73} INFO - Using connection ID 'minio_s3' for task execution.
[2025-04-04T15:10:09.838+0000] {connection_wrapper.py:334} INFO - AWS Connection (conn_id='minio_s3', conn_type='aws') credentials retrieved from login and password.
[2025-04-04T15:10:13.430+0000] {base.py:73} INFO - Using connection ID 'minio_s3' for task execution.
[2025-04-04T15:10:13.442+0000] {connection_wrapper.py:334} INFO - AWS Connection (conn_id='minio_s3', conn_type='aws') credentials retrieved from login and password.
[2025-04-04T15:10:17.779+0000] {base.py:73} INFO - Using connection ID 'minio_s3' for task execution.
[2025-04-04T15:10:17.814+0000] {connection_wrapper.py:334} INFO - AWS Connection (conn_id='minio_s3', conn_type='aws') credentials retrieved from login and password.
[2025-04-04T15:10:24.184+0000] {base.py:73} INFO - Using connection ID 'minio_s3' for task execution.
[2025-04-04T15:10:24.186+0000] {connection_wrapper.py:334} INFO - AWS Connection (conn_id='minio_s3', conn_type='aws') credentials retrieved from login and password.
[2025-04-04T15:10:30.239+0000] {base.py:73} INFO - Using connection ID 'minio_s3' for task execution.
[2025-04-04T15:10:30.245+0000] {connection_wrapper.py:334} INFO - AWS Connection (conn_id='minio_s3', conn_type='aws') credentials retrieved from login and password.
[2025-04-04T15:10:35.192+0000] {base.py:73} INFO - Using connection ID 'minio_s3' for task execution.
[2025-04-04T15:10:35.199+0000] {connection_wrapper.py:334} INFO - AWS Connection (conn_id='minio_s3', conn_type='aws') credentials retrieved from login and password.
[2025-04-04T15:11:04.342+0000] {base.py:73} INFO - Using connection ID 'minio_s3' for task execution.
[2025-04-04T15:11:04.363+0000] {connection_wrapper.py:334} INFO - AWS Connection (conn_id='minio_s3', conn_type='aws') credentials retrieved from login and password.
[2025-04-04T15:11:17.001+0000] {base.py:73} INFO - Using connection ID 'minio_s3' for task execution.
[2025-04-04T15:11:17.006+0000] {connection_wrapper.py:334} INFO - AWS Connection (conn_id='minio_s3', conn_type='aws') credentials retrieved from login and password.
[2025-04-04T15:11:30.150+0000] {base.py:73} INFO - Using connection ID 'minio_s3' for task execution.
[2025-04-04T15:11:30.163+0000] {connection_wrapper.py:334} INFO - AWS Connection (conn_id='minio_s3', conn_type='aws') credentials retrieved from login and password.
[2025-04-04T15:11:43.544+0000] {base.py:73} INFO - Using connection ID 'minio_s3' for task execution.
[2025-04-04T15:11:43.558+0000] {connection_wrapper.py:334} INFO - AWS Connection (conn_id='minio_s3', conn_type='aws') credentials retrieved from login and password.
[2025-04-04T15:11:53.561+0000] {base.py:73} INFO - Using connection ID 'minio_s3' for task execution.
[2025-04-04T15:11:53.563+0000] {connection_wrapper.py:334} INFO - AWS Connection (conn_id='minio_s3', conn_type='aws') credentials retrieved from login and password.
[2025-04-04T15:11:55.337+0000] {local_task_job.py:273} WARNING - State of this instance has been externally set to failed. Terminating instance.
[2025-04-04T15:11:55.735+0000] {process_utils.py:133} INFO - Sending Signals.SIGTERM to group 76. PIDs of all processes in the group: [76]
[2025-04-04T15:11:55.762+0000] {process_utils.py:84} INFO - Sending the signal Signals.SIGTERM to group 76
[2025-04-04T15:11:55.805+0000] {taskinstance.py:1479} ERROR - Received SIGTERM. Terminating subprocesses.
[2025-04-04T15:11:55.813+0000] {entry_points.py:53} WARNING - Error when retrieving package metadata (skipping it): <importlib_metadata.PathDistribution object at 0x7fda82b01590>, Task received SIGTERM signal
[2025-04-04T15:12:00.340+0000] {base.py:73} INFO - Using connection ID 'minio_s3' for task execution.
[2025-04-04T15:12:00.353+0000] {connection_wrapper.py:334} INFO - AWS Connection (conn_id='minio_s3', conn_type='aws') credentials retrieved from login and password.
[2025-04-04T15:12:05.016+0000] {base.py:73} INFO - Using connection ID 'minio_s3' for task execution.
[2025-04-04T15:12:05.064+0000] {connection_wrapper.py:334} INFO - AWS Connection (conn_id='minio_s3', conn_type='aws') credentials retrieved from login and password.
[2025-04-04T15:12:12.104+0000] {base.py:73} INFO - Using connection ID 'minio_s3' for task execution.
[2025-04-04T15:12:12.127+0000] {connection_wrapper.py:334} INFO - AWS Connection (conn_id='minio_s3', conn_type='aws') credentials retrieved from login and password.
[2025-04-04T15:12:15.693+0000] {base.py:73} INFO - Using connection ID 'minio_s3' for task execution.
[2025-04-04T15:12:15.695+0000] {connection_wrapper.py:334} INFO - AWS Connection (conn_id='minio_s3', conn_type='aws') credentials retrieved from login and password.
[2025-04-04T15:12:20.359+0000] {base.py:73} INFO - Using connection ID 'minio_s3' for task execution.
[2025-04-04T15:12:20.361+0000] {connection_wrapper.py:334} INFO - AWS Connection (conn_id='minio_s3', conn_type='aws') credentials retrieved from login and password.
[2025-04-04T15:12:30.165+0000] {base.py:73} INFO - Using connection ID 'minio_s3' for task execution.
[2025-04-04T15:12:30.189+0000] {connection_wrapper.py:334} INFO - AWS Connection (conn_id='minio_s3', conn_type='aws') credentials retrieved from login and password.
[2025-04-04T15:12:46.334+0000] {base.py:73} INFO - Using connection ID 'minio_s3' for task execution.
[2025-04-04T15:12:46.339+0000] {connection_wrapper.py:334} INFO - AWS Connection (conn_id='minio_s3', conn_type='aws') credentials retrieved from login and password.
[2025-04-04T15:12:55.783+0000] {process_utils.py:147} WARNING - process psutil.Process(pid=76, name='airflow task ru', status='running', started='15:06:21') did not respond to SIGTERM. Trying SIGKILL
[2025-04-04T15:12:56.458+0000] {process_utils.py:84} INFO - Sending the signal Signals.SIGKILL to group 76
[2025-04-04T15:12:56.764+0000] {process_utils.py:79} INFO - Process psutil.Process(pid=76, name='airflow task ru', status='terminated', exitcode=<Negsignal.SIGKILL: -9>, started='15:06:21') (76) terminated with exit code Negsignal.SIGKILL
[2025-04-04T15:12:56.772+0000] {standard_task_runner.py:170} ERROR - Job 806 was killed before it finished (likely due to running out of memory)
