[2025-04-04T15:49:32.034+0000] {taskinstance.py:1083} INFO - Dependencies all met for <TaskInstance: download_and_store_images.download_and_upload_images scheduled__2025-04-03T15:27:10.152034+00:00 [queued]>
[2025-04-04T15:49:32.227+0000] {taskinstance.py:1083} INFO - Dependencies all met for <TaskInstance: download_and_store_images.download_and_upload_images scheduled__2025-04-03T15:27:10.152034+00:00 [queued]>
[2025-04-04T15:49:32.235+0000] {taskinstance.py:1279} INFO - 
--------------------------------------------------------------------------------
[2025-04-04T15:49:32.239+0000] {taskinstance.py:1280} INFO - Starting attempt 2 of 2
[2025-04-04T15:49:32.240+0000] {taskinstance.py:1281} INFO - 
--------------------------------------------------------------------------------
[2025-04-04T15:49:32.426+0000] {taskinstance.py:1300} INFO - Executing <Task(PythonOperator): download_and_upload_images> on 2025-04-03 15:27:10.152034+00:00
[2025-04-04T15:49:32.479+0000] {standard_task_runner.py:55} INFO - Started process 998 to run task
[2025-04-04T15:49:32.585+0000] {standard_task_runner.py:82} INFO - Running: ['***', 'tasks', 'run', 'download_and_store_images', 'download_and_upload_images', 'scheduled__2025-04-03T15:27:10.152034+00:00', '--job-id', '823', '--raw', '--subdir', 'DAGS_FOLDER/dag_data_collect.py', '--cfg-path', '/tmp/tmp1c765koh']
[2025-04-04T15:49:32.622+0000] {standard_task_runner.py:83} INFO - Job 823: Subtask download_and_upload_images
[2025-04-04T15:49:32.817+0000] {warnings.py:110} WARNING - /home/***/.local/lib/python3.7/site-packages/***/settings.py:249: DeprecationWarning: The sql_alchemy_conn option in [core] has been moved to the sql_alchemy_conn option in [database] - the old setting has been used, but please update your config.
  SQL_ALCHEMY_CONN = conf.get("database", "SQL_ALCHEMY_CONN")

[2025-04-04T15:49:33.050+0000] {warnings.py:110} WARNING - /home/***/.local/lib/python3.7/site-packages/***/utils/sqlalchemy.py:124: DeprecationWarning: The sql_alchemy_conn option in [core] has been moved to the sql_alchemy_conn option in [database] - the old setting has been used, but please update your config.
  return not conf.get("database", "sql_alchemy_conn").startswith("mssql")

[2025-04-04T15:49:33.476+0000] {task_command.py:388} INFO - Running <TaskInstance: download_and_store_images.download_and_upload_images scheduled__2025-04-03T15:27:10.152034+00:00 [running]> on host fd5deae9c635
[2025-04-04T15:49:34.647+0000] {taskinstance.py:1509} INFO - Exporting the following env vars:
AIRFLOW_CTX_DAG_OWNER=***
AIRFLOW_CTX_DAG_ID=download_and_store_images
AIRFLOW_CTX_TASK_ID=download_and_upload_images
AIRFLOW_CTX_EXECUTION_DATE=2025-04-03T15:27:10.152034+00:00
AIRFLOW_CTX_TRY_NUMBER=2
AIRFLOW_CTX_DAG_RUN_ID=scheduled__2025-04-03T15:27:10.152034+00:00
[2025-04-04T15:49:36.988+0000] {base.py:73} INFO - Using connection ID 'minio_s3' for task execution.
[2025-04-04T15:49:37.014+0000] {connection_wrapper.py:334} INFO - AWS Connection (conn_id='minio_s3', conn_type='aws') credentials retrieved from login and password.
[2025-04-04T15:49:37.019+0000] {warnings.py:110} WARNING - /home/***/.local/lib/python3.7/site-packages/***/providers/amazon/aws/utils/connection_wrapper.py:8: DeprecationWarning: extra['host'] is deprecated and will be removed in a future release. Please set extra['endpoint_url'] instead
  #

[2025-04-04T15:49:53.281+0000] {base.py:73} INFO - Using connection ID 'minio_s3' for task execution.
[2025-04-04T15:49:53.312+0000] {connection_wrapper.py:334} INFO - AWS Connection (conn_id='minio_s3', conn_type='aws') credentials retrieved from login and password.
[2025-04-04T15:50:07.504+0000] {base.py:73} INFO - Using connection ID 'minio_s3' for task execution.
[2025-04-04T15:50:07.578+0000] {connection_wrapper.py:334} INFO - AWS Connection (conn_id='minio_s3', conn_type='aws') credentials retrieved from login and password.
[2025-04-04T15:55:36.202+0000] {base.py:73} INFO - Using connection ID 'minio_s3' for task execution.
[2025-04-04T15:55:36.216+0000] {connection_wrapper.py:334} INFO - AWS Connection (conn_id='minio_s3', conn_type='aws') credentials retrieved from login and password.
[2025-04-04T15:55:41.948+0000] {base.py:73} INFO - Using connection ID 'minio_s3' for task execution.
[2025-04-04T15:55:41.961+0000] {connection_wrapper.py:334} INFO - AWS Connection (conn_id='minio_s3', conn_type='aws') credentials retrieved from login and password.
[2025-04-04T15:55:46.505+0000] {base.py:73} INFO - Using connection ID 'minio_s3' for task execution.
[2025-04-04T15:55:46.506+0000] {connection_wrapper.py:334} INFO - AWS Connection (conn_id='minio_s3', conn_type='aws') credentials retrieved from login and password.
[2025-04-04T15:55:55.231+0000] {base.py:73} INFO - Using connection ID 'minio_s3' for task execution.
[2025-04-04T15:55:55.351+0000] {connection_wrapper.py:334} INFO - AWS Connection (conn_id='minio_s3', conn_type='aws') credentials retrieved from login and password.
[2025-04-04T15:56:07.141+0000] {base.py:73} INFO - Using connection ID 'minio_s3' for task execution.
[2025-04-04T15:56:07.159+0000] {connection_wrapper.py:334} INFO - AWS Connection (conn_id='minio_s3', conn_type='aws') credentials retrieved from login and password.
[2025-04-04T15:56:11.275+0000] {base.py:73} INFO - Using connection ID 'minio_s3' for task execution.
[2025-04-04T15:56:11.281+0000] {connection_wrapper.py:334} INFO - AWS Connection (conn_id='minio_s3', conn_type='aws') credentials retrieved from login and password.
[2025-04-04T15:56:16.677+0000] {base.py:73} INFO - Using connection ID 'minio_s3' for task execution.
[2025-04-04T15:56:16.686+0000] {connection_wrapper.py:334} INFO - AWS Connection (conn_id='minio_s3', conn_type='aws') credentials retrieved from login and password.
[2025-04-04T15:56:20.201+0000] {base.py:73} INFO - Using connection ID 'minio_s3' for task execution.
[2025-04-04T15:56:20.207+0000] {connection_wrapper.py:334} INFO - AWS Connection (conn_id='minio_s3', conn_type='aws') credentials retrieved from login and password.
[2025-04-04T15:56:23.546+0000] {base.py:73} INFO - Using connection ID 'minio_s3' for task execution.
[2025-04-04T15:56:23.552+0000] {connection_wrapper.py:334} INFO - AWS Connection (conn_id='minio_s3', conn_type='aws') credentials retrieved from login and password.
[2025-04-04T15:56:28.654+0000] {base.py:73} INFO - Using connection ID 'minio_s3' for task execution.
[2025-04-04T15:56:28.656+0000] {connection_wrapper.py:334} INFO - AWS Connection (conn_id='minio_s3', conn_type='aws') credentials retrieved from login and password.
[2025-04-04T15:56:35.160+0000] {base.py:73} INFO - Using connection ID 'minio_s3' for task execution.
[2025-04-04T15:56:35.166+0000] {connection_wrapper.py:334} INFO - AWS Connection (conn_id='minio_s3', conn_type='aws') credentials retrieved from login and password.
[2025-04-04T15:56:39.463+0000] {base.py:73} INFO - Using connection ID 'minio_s3' for task execution.
[2025-04-04T15:56:39.489+0000] {connection_wrapper.py:334} INFO - AWS Connection (conn_id='minio_s3', conn_type='aws') credentials retrieved from login and password.
[2025-04-04T15:56:45.769+0000] {base.py:73} INFO - Using connection ID 'minio_s3' for task execution.
[2025-04-04T15:56:45.772+0000] {connection_wrapper.py:334} INFO - AWS Connection (conn_id='minio_s3', conn_type='aws') credentials retrieved from login and password.
[2025-04-04T15:56:54.595+0000] {base.py:73} INFO - Using connection ID 'minio_s3' for task execution.
[2025-04-04T15:56:54.626+0000] {connection_wrapper.py:334} INFO - AWS Connection (conn_id='minio_s3', conn_type='aws') credentials retrieved from login and password.
[2025-04-04T15:56:58.507+0000] {base.py:73} INFO - Using connection ID 'minio_s3' for task execution.
[2025-04-04T15:56:58.514+0000] {connection_wrapper.py:334} INFO - AWS Connection (conn_id='minio_s3', conn_type='aws') credentials retrieved from login and password.
[2025-04-04T15:57:02.747+0000] {base.py:73} INFO - Using connection ID 'minio_s3' for task execution.
[2025-04-04T15:57:02.750+0000] {connection_wrapper.py:334} INFO - AWS Connection (conn_id='minio_s3', conn_type='aws') credentials retrieved from login and password.
[2025-04-04T15:57:05.681+0000] {base.py:73} INFO - Using connection ID 'minio_s3' for task execution.
[2025-04-04T15:57:05.686+0000] {connection_wrapper.py:334} INFO - AWS Connection (conn_id='minio_s3', conn_type='aws') credentials retrieved from login and password.
[2025-04-04T15:57:15.546+0000] {base.py:73} INFO - Using connection ID 'minio_s3' for task execution.
[2025-04-04T15:57:15.609+0000] {connection_wrapper.py:334} INFO - AWS Connection (conn_id='minio_s3', conn_type='aws') credentials retrieved from login and password.
[2025-04-04T15:57:23.220+0000] {base.py:73} INFO - Using connection ID 'minio_s3' for task execution.
[2025-04-04T15:57:23.230+0000] {connection_wrapper.py:334} INFO - AWS Connection (conn_id='minio_s3', conn_type='aws') credentials retrieved from login and password.
[2025-04-04T15:57:35.147+0000] {base.py:73} INFO - Using connection ID 'minio_s3' for task execution.
[2025-04-04T15:57:35.212+0000] {connection_wrapper.py:334} INFO - AWS Connection (conn_id='minio_s3', conn_type='aws') credentials retrieved from login and password.
[2025-04-04T15:57:47.439+0000] {base.py:73} INFO - Using connection ID 'minio_s3' for task execution.
[2025-04-04T15:57:47.448+0000] {connection_wrapper.py:334} INFO - AWS Connection (conn_id='minio_s3', conn_type='aws') credentials retrieved from login and password.
[2025-04-04T15:57:53.481+0000] {base.py:73} INFO - Using connection ID 'minio_s3' for task execution.
[2025-04-04T15:57:53.488+0000] {connection_wrapper.py:334} INFO - AWS Connection (conn_id='minio_s3', conn_type='aws') credentials retrieved from login and password.
[2025-04-04T15:58:03.881+0000] {base.py:73} INFO - Using connection ID 'minio_s3' for task execution.
[2025-04-04T15:58:03.918+0000] {connection_wrapper.py:334} INFO - AWS Connection (conn_id='minio_s3', conn_type='aws') credentials retrieved from login and password.
[2025-04-04T15:58:14.240+0000] {base.py:73} INFO - Using connection ID 'minio_s3' for task execution.
[2025-04-04T15:58:14.263+0000] {connection_wrapper.py:334} INFO - AWS Connection (conn_id='minio_s3', conn_type='aws') credentials retrieved from login and password.
[2025-04-04T15:58:25.152+0000] {base.py:73} INFO - Using connection ID 'minio_s3' for task execution.
[2025-04-04T15:58:25.164+0000] {connection_wrapper.py:334} INFO - AWS Connection (conn_id='minio_s3', conn_type='aws') credentials retrieved from login and password.
[2025-04-04T15:58:39.870+0000] {base.py:73} INFO - Using connection ID 'minio_s3' for task execution.
[2025-04-04T15:58:39.883+0000] {connection_wrapper.py:334} INFO - AWS Connection (conn_id='minio_s3', conn_type='aws') credentials retrieved from login and password.
[2025-04-04T15:58:55.455+0000] {base.py:73} INFO - Using connection ID 'minio_s3' for task execution.
[2025-04-04T15:58:55.480+0000] {connection_wrapper.py:334} INFO - AWS Connection (conn_id='minio_s3', conn_type='aws') credentials retrieved from login and password.
[2025-04-04T15:59:06.261+0000] {base.py:73} INFO - Using connection ID 'minio_s3' for task execution.
[2025-04-04T15:59:06.313+0000] {connection_wrapper.py:334} INFO - AWS Connection (conn_id='minio_s3', conn_type='aws') credentials retrieved from login and password.
[2025-04-04T15:59:20.821+0000] {base.py:73} INFO - Using connection ID 'minio_s3' for task execution.
[2025-04-04T15:59:20.856+0000] {connection_wrapper.py:334} INFO - AWS Connection (conn_id='minio_s3', conn_type='aws') credentials retrieved from login and password.
[2025-04-04T15:59:38.369+0000] {base.py:73} INFO - Using connection ID 'minio_s3' for task execution.
[2025-04-04T15:59:38.381+0000] {connection_wrapper.py:334} INFO - AWS Connection (conn_id='minio_s3', conn_type='aws') credentials retrieved from login and password.
[2025-04-04T15:59:54.577+0000] {base.py:73} INFO - Using connection ID 'minio_s3' for task execution.
[2025-04-04T15:59:54.646+0000] {connection_wrapper.py:334} INFO - AWS Connection (conn_id='minio_s3', conn_type='aws') credentials retrieved from login and password.
[2025-04-04T16:00:09.632+0000] {base.py:73} INFO - Using connection ID 'minio_s3' for task execution.
[2025-04-04T16:00:09.645+0000] {connection_wrapper.py:334} INFO - AWS Connection (conn_id='minio_s3', conn_type='aws') credentials retrieved from login and password.
[2025-04-04T16:00:25.345+0000] {base.py:73} INFO - Using connection ID 'minio_s3' for task execution.
[2025-04-04T16:00:25.369+0000] {connection_wrapper.py:334} INFO - AWS Connection (conn_id='minio_s3', conn_type='aws') credentials retrieved from login and password.
[2025-04-04T16:00:38.802+0000] {base.py:73} INFO - Using connection ID 'minio_s3' for task execution.
[2025-04-04T16:00:38.820+0000] {connection_wrapper.py:334} INFO - AWS Connection (conn_id='minio_s3', conn_type='aws') credentials retrieved from login and password.
[2025-04-04T16:01:01.728+0000] {base.py:73} INFO - Using connection ID 'minio_s3' for task execution.
[2025-04-04T16:01:01.824+0000] {connection_wrapper.py:334} INFO - AWS Connection (conn_id='minio_s3', conn_type='aws') credentials retrieved from login and password.
[2025-04-04T16:02:13.055+0000] {base.py:73} INFO - Using connection ID 'minio_s3' for task execution.
[2025-04-04T16:02:13.163+0000] {connection_wrapper.py:334} INFO - AWS Connection (conn_id='minio_s3', conn_type='aws') credentials retrieved from login and password.
[2025-04-04T16:04:34.998+0000] {base.py:73} INFO - Using connection ID 'minio_s3' for task execution.
[2025-04-04T16:04:35.128+0000] {connection_wrapper.py:334} INFO - AWS Connection (conn_id='minio_s3', conn_type='aws') credentials retrieved from login and password.
[2025-04-04T16:06:00.893+0000] {base.py:73} INFO - Using connection ID 'minio_s3' for task execution.
[2025-04-04T16:06:01.105+0000] {connection_wrapper.py:334} INFO - AWS Connection (conn_id='minio_s3', conn_type='aws') credentials retrieved from login and password.
[2025-04-04T16:06:50.393+0000] {base.py:73} INFO - Using connection ID 'minio_s3' for task execution.
[2025-04-04T16:06:50.405+0000] {connection_wrapper.py:334} INFO - AWS Connection (conn_id='minio_s3', conn_type='aws') credentials retrieved from login and password.
[2025-04-04T16:07:02.014+0000] {base.py:73} INFO - Using connection ID 'minio_s3' for task execution.
[2025-04-04T16:07:02.025+0000] {connection_wrapper.py:334} INFO - AWS Connection (conn_id='minio_s3', conn_type='aws') credentials retrieved from login and password.
[2025-04-04T16:07:11.091+0000] {base.py:73} INFO - Using connection ID 'minio_s3' for task execution.
[2025-04-04T16:07:11.149+0000] {connection_wrapper.py:334} INFO - AWS Connection (conn_id='minio_s3', conn_type='aws') credentials retrieved from login and password.
[2025-04-04T16:07:20.545+0000] {base.py:73} INFO - Using connection ID 'minio_s3' for task execution.
[2025-04-04T16:07:20.565+0000] {connection_wrapper.py:334} INFO - AWS Connection (conn_id='minio_s3', conn_type='aws') credentials retrieved from login and password.
[2025-04-04T16:07:28.651+0000] {base.py:73} INFO - Using connection ID 'minio_s3' for task execution.
[2025-04-04T16:07:28.655+0000] {connection_wrapper.py:334} INFO - AWS Connection (conn_id='minio_s3', conn_type='aws') credentials retrieved from login and password.
[2025-04-04T16:07:33.653+0000] {base.py:73} INFO - Using connection ID 'minio_s3' for task execution.
[2025-04-04T16:07:33.669+0000] {connection_wrapper.py:334} INFO - AWS Connection (conn_id='minio_s3', conn_type='aws') credentials retrieved from login and password.
[2025-04-04T16:07:47.958+0000] {base.py:73} INFO - Using connection ID 'minio_s3' for task execution.
[2025-04-04T16:07:47.961+0000] {connection_wrapper.py:334} INFO - AWS Connection (conn_id='minio_s3', conn_type='aws') credentials retrieved from login and password.
[2025-04-04T16:07:57.719+0000] {base.py:73} INFO - Using connection ID 'minio_s3' for task execution.
[2025-04-04T16:07:57.735+0000] {connection_wrapper.py:334} INFO - AWS Connection (conn_id='minio_s3', conn_type='aws') credentials retrieved from login and password.
[2025-04-04T16:08:16.334+0000] {base.py:73} INFO - Using connection ID 'minio_s3' for task execution.
[2025-04-04T16:08:16.359+0000] {connection_wrapper.py:334} INFO - AWS Connection (conn_id='minio_s3', conn_type='aws') credentials retrieved from login and password.
[2025-04-04T16:08:28.053+0000] {base.py:73} INFO - Using connection ID 'minio_s3' for task execution.
[2025-04-04T16:08:28.078+0000] {connection_wrapper.py:334} INFO - AWS Connection (conn_id='minio_s3', conn_type='aws') credentials retrieved from login and password.
[2025-04-04T16:08:40.119+0000] {base.py:73} INFO - Using connection ID 'minio_s3' for task execution.
[2025-04-04T16:08:40.135+0000] {connection_wrapper.py:334} INFO - AWS Connection (conn_id='minio_s3', conn_type='aws') credentials retrieved from login and password.
[2025-04-04T16:08:52.120+0000] {base.py:73} INFO - Using connection ID 'minio_s3' for task execution.
[2025-04-04T16:08:52.166+0000] {connection_wrapper.py:334} INFO - AWS Connection (conn_id='minio_s3', conn_type='aws') credentials retrieved from login and password.
[2025-04-04T16:09:07.017+0000] {base.py:73} INFO - Using connection ID 'minio_s3' for task execution.
[2025-04-04T16:09:07.047+0000] {connection_wrapper.py:334} INFO - AWS Connection (conn_id='minio_s3', conn_type='aws') credentials retrieved from login and password.
[2025-04-04T16:09:21.725+0000] {base.py:73} INFO - Using connection ID 'minio_s3' for task execution.
[2025-04-04T16:09:21.767+0000] {connection_wrapper.py:334} INFO - AWS Connection (conn_id='minio_s3', conn_type='aws') credentials retrieved from login and password.
[2025-04-04T16:09:38.535+0000] {base.py:73} INFO - Using connection ID 'minio_s3' for task execution.
[2025-04-04T16:09:38.623+0000] {connection_wrapper.py:334} INFO - AWS Connection (conn_id='minio_s3', conn_type='aws') credentials retrieved from login and password.
[2025-04-04T16:10:39.454+0000] {base.py:73} INFO - Using connection ID 'minio_s3' for task execution.
[2025-04-04T16:10:39.541+0000] {connection_wrapper.py:334} INFO - AWS Connection (conn_id='minio_s3', conn_type='aws') credentials retrieved from login and password.
[2025-04-04T16:11:13.591+0000] {base.py:73} INFO - Using connection ID 'minio_s3' for task execution.
[2025-04-04T16:11:13.602+0000] {connection_wrapper.py:334} INFO - AWS Connection (conn_id='minio_s3', conn_type='aws') credentials retrieved from login and password.
[2025-04-04T16:11:33.847+0000] {base.py:73} INFO - Using connection ID 'minio_s3' for task execution.
[2025-04-04T16:11:33.885+0000] {connection_wrapper.py:334} INFO - AWS Connection (conn_id='minio_s3', conn_type='aws') credentials retrieved from login and password.
[2025-04-04T16:11:54.243+0000] {base.py:73} INFO - Using connection ID 'minio_s3' for task execution.
[2025-04-04T16:11:54.265+0000] {connection_wrapper.py:334} INFO - AWS Connection (conn_id='minio_s3', conn_type='aws') credentials retrieved from login and password.
[2025-04-04T16:12:07.635+0000] {base.py:73} INFO - Using connection ID 'minio_s3' for task execution.
[2025-04-04T16:12:07.654+0000] {connection_wrapper.py:334} INFO - AWS Connection (conn_id='minio_s3', conn_type='aws') credentials retrieved from login and password.
[2025-04-04T16:12:48.990+0000] {base.py:73} INFO - Using connection ID 'minio_s3' for task execution.
[2025-04-04T16:12:49.160+0000] {connection_wrapper.py:334} INFO - AWS Connection (conn_id='minio_s3', conn_type='aws') credentials retrieved from login and password.
[2025-04-04T16:16:25.184+0000] {base.py:73} INFO - Using connection ID 'minio_s3' for task execution.
[2025-04-04T16:16:25.327+0000] {connection_wrapper.py:334} INFO - AWS Connection (conn_id='minio_s3', conn_type='aws') credentials retrieved from login and password.
[2025-04-04T16:19:03.840+0000] {base.py:73} INFO - Using connection ID 'minio_s3' for task execution.
[2025-04-04T16:19:04.050+0000] {connection_wrapper.py:334} INFO - AWS Connection (conn_id='minio_s3', conn_type='aws') credentials retrieved from login and password.
[2025-04-04T16:19:16.167+0000] {base.py:73} INFO - Using connection ID 'minio_s3' for task execution.
[2025-04-04T16:19:16.191+0000] {connection_wrapper.py:334} INFO - AWS Connection (conn_id='minio_s3', conn_type='aws') credentials retrieved from login and password.
[2025-04-04T16:19:23.941+0000] {base.py:73} INFO - Using connection ID 'minio_s3' for task execution.
[2025-04-04T16:19:23.951+0000] {connection_wrapper.py:334} INFO - AWS Connection (conn_id='minio_s3', conn_type='aws') credentials retrieved from login and password.
[2025-04-04T16:19:29.072+0000] {base.py:73} INFO - Using connection ID 'minio_s3' for task execution.
[2025-04-04T16:19:29.081+0000] {connection_wrapper.py:334} INFO - AWS Connection (conn_id='minio_s3', conn_type='aws') credentials retrieved from login and password.
[2025-04-04T16:19:34.121+0000] {base.py:73} INFO - Using connection ID 'minio_s3' for task execution.
[2025-04-04T16:19:34.124+0000] {connection_wrapper.py:334} INFO - AWS Connection (conn_id='minio_s3', conn_type='aws') credentials retrieved from login and password.
[2025-04-04T16:19:39.641+0000] {base.py:73} INFO - Using connection ID 'minio_s3' for task execution.
[2025-04-04T16:19:39.644+0000] {connection_wrapper.py:334} INFO - AWS Connection (conn_id='minio_s3', conn_type='aws') credentials retrieved from login and password.
[2025-04-04T16:19:43.423+0000] {base.py:73} INFO - Using connection ID 'minio_s3' for task execution.
[2025-04-04T16:19:43.440+0000] {connection_wrapper.py:334} INFO - AWS Connection (conn_id='minio_s3', conn_type='aws') credentials retrieved from login and password.
[2025-04-04T16:19:50.719+0000] {base.py:73} INFO - Using connection ID 'minio_s3' for task execution.
[2025-04-04T16:19:50.722+0000] {connection_wrapper.py:334} INFO - AWS Connection (conn_id='minio_s3', conn_type='aws') credentials retrieved from login and password.
[2025-04-04T16:19:57.148+0000] {base.py:73} INFO - Using connection ID 'minio_s3' for task execution.
[2025-04-04T16:19:57.154+0000] {connection_wrapper.py:334} INFO - AWS Connection (conn_id='minio_s3', conn_type='aws') credentials retrieved from login and password.
[2025-04-04T16:20:08.394+0000] {base.py:73} INFO - Using connection ID 'minio_s3' for task execution.
[2025-04-04T16:20:08.427+0000] {connection_wrapper.py:334} INFO - AWS Connection (conn_id='minio_s3', conn_type='aws') credentials retrieved from login and password.
[2025-04-04T16:20:19.777+0000] {base.py:73} INFO - Using connection ID 'minio_s3' for task execution.
[2025-04-04T16:20:19.791+0000] {connection_wrapper.py:334} INFO - AWS Connection (conn_id='minio_s3', conn_type='aws') credentials retrieved from login and password.
[2025-04-04T16:20:31.034+0000] {base.py:73} INFO - Using connection ID 'minio_s3' for task execution.
[2025-04-04T16:20:31.046+0000] {connection_wrapper.py:334} INFO - AWS Connection (conn_id='minio_s3', conn_type='aws') credentials retrieved from login and password.
[2025-04-04T16:20:45.561+0000] {base.py:73} INFO - Using connection ID 'minio_s3' for task execution.
[2025-04-04T16:20:45.674+0000] {connection_wrapper.py:334} INFO - AWS Connection (conn_id='minio_s3', conn_type='aws') credentials retrieved from login and password.
[2025-04-04T16:21:03.761+0000] {base.py:73} INFO - Using connection ID 'minio_s3' for task execution.
[2025-04-04T16:21:03.780+0000] {connection_wrapper.py:334} INFO - AWS Connection (conn_id='minio_s3', conn_type='aws') credentials retrieved from login and password.
[2025-04-04T16:21:56.872+0000] {base.py:73} INFO - Using connection ID 'minio_s3' for task execution.
[2025-04-04T16:21:57.092+0000] {connection_wrapper.py:334} INFO - AWS Connection (conn_id='minio_s3', conn_type='aws') credentials retrieved from login and password.
[2025-04-04T16:23:47.472+0000] {base.py:73} INFO - Using connection ID 'minio_s3' for task execution.
[2025-04-04T16:23:47.597+0000] {connection_wrapper.py:334} INFO - AWS Connection (conn_id='minio_s3', conn_type='aws') credentials retrieved from login and password.
[2025-04-04T16:24:09.248+0000] {base.py:73} INFO - Using connection ID 'minio_s3' for task execution.
[2025-04-04T16:24:09.278+0000] {connection_wrapper.py:334} INFO - AWS Connection (conn_id='minio_s3', conn_type='aws') credentials retrieved from login and password.
[2025-04-04T16:24:17.979+0000] {base.py:73} INFO - Using connection ID 'minio_s3' for task execution.
[2025-04-04T16:24:18.035+0000] {connection_wrapper.py:334} INFO - AWS Connection (conn_id='minio_s3', conn_type='aws') credentials retrieved from login and password.
[2025-04-04T16:24:24.728+0000] {base.py:73} INFO - Using connection ID 'minio_s3' for task execution.
[2025-04-04T16:24:24.752+0000] {connection_wrapper.py:334} INFO - AWS Connection (conn_id='minio_s3', conn_type='aws') credentials retrieved from login and password.
[2025-04-04T16:24:33.129+0000] {base.py:73} INFO - Using connection ID 'minio_s3' for task execution.
[2025-04-04T16:24:33.132+0000] {connection_wrapper.py:334} INFO - AWS Connection (conn_id='minio_s3', conn_type='aws') credentials retrieved from login and password.
[2025-04-04T16:24:45.523+0000] {base.py:73} INFO - Using connection ID 'minio_s3' for task execution.
[2025-04-04T16:24:45.555+0000] {connection_wrapper.py:334} INFO - AWS Connection (conn_id='minio_s3', conn_type='aws') credentials retrieved from login and password.
[2025-04-04T16:24:50.057+0000] {base.py:73} INFO - Using connection ID 'minio_s3' for task execution.
[2025-04-04T16:24:50.237+0000] {connection_wrapper.py:334} INFO - AWS Connection (conn_id='minio_s3', conn_type='aws') credentials retrieved from login and password.
[2025-04-04T16:24:54.588+0000] {base.py:73} INFO - Using connection ID 'minio_s3' for task execution.
[2025-04-04T16:24:54.594+0000] {connection_wrapper.py:334} INFO - AWS Connection (conn_id='minio_s3', conn_type='aws') credentials retrieved from login and password.
[2025-04-04T16:24:59.830+0000] {base.py:73} INFO - Using connection ID 'minio_s3' for task execution.
[2025-04-04T16:24:59.849+0000] {connection_wrapper.py:334} INFO - AWS Connection (conn_id='minio_s3', conn_type='aws') credentials retrieved from login and password.
[2025-04-04T16:25:04.392+0000] {base.py:73} INFO - Using connection ID 'minio_s3' for task execution.
[2025-04-04T16:25:04.408+0000] {connection_wrapper.py:334} INFO - AWS Connection (conn_id='minio_s3', conn_type='aws') credentials retrieved from login and password.
[2025-04-04T16:25:07.028+0000] {base.py:73} INFO - Using connection ID 'minio_s3' for task execution.
[2025-04-04T16:25:07.031+0000] {connection_wrapper.py:334} INFO - AWS Connection (conn_id='minio_s3', conn_type='aws') credentials retrieved from login and password.
[2025-04-04T16:25:08.064+0000] {local_task_job.py:273} WARNING - State of this instance has been externally set to failed. Terminating instance.
[2025-04-04T16:25:08.191+0000] {process_utils.py:133} INFO - Sending Signals.SIGTERM to group 998. PIDs of all processes in the group: [998]
[2025-04-04T16:25:08.203+0000] {process_utils.py:84} INFO - Sending the signal Signals.SIGTERM to group 998
[2025-04-04T16:25:08.228+0000] {taskinstance.py:1479} ERROR - Received SIGTERM. Terminating subprocesses.
[2025-04-04T16:25:08.230+0000] {entry_points.py:53} WARNING - Error when retrieving package metadata (skipping it): <importlib_metadata.PathDistribution object at 0x7fda7ef20490>, Task received SIGTERM signal
[2025-04-04T16:25:16.108+0000] {base.py:73} INFO - Using connection ID 'minio_s3' for task execution.
[2025-04-04T16:25:16.114+0000] {connection_wrapper.py:334} INFO - AWS Connection (conn_id='minio_s3', conn_type='aws') credentials retrieved from login and password.
[2025-04-04T16:25:20.750+0000] {base.py:73} INFO - Using connection ID 'minio_s3' for task execution.
[2025-04-04T16:25:20.753+0000] {connection_wrapper.py:334} INFO - AWS Connection (conn_id='minio_s3', conn_type='aws') credentials retrieved from login and password.
[2025-04-04T16:25:24.318+0000] {base.py:73} INFO - Using connection ID 'minio_s3' for task execution.
[2025-04-04T16:25:24.321+0000] {connection_wrapper.py:334} INFO - AWS Connection (conn_id='minio_s3', conn_type='aws') credentials retrieved from login and password.
[2025-04-04T16:25:29.844+0000] {base.py:73} INFO - Using connection ID 'minio_s3' for task execution.
[2025-04-04T16:25:29.908+0000] {connection_wrapper.py:334} INFO - AWS Connection (conn_id='minio_s3', conn_type='aws') credentials retrieved from login and password.
[2025-04-04T16:25:34.007+0000] {base.py:73} INFO - Using connection ID 'minio_s3' for task execution.
[2025-04-04T16:25:34.024+0000] {connection_wrapper.py:334} INFO - AWS Connection (conn_id='minio_s3', conn_type='aws') credentials retrieved from login and password.
[2025-04-04T16:25:36.542+0000] {base.py:73} INFO - Using connection ID 'minio_s3' for task execution.
[2025-04-04T16:25:36.545+0000] {connection_wrapper.py:334} INFO - AWS Connection (conn_id='minio_s3', conn_type='aws') credentials retrieved from login and password.
[2025-04-04T16:25:40.547+0000] {base.py:73} INFO - Using connection ID 'minio_s3' for task execution.
[2025-04-04T16:25:40.571+0000] {connection_wrapper.py:334} INFO - AWS Connection (conn_id='minio_s3', conn_type='aws') credentials retrieved from login and password.
[2025-04-04T16:25:43.661+0000] {base.py:73} INFO - Using connection ID 'minio_s3' for task execution.
[2025-04-04T16:25:43.667+0000] {connection_wrapper.py:334} INFO - AWS Connection (conn_id='minio_s3', conn_type='aws') credentials retrieved from login and password.
[2025-04-04T16:25:49.191+0000] {base.py:73} INFO - Using connection ID 'minio_s3' for task execution.
[2025-04-04T16:25:49.197+0000] {connection_wrapper.py:334} INFO - AWS Connection (conn_id='minio_s3', conn_type='aws') credentials retrieved from login and password.
[2025-04-04T16:25:52.144+0000] {base.py:73} INFO - Using connection ID 'minio_s3' for task execution.
[2025-04-04T16:25:52.148+0000] {connection_wrapper.py:334} INFO - AWS Connection (conn_id='minio_s3', conn_type='aws') credentials retrieved from login and password.
[2025-04-04T16:25:55.686+0000] {base.py:73} INFO - Using connection ID 'minio_s3' for task execution.
[2025-04-04T16:25:55.779+0000] {connection_wrapper.py:334} INFO - AWS Connection (conn_id='minio_s3', conn_type='aws') credentials retrieved from login and password.
[2025-04-04T16:25:59.409+0000] {base.py:73} INFO - Using connection ID 'minio_s3' for task execution.
[2025-04-04T16:25:59.412+0000] {connection_wrapper.py:334} INFO - AWS Connection (conn_id='minio_s3', conn_type='aws') credentials retrieved from login and password.
[2025-04-04T16:26:01.379+0000] {base.py:73} INFO - Using connection ID 'minio_s3' for task execution.
[2025-04-04T16:26:01.382+0000] {connection_wrapper.py:334} INFO - AWS Connection (conn_id='minio_s3', conn_type='aws') credentials retrieved from login and password.
[2025-04-04T16:26:03.870+0000] {base.py:73} INFO - Using connection ID 'minio_s3' for task execution.
[2025-04-04T16:26:03.884+0000] {connection_wrapper.py:334} INFO - AWS Connection (conn_id='minio_s3', conn_type='aws') credentials retrieved from login and password.
[2025-04-04T16:26:06.238+0000] {base.py:73} INFO - Using connection ID 'minio_s3' for task execution.
[2025-04-04T16:26:06.242+0000] {connection_wrapper.py:334} INFO - AWS Connection (conn_id='minio_s3', conn_type='aws') credentials retrieved from login and password.
[2025-04-04T16:26:08.240+0000] {process_utils.py:147} WARNING - process psutil.Process(pid=998, name='airflow task ru', status='running', started='15:49:31') did not respond to SIGTERM. Trying SIGKILL
[2025-04-04T16:26:08.454+0000] {process_utils.py:84} INFO - Sending the signal Signals.SIGKILL to group 998
[2025-04-04T16:26:08.603+0000] {process_utils.py:79} INFO - Process psutil.Process(pid=998, name='airflow task ru', status='terminated', exitcode=<Negsignal.SIGKILL: -9>, started='15:49:31') (998) terminated with exit code Negsignal.SIGKILL
[2025-04-04T16:26:08.610+0000] {standard_task_runner.py:170} ERROR - Job 823 was killed before it finished (likely due to running out of memory)
