[2025-04-04T09:24:48.230+0000] {taskinstance.py:1083} INFO - Dependencies all met for <TaskInstance: download_and_store_images.download_and_upload_images scheduled__2024-01-04T00:00:00+00:00 [queued]>
[2025-04-04T09:24:59.054+0000] {taskinstance.py:1083} INFO - Dependencies all met for <TaskInstance: download_and_store_images.download_and_upload_images scheduled__2024-01-04T00:00:00+00:00 [queued]>
[2025-04-04T09:24:59.101+0000] {taskinstance.py:1279} INFO - 
--------------------------------------------------------------------------------
[2025-04-04T09:24:59.118+0000] {taskinstance.py:1280} INFO - Starting attempt 2 of 2
[2025-04-04T09:24:59.245+0000] {taskinstance.py:1281} INFO - 
--------------------------------------------------------------------------------
[2025-04-04T09:25:01.882+0000] {taskinstance.py:1300} INFO - Executing <Task(PythonOperator): download_and_upload_images> on 2024-01-04 00:00:00+00:00
[2025-04-04T09:25:02.431+0000] {standard_task_runner.py:55} INFO - Started process 1779 to run task
[2025-04-04T09:25:02.695+0000] {standard_task_runner.py:82} INFO - Running: ['***', 'tasks', 'run', 'download_and_store_images', 'download_and_upload_images', 'scheduled__2024-01-04T00:00:00+00:00', '--job-id', '772', '--raw', '--subdir', 'DAGS_FOLDER/dag_data_collect.py', '--cfg-path', '/tmp/tmp5ugmmeqr']
[2025-04-04T09:25:02.702+0000] {standard_task_runner.py:83} INFO - Job 772: Subtask download_and_upload_images
[2025-04-04T09:25:03.785+0000] {warnings.py:110} WARNING - /home/***/.local/lib/python3.7/site-packages/***/settings.py:249: DeprecationWarning: The sql_alchemy_conn option in [core] has been moved to the sql_alchemy_conn option in [database] - the old setting has been used, but please update your config.
  SQL_ALCHEMY_CONN = conf.get("database", "SQL_ALCHEMY_CONN")

[2025-04-04T09:25:06.551+0000] {warnings.py:110} WARNING - /home/***/.local/lib/python3.7/site-packages/***/utils/sqlalchemy.py:124: DeprecationWarning: The sql_alchemy_conn option in [core] has been moved to the sql_alchemy_conn option in [database] - the old setting has been used, but please update your config.
  return not conf.get("database", "sql_alchemy_conn").startswith("mssql")

[2025-04-04T09:26:26.479+0000] {task_command.py:388} INFO - Running <TaskInstance: download_and_store_images.download_and_upload_images scheduled__2024-01-04T00:00:00+00:00 [running]> on host 91a2461e5846
[2025-04-04T09:26:35.731+0000] {taskinstance.py:1509} INFO - Exporting the following env vars:
AIRFLOW_CTX_DAG_OWNER=***
AIRFLOW_CTX_DAG_ID=download_and_store_images
AIRFLOW_CTX_TASK_ID=download_and_upload_images
AIRFLOW_CTX_EXECUTION_DATE=2024-01-04T00:00:00+00:00
AIRFLOW_CTX_TRY_NUMBER=2
AIRFLOW_CTX_DAG_RUN_ID=scheduled__2024-01-04T00:00:00+00:00
[2025-04-04T09:26:39.750+0000] {base.py:73} INFO - Using connection ID 'minio_s3' for task execution.
[2025-04-04T09:26:39.776+0000] {connection_wrapper.py:334} INFO - AWS Connection (conn_id='minio_s3', conn_type='aws') credentials retrieved from login and password.
[2025-04-04T09:26:39.807+0000] {warnings.py:110} WARNING - /home/***/.local/lib/python3.7/site-packages/***/providers/amazon/aws/utils/connection_wrapper.py:8: DeprecationWarning: extra['host'] is deprecated and will be removed in a future release. Please set extra['endpoint_url'] instead
  #

[2025-04-04T09:30:08.838+0000] {base.py:73} INFO - Using connection ID 'minio_s3' for task execution.
[2025-04-04T09:30:08.891+0000] {connection_wrapper.py:334} INFO - AWS Connection (conn_id='minio_s3', conn_type='aws') credentials retrieved from login and password.
[2025-04-04T09:30:14.100+0000] {local_task_job.py:112} ERROR - Received SIGTERM. Terminating subprocesses
[2025-04-04T09:30:14.448+0000] {process_utils.py:133} INFO - Sending Signals.SIGTERM to group 1779. PIDs of all processes in the group: [1779]
[2025-04-04T09:30:14.457+0000] {process_utils.py:84} INFO - Sending the signal Signals.SIGTERM to group 1779
[2025-04-04T09:30:14.500+0000] {taskinstance.py:1479} ERROR - Received SIGTERM. Terminating subprocesses.
[2025-04-04T09:30:14.727+0000] {entry_points.py:53} WARNING - Error when retrieving package metadata (skipping it): <importlib_metadata.PathDistribution object at 0x7faa59deb390>, Task received SIGTERM signal
