[2025-04-04T09:05:36.282+0000] {taskinstance.py:1083} INFO - Dependencies all met for <TaskInstance: download_and_store_images.download_images scheduled__2023-10-13T00:00:00+00:00 [queued]>
[2025-04-04T09:05:36.324+0000] {taskinstance.py:1083} INFO - Dependencies all met for <TaskInstance: download_and_store_images.download_images scheduled__2023-10-13T00:00:00+00:00 [queued]>
[2025-04-04T09:05:36.325+0000] {taskinstance.py:1279} INFO - 
--------------------------------------------------------------------------------
[2025-04-04T09:05:36.327+0000] {taskinstance.py:1280} INFO - Starting attempt 1 of 2
[2025-04-04T09:05:36.327+0000] {taskinstance.py:1281} INFO - 
--------------------------------------------------------------------------------
[2025-04-04T09:05:36.422+0000] {taskinstance.py:1300} INFO - Executing <Task(PythonOperator): download_images> on 2023-10-13 00:00:00+00:00
[2025-04-04T09:05:36.431+0000] {standard_task_runner.py:55} INFO - Started process 2300 to run task
[2025-04-04T09:05:36.444+0000] {standard_task_runner.py:82} INFO - Running: ['***', 'tasks', 'run', 'download_and_store_images', 'download_images', 'scheduled__2023-10-13T00:00:00+00:00', '--job-id', '569', '--raw', '--subdir', 'DAGS_FOLDER/dag_data_collect.py', '--cfg-path', '/tmp/tmppwqf8cpk']
[2025-04-04T09:05:36.448+0000] {standard_task_runner.py:83} INFO - Job 569: Subtask download_images
[2025-04-04T09:05:36.554+0000] {warnings.py:110} WARNING - /home/***/.local/lib/python3.7/site-packages/***/settings.py:249: DeprecationWarning: The sql_alchemy_conn option in [core] has been moved to the sql_alchemy_conn option in [database] - the old setting has been used, but please update your config.
  SQL_ALCHEMY_CONN = conf.get("database", "SQL_ALCHEMY_CONN")

[2025-04-04T09:05:36.747+0000] {warnings.py:110} WARNING - /home/***/.local/lib/python3.7/site-packages/***/utils/sqlalchemy.py:124: DeprecationWarning: The sql_alchemy_conn option in [core] has been moved to the sql_alchemy_conn option in [database] - the old setting has been used, but please update your config.
  return not conf.get("database", "sql_alchemy_conn").startswith("mssql")

[2025-04-04T09:05:36.868+0000] {task_command.py:388} INFO - Running <TaskInstance: download_and_store_images.download_images scheduled__2023-10-13T00:00:00+00:00 [running]> on host 91a2461e5846
[2025-04-04T09:05:37.203+0000] {taskinstance.py:1509} INFO - Exporting the following env vars:
AIRFLOW_CTX_DAG_OWNER=***
AIRFLOW_CTX_DAG_ID=download_and_store_images
AIRFLOW_CTX_TASK_ID=download_images
AIRFLOW_CTX_EXECUTION_DATE=2023-10-13T00:00:00+00:00
AIRFLOW_CTX_TRY_NUMBER=1
AIRFLOW_CTX_DAG_RUN_ID=scheduled__2023-10-13T00:00:00+00:00
[2025-04-04T09:05:37.514+0000] {python.py:177} INFO - Done. Returned value was: [None, None]
[2025-04-04T09:05:37.727+0000] {taskinstance.py:1323} INFO - Marking task as SUCCESS. dag_id=download_and_store_images, task_id=download_images, execution_date=20231013T000000, start_date=20250404T090536, end_date=20250404T090537
[2025-04-04T09:05:37.904+0000] {local_task_job.py:208} INFO - Task exited with return code 0
[2025-04-04T09:05:38.030+0000] {taskinstance.py:2578} INFO - 1 downstream tasks scheduled from follow-on schedule check
