[2025-04-04T09:04:28.224+0000] {taskinstance.py:1083} INFO - Dependencies all met for <TaskInstance: download_and_store_images.download_images scheduled__2023-09-08T00:00:00+00:00 [queued]>
[2025-04-04T09:04:28.243+0000] {taskinstance.py:1083} INFO - Dependencies all met for <TaskInstance: download_and_store_images.download_images scheduled__2023-09-08T00:00:00+00:00 [queued]>
[2025-04-04T09:04:28.245+0000] {taskinstance.py:1279} INFO - 
--------------------------------------------------------------------------------
[2025-04-04T09:04:28.246+0000] {taskinstance.py:1280} INFO - Starting attempt 1 of 2
[2025-04-04T09:04:28.246+0000] {taskinstance.py:1281} INFO - 
--------------------------------------------------------------------------------
[2025-04-04T09:04:28.313+0000] {taskinstance.py:1300} INFO - Executing <Task(PythonOperator): download_images> on 2023-09-08 00:00:00+00:00
[2025-04-04T09:04:28.334+0000] {standard_task_runner.py:55} INFO - Started process 2016 to run task
[2025-04-04T09:04:28.354+0000] {standard_task_runner.py:82} INFO - Running: ['***', 'tasks', 'run', 'download_and_store_images', 'download_images', 'scheduled__2023-09-08T00:00:00+00:00', '--job-id', '499', '--raw', '--subdir', 'DAGS_FOLDER/dag_data_collect.py', '--cfg-path', '/tmp/tmp5l__5y4o']
[2025-04-04T09:04:28.356+0000] {standard_task_runner.py:83} INFO - Job 499: Subtask download_images
[2025-04-04T09:04:28.383+0000] {warnings.py:110} WARNING - /home/***/.local/lib/python3.7/site-packages/***/settings.py:249: DeprecationWarning: The sql_alchemy_conn option in [core] has been moved to the sql_alchemy_conn option in [database] - the old setting has been used, but please update your config.
  SQL_ALCHEMY_CONN = conf.get("database", "SQL_ALCHEMY_CONN")

[2025-04-04T09:04:28.435+0000] {warnings.py:110} WARNING - /home/***/.local/lib/python3.7/site-packages/***/utils/sqlalchemy.py:124: DeprecationWarning: The sql_alchemy_conn option in [core] has been moved to the sql_alchemy_conn option in [database] - the old setting has been used, but please update your config.
  return not conf.get("database", "sql_alchemy_conn").startswith("mssql")

[2025-04-04T09:04:28.538+0000] {task_command.py:388} INFO - Running <TaskInstance: download_and_store_images.download_images scheduled__2023-09-08T00:00:00+00:00 [running]> on host 91a2461e5846
[2025-04-04T09:04:28.787+0000] {taskinstance.py:1509} INFO - Exporting the following env vars:
AIRFLOW_CTX_DAG_OWNER=***
AIRFLOW_CTX_DAG_ID=download_and_store_images
AIRFLOW_CTX_TASK_ID=download_images
AIRFLOW_CTX_EXECUTION_DATE=2023-09-08T00:00:00+00:00
AIRFLOW_CTX_TRY_NUMBER=1
AIRFLOW_CTX_DAG_RUN_ID=scheduled__2023-09-08T00:00:00+00:00
[2025-04-04T09:04:29.047+0000] {python.py:177} INFO - Done. Returned value was: [None, None]
[2025-04-04T09:04:29.144+0000] {taskinstance.py:1323} INFO - Marking task as SUCCESS. dag_id=download_and_store_images, task_id=download_images, execution_date=20230908T000000, start_date=20250404T090428, end_date=20250404T090429
[2025-04-04T09:04:29.213+0000] {local_task_job.py:208} INFO - Task exited with return code 0
[2025-04-04T09:04:29.297+0000] {taskinstance.py:2578} INFO - 1 downstream tasks scheduled from follow-on schedule check
