[2025-04-04T08:59:15.252+0000] {taskinstance.py:1083} INFO - Dependencies all met for <TaskInstance: download_and_store_images.upload_images scheduled__2023-03-14T00:00:00+00:00 [queued]>
[2025-04-04T08:59:15.436+0000] {taskinstance.py:1083} INFO - Dependencies all met for <TaskInstance: download_and_store_images.upload_images scheduled__2023-03-14T00:00:00+00:00 [queued]>
[2025-04-04T08:59:15.447+0000] {taskinstance.py:1279} INFO - 
--------------------------------------------------------------------------------
[2025-04-04T08:59:15.451+0000] {taskinstance.py:1280} INFO - Starting attempt 1 of 2
[2025-04-04T08:59:15.455+0000] {taskinstance.py:1281} INFO - 
--------------------------------------------------------------------------------
[2025-04-04T08:59:16.038+0000] {taskinstance.py:1300} INFO - Executing <Task(PythonOperator): upload_images> on 2023-03-14 00:00:00+00:00
[2025-04-04T08:59:16.066+0000] {standard_task_runner.py:55} INFO - Started process 627 to run task
[2025-04-04T08:59:16.111+0000] {standard_task_runner.py:82} INFO - Running: ['***', 'tasks', 'run', 'download_and_store_images', 'upload_images', 'scheduled__2023-03-14T00:00:00+00:00', '--job-id', '154', '--raw', '--subdir', 'DAGS_FOLDER/dagv2_data_collect.py', '--cfg-path', '/tmp/tmp7zc9ow3y']
[2025-04-04T08:59:16.121+0000] {standard_task_runner.py:83} INFO - Job 154: Subtask upload_images
[2025-04-04T08:59:16.258+0000] {warnings.py:110} WARNING - /home/***/.local/lib/python3.7/site-packages/***/settings.py:249: DeprecationWarning: The sql_alchemy_conn option in [core] has been moved to the sql_alchemy_conn option in [database] - the old setting has been used, but please update your config.
  SQL_ALCHEMY_CONN = conf.get("database", "SQL_ALCHEMY_CONN")

[2025-04-04T08:59:16.471+0000] {warnings.py:110} WARNING - /home/***/.local/lib/python3.7/site-packages/***/utils/sqlalchemy.py:124: DeprecationWarning: The sql_alchemy_conn option in [core] has been moved to the sql_alchemy_conn option in [database] - the old setting has been used, but please update your config.
  return not conf.get("database", "sql_alchemy_conn").startswith("mssql")

[2025-04-04T08:59:16.696+0000] {task_command.py:388} INFO - Running <TaskInstance: download_and_store_images.upload_images scheduled__2023-03-14T00:00:00+00:00 [running]> on host 91a2461e5846
[2025-04-04T08:59:17.768+0000] {taskinstance.py:1509} INFO - Exporting the following env vars:
AIRFLOW_CTX_DAG_OWNER=***
AIRFLOW_CTX_DAG_ID=download_and_store_images
AIRFLOW_CTX_TASK_ID=upload_images
AIRFLOW_CTX_EXECUTION_DATE=2023-03-14T00:00:00+00:00
AIRFLOW_CTX_TRY_NUMBER=1
AIRFLOW_CTX_DAG_RUN_ID=scheduled__2023-03-14T00:00:00+00:00
[2025-04-04T08:59:17.863+0000] {base.py:73} INFO - Using connection ID 'minio_s3' for task execution.
[2025-04-04T08:59:17.865+0000] {connection_wrapper.py:334} INFO - AWS Connection (conn_id='minio_s3', conn_type='aws') credentials retrieved from login and password.
[2025-04-04T08:59:17.867+0000] {warnings.py:110} WARNING - /home/***/.local/lib/python3.7/site-packages/***/providers/amazon/aws/utils/connection_wrapper.py:8: DeprecationWarning: extra['host'] is deprecated and will be removed in a future release. Please set extra['endpoint_url'] instead
  #

[2025-04-04T08:59:23.045+0000] {base.py:73} INFO - Using connection ID 'minio_s3' for task execution.
[2025-04-04T08:59:23.058+0000] {connection_wrapper.py:334} INFO - AWS Connection (conn_id='minio_s3', conn_type='aws') credentials retrieved from login and password.
[2025-04-04T08:59:24.815+0000] {python.py:177} INFO - Done. Returned value was: [None, None]
[2025-04-04T08:59:24.874+0000] {taskinstance.py:1323} INFO - Marking task as SUCCESS. dag_id=download_and_store_images, task_id=upload_images, execution_date=20230314T000000, start_date=20250404T085915, end_date=20250404T085924
[2025-04-04T08:59:24.962+0000] {local_task_job.py:208} INFO - Task exited with return code 0
[2025-04-04T08:59:25.212+0000] {taskinstance.py:2578} INFO - 0 downstream tasks scheduled from follow-on schedule check
